2025-01-02 [restartedMain] INFO com.lynnwork.sobblogsystem.SobBlogSystemApplication o.s.b.StartupInfoLogger - Starting SobBlogSystemApplication using Java 1.8.0_301 on DESKTOP-BOJ5191 with PID 15500 (C:\Users\kyle\Desktop\阳光沙滩工具\dev_demo\blog_system_backend\target\classes started by kyle in C:\Users\kyle\Desktop\阳光沙滩工具\dev_demo\blog_system_backend) 
2025-01-02 [restartedMain] INFO com.lynnwork.sobblogsystem.SobBlogSystemApplication o.s.b.SpringApplication - The following 1 profile is active: "dev" 
2025-01-02 [restartedMain] INFO com.lynnwork.sobblogsystem.SobBlogSystemApplication o.s.b.StartupInfoLogger - Started SobBlogSystemApplication in 97.172 seconds (JVM running for 99.63) 
2025-01-02 [restartedMain] INFO com.lynnwork.sobblogsystem.SobBlogSystemApplication o.s.b.StartupInfoLogger - Starting SobBlogSystemApplication using Java 1.8.0_301 on DESKTOP-BOJ5191 with PID 15004 (C:\Users\kyle\Desktop\阳光沙滩工具\dev_demo\blog_system_backend\target\classes started by kyle in C:\Users\kyle\Desktop\阳光沙滩工具\dev_demo\blog_system_backend) 
2025-01-02 [restartedMain] INFO com.lynnwork.sobblogsystem.SobBlogSystemApplication o.s.b.SpringApplication - The following 1 profile is active: "dev" 
2025-01-02 [restartedMain] INFO com.lynnwork.sobblogsystem.SobBlogSystemApplication o.s.b.StartupInfoLogger - Started SobBlogSystemApplication in 9.493 seconds (JVM running for 11.981) 
2025-01-02 [restartedMain] INFO com.lynnwork.sobblogsystem.SobBlogSystemApplication o.s.b.StartupInfoLogger - Starting SobBlogSystemApplication using Java 1.8.0_301 on DESKTOP-BOJ5191 with PID 15004 (C:\Users\kyle\Desktop\阳光沙滩工具\dev_demo\blog_system_backend\target\classes started by kyle in C:\Users\kyle\Desktop\阳光沙滩工具\dev_demo\blog_system_backend) 
2025-01-02 [restartedMain] INFO com.lynnwork.sobblogsystem.SobBlogSystemApplication o.s.b.SpringApplication - The following 1 profile is active: "dev" 
2025-01-02 [restartedMain] INFO com.lynnwork.sobblogsystem.SobBlogSystemApplication o.s.b.StartupInfoLogger - Starting SobBlogSystemApplication using Java 1.8.0_301 on DESKTOP-BOJ5191 with PID 15004 (C:\Users\kyle\Desktop\阳光沙滩工具\dev_demo\blog_system_backend\target\classes started by kyle in C:\Users\kyle\Desktop\阳光沙滩工具\dev_demo\blog_system_backend) 
2025-01-02 [restartedMain] INFO com.lynnwork.sobblogsystem.SobBlogSystemApplication o.s.b.SpringApplication - The following 1 profile is active: "dev" 
2025-01-02 [restartedMain] INFO com.lynnwork.sobblogsystem.SobBlogSystemApplication o.s.b.StartupInfoLogger - Started SobBlogSystemApplication in 2.55 seconds (JVM running for 670.508) 
2025-01-02 [restartedMain] INFO com.lynnwork.sobblogsystem.SobBlogSystemApplication o.s.b.StartupInfoLogger - Starting SobBlogSystemApplication using Java 1.8.0_301 on DESKTOP-BOJ5191 with PID 16708 (C:\Users\kyle\Desktop\阳光沙滩工具\dev_demo\blog_system_backend\target\classes started by kyle in C:\Users\kyle\Desktop\阳光沙滩工具\dev_demo\blog_system_backend) 
2025-01-02 [restartedMain] INFO com.lynnwork.sobblogsystem.SobBlogSystemApplication o.s.b.SpringApplication - The following 1 profile is active: "dev" 
2025-01-02 [restartedMain] INFO com.lynnwork.sobblogsystem.SobBlogSystemApplication o.s.b.StartupInfoLogger - Starting SobBlogSystemApplication using Java 1.8.0_301 on DESKTOP-BOJ5191 with PID 17288 (C:\Users\kyle\Desktop\阳光沙滩工具\dev_demo\blog_system_backend\target\classes started by kyle in C:\Users\kyle\Desktop\阳光沙滩工具\dev_demo\blog_system_backend) 
2025-01-02 [restartedMain] INFO com.lynnwork.sobblogsystem.SobBlogSystemApplication o.s.b.SpringApplication - The following 1 profile is active: "dev" 
2025-01-02 [restartedMain] INFO com.lynnwork.sobblogsystem.SobBlogSystemApplication o.s.b.StartupInfoLogger - Starting SobBlogSystemApplication using Java 1.8.0_301 on DESKTOP-BOJ5191 with PID 11448 (C:\Users\kyle\Desktop\阳光沙滩工具\dev_demo\blog_system_backend\target\classes started by kyle in C:\Users\kyle\Desktop\阳光沙滩工具\dev_demo\blog_system_backend) 
2025-01-02 [restartedMain] INFO com.lynnwork.sobblogsystem.SobBlogSystemApplication o.s.b.SpringApplication - The following 1 profile is active: "dev" 
2025-01-02 [restartedMain] INFO com.lynnwork.sobblogsystem.SobBlogSystemApplication o.s.b.StartupInfoLogger - Started SobBlogSystemApplication in 8.437 seconds (JVM running for 10.077) 
2025-01-02 [restartedMain] INFO com.lynnwork.sobblogsystem.SobBlogSystemApplication o.s.b.StartupInfoLogger - Starting SobBlogSystemApplication using Java 1.8.0_301 on DESKTOP-BOJ5191 with PID 11448 (C:\Users\kyle\Desktop\阳光沙滩工具\dev_demo\blog_system_backend\target\classes started by kyle in C:\Users\kyle\Desktop\阳光沙滩工具\dev_demo\blog_system_backend) 
2025-01-02 [restartedMain] INFO com.lynnwork.sobblogsystem.SobBlogSystemApplication o.s.b.SpringApplication - The following 1 profile is active: "dev" 
2025-01-02 [restartedMain] INFO com.lynnwork.sobblogsystem.SobBlogSystemApplication o.s.b.StartupInfoLogger - Starting SobBlogSystemApplication using Java 1.8.0_301 on DESKTOP-BOJ5191 with PID 11448 (C:\Users\kyle\Desktop\阳光沙滩工具\dev_demo\blog_system_backend\target\classes started by kyle in C:\Users\kyle\Desktop\阳光沙滩工具\dev_demo\blog_system_backend) 
2025-01-02 [restartedMain] INFO com.lynnwork.sobblogsystem.SobBlogSystemApplication o.s.b.SpringApplication - The following 1 profile is active: "dev" 
2025-01-02 [restartedMain] INFO com.lynnwork.sobblogsystem.SobBlogSystemApplication o.s.b.StartupInfoLogger - Started SobBlogSystemApplication in 3.208 seconds (JVM running for 647.652) 
2025-01-02 [http-nio-8090-exec-9] INFO com.lynnwork.sobblogsystem.service.impl.ImageServiceImpl c.l.s.s.i.ImageServiceImpl - contentType==>image/jpeg 
2025-01-02 [http-nio-8090-exec-9] INFO com.lynnwork.sobblogsystem.service.impl.ImageServiceImpl c.l.s.s.i.ImageServiceImpl - originalFileName==>avatar.jpg 
2025-01-02 [http-nio-8090-exec-9] INFO com.lynnwork.sobblogsystem.service.impl.ImageServiceImpl c.l.s.s.i.ImageServiceImpl - maxsize2097152,size43298 
2025-01-02 [http-nio-8090-exec-9] INFO com.lynnwork.sobblogsystem.service.impl.ImageServiceImpl c.l.s.s.i.ImageServiceImpl - currentDate:2025_01_02 
2025-01-02 [restartedMain] INFO com.lynnwork.sobblogsystem.SobBlogSystemApplication o.s.b.StartupInfoLogger - Starting SobBlogSystemApplication using Java 1.8.0_301 on DESKTOP-BOJ5191 with PID 11448 (C:\Users\kyle\Desktop\阳光沙滩工具\dev_demo\blog_system_backend\target\classes started by kyle in C:\Users\kyle\Desktop\阳光沙滩工具\dev_demo\blog_system_backend) 
2025-01-02 [restartedMain] INFO com.lynnwork.sobblogsystem.SobBlogSystemApplication o.s.b.SpringApplication - The following 1 profile is active: "dev" 
2025-01-02 [restartedMain] INFO com.lynnwork.sobblogsystem.SobBlogSystemApplication o.s.b.StartupInfoLogger - Starting SobBlogSystemApplication using Java 1.8.0_301 on DESKTOP-BOJ5191 with PID 11448 (C:\Users\kyle\Desktop\阳光沙滩工具\dev_demo\blog_system_backend\target\classes started by kyle in C:\Users\kyle\Desktop\阳光沙滩工具\dev_demo\blog_system_backend) 
2025-01-02 [restartedMain] INFO com.lynnwork.sobblogsystem.SobBlogSystemApplication o.s.b.SpringApplication - The following 1 profile is active: "dev" 
2025-01-02 [restartedMain] INFO com.lynnwork.sobblogsystem.SobBlogSystemApplication o.s.b.StartupInfoLogger - Started SobBlogSystemApplication in 3.405 seconds (JVM running for 1257.098) 
2025-01-02 [restartedMain] INFO com.lynnwork.sobblogsystem.SobBlogSystemApplication o.s.b.StartupInfoLogger - Starting SobBlogSystemApplication using Java 1.8.0_301 on DESKTOP-BOJ5191 with PID 11448 (C:\Users\kyle\Desktop\阳光沙滩工具\dev_demo\blog_system_backend\target\classes started by kyle in C:\Users\kyle\Desktop\阳光沙滩工具\dev_demo\blog_system_backend) 
2025-01-02 [restartedMain] INFO com.lynnwork.sobblogsystem.SobBlogSystemApplication o.s.b.SpringApplication - The following 1 profile is active: "dev" 
2025-01-02 [restartedMain] INFO com.lynnwork.sobblogsystem.SobBlogSystemApplication o.s.b.StartupInfoLogger - Starting SobBlogSystemApplication using Java 1.8.0_301 on DESKTOP-BOJ5191 with PID 11448 (C:\Users\kyle\Desktop\阳光沙滩工具\dev_demo\blog_system_backend\target\classes started by kyle in C:\Users\kyle\Desktop\阳光沙滩工具\dev_demo\blog_system_backend) 
2025-01-02 [restartedMain] INFO com.lynnwork.sobblogsystem.SobBlogSystemApplication o.s.b.SpringApplication - The following 1 profile is active: "dev" 
2025-01-02 [restartedMain] INFO com.lynnwork.sobblogsystem.SobBlogSystemApplication o.s.b.StartupInfoLogger - Started SobBlogSystemApplication in 2.391 seconds (JVM running for 2262.357) 
2025-01-02 [restartedMain] INFO com.lynnwork.sobblogsystem.SobBlogSystemApplication o.s.b.StartupInfoLogger - Starting SobBlogSystemApplication using Java 1.8.0_301 on DESKTOP-BOJ5191 with PID 11448 (C:\Users\kyle\Desktop\阳光沙滩工具\dev_demo\blog_system_backend\target\classes started by kyle in C:\Users\kyle\Desktop\阳光沙滩工具\dev_demo\blog_system_backend) 
2025-01-02 [restartedMain] INFO com.lynnwork.sobblogsystem.SobBlogSystemApplication o.s.b.SpringApplication - The following 1 profile is active: "dev" 
2025-01-02 [restartedMain] INFO com.lynnwork.sobblogsystem.SobBlogSystemApplication o.s.b.StartupInfoLogger - Starting SobBlogSystemApplication using Java 1.8.0_301 on DESKTOP-BOJ5191 with PID 11448 (C:\Users\kyle\Desktop\阳光沙滩工具\dev_demo\blog_system_backend\target\classes started by kyle in C:\Users\kyle\Desktop\阳光沙滩工具\dev_demo\blog_system_backend) 
2025-01-02 [restartedMain] INFO com.lynnwork.sobblogsystem.SobBlogSystemApplication o.s.b.SpringApplication - The following 1 profile is active: "dev" 
2025-01-02 [restartedMain] INFO com.lynnwork.sobblogsystem.SobBlogSystemApplication o.s.b.StartupInfoLogger - Started SobBlogSystemApplication in 2.164 seconds (JVM running for 2657.188) 
2025-01-02 [restartedMain] INFO com.lynnwork.sobblogsystem.SobBlogSystemApplication o.s.b.StartupInfoLogger - Starting SobBlogSystemApplication using Java 1.8.0_301 on DESKTOP-BOJ5191 with PID 11448 (C:\Users\kyle\Desktop\阳光沙滩工具\dev_demo\blog_system_backend\target\classes started by kyle in C:\Users\kyle\Desktop\阳光沙滩工具\dev_demo\blog_system_backend) 
2025-01-02 [restartedMain] INFO com.lynnwork.sobblogsystem.SobBlogSystemApplication o.s.b.SpringApplication - The following 1 profile is active: "dev" 
2025-01-02 [restartedMain] INFO com.lynnwork.sobblogsystem.SobBlogSystemApplication o.s.b.StartupInfoLogger - Starting SobBlogSystemApplication using Java 1.8.0_301 on DESKTOP-BOJ5191 with PID 11448 (C:\Users\kyle\Desktop\阳光沙滩工具\dev_demo\blog_system_backend\target\classes started by kyle in C:\Users\kyle\Desktop\阳光沙滩工具\dev_demo\blog_system_backend) 
2025-01-02 [restartedMain] INFO com.lynnwork.sobblogsystem.SobBlogSystemApplication o.s.b.SpringApplication - The following 1 profile is active: "dev" 
2025-01-02 [restartedMain] INFO com.lynnwork.sobblogsystem.SobBlogSystemApplication o.s.b.StartupInfoLogger - Started SobBlogSystemApplication in 2.405 seconds (JVM running for 2751.369) 
2025-01-02 [restartedMain] INFO com.lynnwork.sobblogsystem.SobBlogSystemApplication o.s.b.StartupInfoLogger - Starting SobBlogSystemApplication using Java 1.8.0_301 on DESKTOP-BOJ5191 with PID 11448 (C:\Users\kyle\Desktop\阳光沙滩工具\dev_demo\blog_system_backend\target\classes started by kyle in C:\Users\kyle\Desktop\阳光沙滩工具\dev_demo\blog_system_backend) 
2025-01-02 [restartedMain] INFO com.lynnwork.sobblogsystem.SobBlogSystemApplication o.s.b.SpringApplication - The following 1 profile is active: "dev" 
2025-01-02 [restartedMain] INFO com.lynnwork.sobblogsystem.SobBlogSystemApplication o.s.b.StartupInfoLogger - Starting SobBlogSystemApplication using Java 1.8.0_301 on DESKTOP-BOJ5191 with PID 11448 (C:\Users\kyle\Desktop\阳光沙滩工具\dev_demo\blog_system_backend\target\classes started by kyle in C:\Users\kyle\Desktop\阳光沙滩工具\dev_demo\blog_system_backend) 
2025-01-02 [restartedMain] INFO com.lynnwork.sobblogsystem.SobBlogSystemApplication o.s.b.SpringApplication - The following 1 profile is active: "dev" 
2025-01-02 [restartedMain] INFO com.lynnwork.sobblogsystem.SobBlogSystemApplication o.s.b.StartupInfoLogger - Started SobBlogSystemApplication in 2.389 seconds (JVM running for 3243.422) 
2025-01-02 [restartedMain] INFO com.lynnwork.sobblogsystem.SobBlogSystemApplication o.s.b.StartupInfoLogger - Starting SobBlogSystemApplication using Java 1.8.0_301 on DESKTOP-BOJ5191 with PID 11448 (C:\Users\kyle\Desktop\阳光沙滩工具\dev_demo\blog_system_backend\target\classes started by kyle in C:\Users\kyle\Desktop\阳光沙滩工具\dev_demo\blog_system_backend) 
2025-01-02 [restartedMain] INFO com.lynnwork.sobblogsystem.SobBlogSystemApplication o.s.b.SpringApplication - The following 1 profile is active: "dev" 
2025-01-02 [restartedMain] INFO com.lynnwork.sobblogsystem.SobBlogSystemApplication o.s.b.StartupInfoLogger - Starting SobBlogSystemApplication using Java 1.8.0_301 on DESKTOP-BOJ5191 with PID 11448 (C:\Users\kyle\Desktop\阳光沙滩工具\dev_demo\blog_system_backend\target\classes started by kyle in C:\Users\kyle\Desktop\阳光沙滩工具\dev_demo\blog_system_backend) 
2025-01-02 [restartedMain] INFO com.lynnwork.sobblogsystem.SobBlogSystemApplication o.s.b.SpringApplication - The following 1 profile is active: "dev" 
2025-01-02 [restartedMain] INFO com.lynnwork.sobblogsystem.SobBlogSystemApplication o.s.b.StartupInfoLogger - Started SobBlogSystemApplication in 2.495 seconds (JVM running for 3934.115) 
2025-01-02 [restartedMain] INFO com.lynnwork.sobblogsystem.SobBlogSystemApplication o.s.b.StartupInfoLogger - Starting SobBlogSystemApplication using Java 1.8.0_301 on DESKTOP-BOJ5191 with PID 16852 (C:\Users\kyle\Desktop\阳光沙滩工具\dev_demo\blog_system_backend\target\classes started by kyle in C:\Users\kyle\Desktop\阳光沙滩工具\dev_demo\blog_system_backend) 
2025-01-02 [restartedMain] INFO com.lynnwork.sobblogsystem.SobBlogSystemApplication o.s.b.SpringApplication - The following 1 profile is active: "dev" 
2025-01-02 [restartedMain] INFO com.lynnwork.sobblogsystem.SobBlogSystemApplication o.s.b.StartupInfoLogger - Started SobBlogSystemApplication in 9.477 seconds (JVM running for 11.367) 
2025-01-02 [restartedMain] INFO com.lynnwork.sobblogsystem.SobBlogSystemApplication o.s.b.StartupInfoLogger - Starting SobBlogSystemApplication using Java 1.8.0_301 on DESKTOP-BOJ5191 with PID 7600 (C:\Users\kyle\Desktop\阳光沙滩工具\dev_demo\blog_system_backend\target\classes started by kyle in C:\Users\kyle\Desktop\阳光沙滩工具\dev_demo\blog_system_backend) 
2025-01-02 [restartedMain] INFO com.lynnwork.sobblogsystem.SobBlogSystemApplication o.s.b.SpringApplication - The following 1 profile is active: "dev" 
2025-01-02 [restartedMain] INFO com.lynnwork.sobblogsystem.SobBlogSystemApplication o.s.b.StartupInfoLogger - Started SobBlogSystemApplication in 7.884 seconds (JVM running for 10.342) 
2025-01-02 [restartedMain] INFO com.lynnwork.sobblogsystem.SobBlogSystemApplication o.s.b.StartupInfoLogger - Starting SobBlogSystemApplication using Java 1.8.0_301 on DESKTOP-BOJ5191 with PID 7600 (C:\Users\kyle\Desktop\阳光沙滩工具\dev_demo\blog_system_backend\target\classes started by kyle in C:\Users\kyle\Desktop\阳光沙滩工具\dev_demo\blog_system_backend) 
2025-01-02 [restartedMain] INFO com.lynnwork.sobblogsystem.SobBlogSystemApplication o.s.b.SpringApplication - The following 1 profile is active: "dev" 
2025-01-02 [restartedMain] INFO com.lynnwork.sobblogsystem.SobBlogSystemApplication o.s.b.StartupInfoLogger - Starting SobBlogSystemApplication using Java 1.8.0_301 on DESKTOP-BOJ5191 with PID 7600 (C:\Users\kyle\Desktop\阳光沙滩工具\dev_demo\blog_system_backend\target\classes started by kyle in C:\Users\kyle\Desktop\阳光沙滩工具\dev_demo\blog_system_backend) 
2025-01-02 [restartedMain] INFO com.lynnwork.sobblogsystem.SobBlogSystemApplication o.s.b.SpringApplication - The following 1 profile is active: "dev" 
2025-01-02 [restartedMain] INFO com.lynnwork.sobblogsystem.SobBlogSystemApplication o.s.b.StartupInfoLogger - Started SobBlogSystemApplication in 2.421 seconds (JVM running for 192.074) 
2025-01-02 [http-nio-8090-exec-1] INFO com.lynnwork.sobblogsystem.service.impl.ImageServiceImpl c.l.s.s.i.ImageServiceImpl - type===>null 
2025-01-02 [restartedMain] INFO com.lynnwork.sobblogsystem.SobBlogSystemApplication o.s.b.StartupInfoLogger - Starting SobBlogSystemApplication using Java 1.8.0_301 on DESKTOP-BOJ5191 with PID 7600 (C:\Users\kyle\Desktop\阳光沙滩工具\dev_demo\blog_system_backend\target\classes started by kyle in C:\Users\kyle\Desktop\阳光沙滩工具\dev_demo\blog_system_backend) 
2025-01-02 [restartedMain] INFO com.lynnwork.sobblogsystem.SobBlogSystemApplication o.s.b.SpringApplication - The following 1 profile is active: "dev" 
2025-01-02 [restartedMain] INFO com.lynnwork.sobblogsystem.SobBlogSystemApplication o.s.b.StartupInfoLogger - Starting SobBlogSystemApplication using Java 1.8.0_301 on DESKTOP-BOJ5191 with PID 7600 (C:\Users\kyle\Desktop\阳光沙滩工具\dev_demo\blog_system_backend\target\classes started by kyle in C:\Users\kyle\Desktop\阳光沙滩工具\dev_demo\blog_system_backend) 
2025-01-02 [restartedMain] INFO com.lynnwork.sobblogsystem.SobBlogSystemApplication o.s.b.SpringApplication - The following 1 profile is active: "dev" 
2025-01-02 [restartedMain] INFO com.lynnwork.sobblogsystem.SobBlogSystemApplication o.s.b.StartupInfoLogger - Started SobBlogSystemApplication in 2.886 seconds (JVM running for 443.54) 
2025-01-02 [http-nio-8090-exec-2] INFO com.lynnwork.sobblogsystem.service.impl.ImageServiceImpl c.l.s.s.i.ImageServiceImpl - type===>jpeg 
2025-01-02 [http-nio-8090-exec-3] INFO com.lynnwork.sobblogsystem.service.impl.ImageServiceImpl c.l.s.s.i.ImageServiceImpl - type===>jpeg 
2025-01-02 [http-nio-8090-exec-5] INFO com.lynnwork.sobblogsystem.service.impl.ImageServiceImpl c.l.s.s.i.ImageServiceImpl - type===>jpeg 
2025-01-02 [http-nio-8090-exec-7] INFO com.lynnwork.sobblogsystem.service.impl.ImageServiceImpl c.l.s.s.i.ImageServiceImpl - type===>image/jpeg 
2025-01-02 [http-nio-8090-exec-7] ERROR com.lynnwork.sobblogsystem.service.impl.ImageServiceImpl c.l.s.s.i.ImageServiceImpl - E:\sob_blog_system_images\2025_01_02\image\jpeg\1324484642241249280.jpeg (系统找不到指定的路径。) 
2025-01-02 [restartedMain] INFO com.lynnwork.sobblogsystem.SobBlogSystemApplication o.s.b.StartupInfoLogger - Starting SobBlogSystemApplication using Java 1.8.0_301 on DESKTOP-BOJ5191 with PID 7600 (C:\Users\kyle\Desktop\阳光沙滩工具\dev_demo\blog_system_backend\target\classes started by kyle in C:\Users\kyle\Desktop\阳光沙滩工具\dev_demo\blog_system_backend) 
2025-01-02 [restartedMain] INFO com.lynnwork.sobblogsystem.SobBlogSystemApplication o.s.b.SpringApplication - The following 1 profile is active: "dev" 
2025-01-02 [restartedMain] INFO com.lynnwork.sobblogsystem.SobBlogSystemApplication o.s.b.StartupInfoLogger - Starting SobBlogSystemApplication using Java 1.8.0_301 on DESKTOP-BOJ5191 with PID 7600 (C:\Users\kyle\Desktop\阳光沙滩工具\dev_demo\blog_system_backend\target\classes started by kyle in C:\Users\kyle\Desktop\阳光沙滩工具\dev_demo\blog_system_backend) 
2025-01-02 [restartedMain] INFO com.lynnwork.sobblogsystem.SobBlogSystemApplication o.s.b.SpringApplication - The following 1 profile is active: "dev" 
2025-01-02 [restartedMain] INFO com.lynnwork.sobblogsystem.SobBlogSystemApplication o.s.b.StartupInfoLogger - Started SobBlogSystemApplication in 2.279 seconds (JVM running for 865.977) 
2025-01-02 [http-nio-8090-exec-1] INFO com.lynnwork.sobblogsystem.service.impl.ImageServiceImpl c.l.s.s.i.ImageServiceImpl - type===>image/jpeg 
2025-01-02 [http-nio-8090-exec-1] ERROR com.lynnwork.sobblogsystem.service.impl.ImageServiceImpl c.l.s.s.i.ImageServiceImpl - E:\sob_blog_system_images\2025_01_02\image\jpeg\1324484642241249280.jpeg (系统找不到指定的路径。) 
2025-01-02 [http-nio-8090-exec-3] INFO com.lynnwork.sobblogsystem.service.impl.ImageServiceImpl c.l.s.s.i.ImageServiceImpl - type===>image/jpeg 
2025-01-02 [http-nio-8090-exec-3] ERROR com.lynnwork.sobblogsystem.service.impl.ImageServiceImpl c.l.s.s.i.ImageServiceImpl - E:\sob_blog_system_images\2025_01_02\image\jpeg\1324484642241249280.jpeg (系统找不到指定的路径。) 
2025-01-02 [http-nio-8090-exec-5] INFO com.lynnwork.sobblogsystem.service.impl.ImageServiceImpl c.l.s.s.i.ImageServiceImpl - type===>image/jpeg 
2025-01-02 [http-nio-8090-exec-5] ERROR com.lynnwork.sobblogsystem.service.impl.ImageServiceImpl c.l.s.s.i.ImageServiceImpl - E:\sob_blog_system_images\2025_01_02\image\jpeg\1324484642241249280.jpeg (系统找不到指定的路径。) 
2025-01-02 [restartedMain] INFO com.lynnwork.sobblogsystem.SobBlogSystemApplication o.s.b.StartupInfoLogger - Starting SobBlogSystemApplication using Java 1.8.0_301 on DESKTOP-BOJ5191 with PID 7600 (C:\Users\kyle\Desktop\阳光沙滩工具\dev_demo\blog_system_backend\target\classes started by kyle in C:\Users\kyle\Desktop\阳光沙滩工具\dev_demo\blog_system_backend) 
2025-01-02 [restartedMain] INFO com.lynnwork.sobblogsystem.SobBlogSystemApplication o.s.b.SpringApplication - The following 1 profile is active: "dev" 
2025-01-02 [restartedMain] INFO com.lynnwork.sobblogsystem.SobBlogSystemApplication o.s.b.StartupInfoLogger - Starting SobBlogSystemApplication using Java 1.8.0_301 on DESKTOP-BOJ5191 with PID 7600 (C:\Users\kyle\Desktop\阳光沙滩工具\dev_demo\blog_system_backend\target\classes started by kyle in C:\Users\kyle\Desktop\阳光沙滩工具\dev_demo\blog_system_backend) 
2025-01-02 [restartedMain] INFO com.lynnwork.sobblogsystem.SobBlogSystemApplication o.s.b.SpringApplication - The following 1 profile is active: "dev" 
2025-01-02 [restartedMain] INFO com.lynnwork.sobblogsystem.SobBlogSystemApplication o.s.b.StartupInfoLogger - Started SobBlogSystemApplication in 2.691 seconds (JVM running for 1707.317) 
2025-01-02 [http-nio-8090-exec-1] INFO com.lynnwork.sobblogsystem.service.impl.ImageServiceImpl c.l.s.s.i.ImageServiceImpl - type===>jpeg 
2025-01-02 [http-nio-8090-exec-3] INFO com.lynnwork.sobblogsystem.service.impl.ImageServiceImpl c.l.s.s.i.ImageServiceImpl - type===>jpeg 
2025-01-02 [http-nio-8090-exec-5] INFO com.lynnwork.sobblogsystem.service.impl.ImageServiceImpl c.l.s.s.i.ImageServiceImpl - type===>jpeg 
2025-01-02 [http-nio-8090-exec-7] INFO com.lynnwork.sobblogsystem.service.impl.ImageServiceImpl c.l.s.s.i.ImageServiceImpl - type===>jpeg 
2025-01-02 [http-nio-8090-exec-7] ERROR com.lynnwork.sobblogsystem.service.impl.ImageServiceImpl c.l.s.s.i.ImageServiceImpl - E:\sob_blog_system_images\2025_01_02\jpeg\1324466919859814400.jpg (系统找不到指定的文件。) 
2025-01-02 [restartedMain] INFO com.lynnwork.sobblogsystem.SobBlogSystemApplication o.s.b.StartupInfoLogger - Starting SobBlogSystemApplication using Java 1.8.0_301 on DESKTOP-BOJ5191 with PID 7600 (C:\Users\kyle\Desktop\阳光沙滩工具\dev_demo\blog_system_backend\target\classes started by kyle in C:\Users\kyle\Desktop\阳光沙滩工具\dev_demo\blog_system_backend) 
2025-01-02 [restartedMain] INFO com.lynnwork.sobblogsystem.SobBlogSystemApplication o.s.b.SpringApplication - The following 1 profile is active: "dev" 
2025-01-02 [restartedMain] INFO com.lynnwork.sobblogsystem.SobBlogSystemApplication o.s.b.StartupInfoLogger - Starting SobBlogSystemApplication using Java 1.8.0_301 on DESKTOP-BOJ5191 with PID 7600 (C:\Users\kyle\Desktop\阳光沙滩工具\dev_demo\blog_system_backend\target\classes started by kyle in C:\Users\kyle\Desktop\阳光沙滩工具\dev_demo\blog_system_backend) 
2025-01-02 [restartedMain] INFO com.lynnwork.sobblogsystem.SobBlogSystemApplication o.s.b.SpringApplication - The following 1 profile is active: "dev" 
2025-01-02 [restartedMain] INFO com.lynnwork.sobblogsystem.SobBlogSystemApplication o.s.b.StartupInfoLogger - Started SobBlogSystemApplication in 2.546 seconds (JVM running for 1944.115) 
2025-01-02 [restartedMain] INFO com.lynnwork.sobblogsystem.SobBlogSystemApplication o.s.b.StartupInfoLogger - Starting SobBlogSystemApplication using Java 1.8.0_301 on DESKTOP-BOJ5191 with PID 7600 (C:\Users\kyle\Desktop\阳光沙滩工具\dev_demo\blog_system_backend\target\classes started by kyle in C:\Users\kyle\Desktop\阳光沙滩工具\dev_demo\blog_system_backend) 
2025-01-02 [restartedMain] INFO com.lynnwork.sobblogsystem.SobBlogSystemApplication o.s.b.SpringApplication - The following 1 profile is active: "dev" 
2025-01-02 [restartedMain] INFO com.lynnwork.sobblogsystem.SobBlogSystemApplication o.s.b.StartupInfoLogger - Starting SobBlogSystemApplication using Java 1.8.0_301 on DESKTOP-BOJ5191 with PID 7600 (C:\Users\kyle\Desktop\阳光沙滩工具\dev_demo\blog_system_backend\target\classes started by kyle in C:\Users\kyle\Desktop\阳光沙滩工具\dev_demo\blog_system_backend) 
2025-01-02 [restartedMain] INFO com.lynnwork.sobblogsystem.SobBlogSystemApplication o.s.b.SpringApplication - The following 1 profile is active: "dev" 
2025-01-02 [restartedMain] INFO com.lynnwork.sobblogsystem.SobBlogSystemApplication o.s.b.StartupInfoLogger - Started SobBlogSystemApplication in 3.465 seconds (JVM running for 2015.009) 
2025-01-02 [restartedMain] INFO com.lynnwork.sobblogsystem.SobBlogSystemApplication o.s.b.StartupInfoLogger - Starting SobBlogSystemApplication using Java 1.8.0_301 on DESKTOP-BOJ5191 with PID 7600 (C:\Users\kyle\Desktop\阳光沙滩工具\dev_demo\blog_system_backend\target\classes started by kyle in C:\Users\kyle\Desktop\阳光沙滩工具\dev_demo\blog_system_backend) 
2025-01-02 [restartedMain] INFO com.lynnwork.sobblogsystem.SobBlogSystemApplication o.s.b.SpringApplication - The following 1 profile is active: "dev" 
2025-01-02 [restartedMain] INFO com.lynnwork.sobblogsystem.SobBlogSystemApplication o.s.b.StartupInfoLogger - Starting SobBlogSystemApplication using Java 1.8.0_301 on DESKTOP-BOJ5191 with PID 7600 (C:\Users\kyle\Desktop\阳光沙滩工具\dev_demo\blog_system_backend\target\classes started by kyle in C:\Users\kyle\Desktop\阳光沙滩工具\dev_demo\blog_system_backend) 
2025-01-02 [restartedMain] INFO com.lynnwork.sobblogsystem.SobBlogSystemApplication o.s.b.SpringApplication - The following 1 profile is active: "dev" 
2025-01-02 [restartedMain] INFO com.lynnwork.sobblogsystem.SobBlogSystemApplication o.s.b.StartupInfoLogger - Started SobBlogSystemApplication in 3.165 seconds (JVM running for 2145.636) 
2025-01-02 [http-nio-8090-exec-1] ERROR com.lynnwork.sobblogsystem.service.impl.ImageServiceImpl c.l.s.s.i.ImageServiceImpl - E:\sob_blog_system_images\2025_01_02\jpeg\1324466919859814400.jpg (系统找不到指定的文件。) 
2025-01-02 [http-nio-8090-exec-3] INFO com.lynnwork.sobblogsystem.service.impl.ImageServiceImpl c.l.s.s.i.ImageServiceImpl - type===>jpeg 
2025-01-02 [http-nio-8090-exec-5] INFO com.lynnwork.sobblogsystem.service.impl.ImageServiceImpl c.l.s.s.i.ImageServiceImpl - type===>gif 
2025-01-02 [http-nio-8090-exec-7] ERROR com.lynnwork.sobblogsystem.service.impl.ImageServiceImpl c.l.s.s.i.ImageServiceImpl - E:\sob_blog_system_images\2025_01_02\null\1324492004037492736.gif (系统找不到指定的路径。) 
2025-01-02 [http-nio-8090-exec-9] ERROR com.lynnwork.sobblogsystem.service.impl.ImageServiceImpl c.l.s.s.i.ImageServiceImpl - E:\sob_blog_system_images\2025_01_02\null\1324492004037492736.gif (系统找不到指定的路径。) 
2025-01-02 [restartedMain] INFO com.lynnwork.sobblogsystem.SobBlogSystemApplication o.s.b.StartupInfoLogger - Starting SobBlogSystemApplication using Java 1.8.0_301 on DESKTOP-BOJ5191 with PID 7600 (C:\Users\kyle\Desktop\阳光沙滩工具\dev_demo\blog_system_backend\target\classes started by kyle in C:\Users\kyle\Desktop\阳光沙滩工具\dev_demo\blog_system_backend) 
2025-01-02 [restartedMain] INFO com.lynnwork.sobblogsystem.SobBlogSystemApplication o.s.b.SpringApplication - The following 1 profile is active: "dev" 
2025-01-02 [restartedMain] INFO com.lynnwork.sobblogsystem.SobBlogSystemApplication o.s.b.StartupInfoLogger - Starting SobBlogSystemApplication using Java 1.8.0_301 on DESKTOP-BOJ5191 with PID 7600 (C:\Users\kyle\Desktop\阳光沙滩工具\dev_demo\blog_system_backend\target\classes started by kyle in C:\Users\kyle\Desktop\阳光沙滩工具\dev_demo\blog_system_backend) 
2025-01-02 [restartedMain] INFO com.lynnwork.sobblogsystem.SobBlogSystemApplication o.s.b.SpringApplication - The following 1 profile is active: "dev" 
2025-01-02 [restartedMain] INFO com.lynnwork.sobblogsystem.SobBlogSystemApplication o.s.b.StartupInfoLogger - Started SobBlogSystemApplication in 2.832 seconds (JVM running for 2332.28) 
2025-01-02 [restartedMain] INFO com.lynnwork.sobblogsystem.SobBlogSystemApplication o.s.b.StartupInfoLogger - Starting SobBlogSystemApplication using Java 1.8.0_301 on DESKTOP-BOJ5191 with PID 7600 (C:\Users\kyle\Desktop\阳光沙滩工具\dev_demo\blog_system_backend\target\classes started by kyle in C:\Users\kyle\Desktop\阳光沙滩工具\dev_demo\blog_system_backend) 
2025-01-02 [restartedMain] INFO com.lynnwork.sobblogsystem.SobBlogSystemApplication o.s.b.SpringApplication - The following 1 profile is active: "dev" 
2025-01-02 [restartedMain] INFO com.lynnwork.sobblogsystem.SobBlogSystemApplication o.s.b.StartupInfoLogger - Starting SobBlogSystemApplication using Java 1.8.0_301 on DESKTOP-BOJ5191 with PID 7600 (C:\Users\kyle\Desktop\阳光沙滩工具\dev_demo\blog_system_backend\target\classes started by kyle in C:\Users\kyle\Desktop\阳光沙滩工具\dev_demo\blog_system_backend) 
2025-01-02 [restartedMain] INFO com.lynnwork.sobblogsystem.SobBlogSystemApplication o.s.b.SpringApplication - The following 1 profile is active: "dev" 
2025-01-02 [restartedMain] INFO com.lynnwork.sobblogsystem.SobBlogSystemApplication o.s.b.StartupInfoLogger - Started SobBlogSystemApplication in 2.825 seconds (JVM running for 2368.926) 
2025-01-02 [http-nio-8090-exec-3] ERROR com.lynnwork.sobblogsystem.service.impl.ImageServiceImpl c.l.s.s.i.ImageServiceImpl - E:\sob_blog_system_images\2025_01_02\null\1324492004037492736.gif (系统找不到指定的路径。) 
2025-01-02 [restartedMain] INFO com.lynnwork.sobblogsystem.SobBlogSystemApplication o.s.b.StartupInfoLogger - Starting SobBlogSystemApplication using Java 1.8.0_301 on DESKTOP-BOJ5191 with PID 7600 (C:\Users\kyle\Desktop\阳光沙滩工具\dev_demo\blog_system_backend\target\classes started by kyle in C:\Users\kyle\Desktop\阳光沙滩工具\dev_demo\blog_system_backend) 
2025-01-02 [restartedMain] INFO com.lynnwork.sobblogsystem.SobBlogSystemApplication o.s.b.SpringApplication - The following 1 profile is active: "dev" 
2025-01-02 [restartedMain] INFO com.lynnwork.sobblogsystem.SobBlogSystemApplication o.s.b.StartupInfoLogger - Starting SobBlogSystemApplication using Java 1.8.0_301 on DESKTOP-BOJ5191 with PID 7600 (C:\Users\kyle\Desktop\阳光沙滩工具\dev_demo\blog_system_backend\target\classes started by kyle in C:\Users\kyle\Desktop\阳光沙滩工具\dev_demo\blog_system_backend) 
2025-01-02 [restartedMain] INFO com.lynnwork.sobblogsystem.SobBlogSystemApplication o.s.b.SpringApplication - The following 1 profile is active: "dev" 
2025-01-02 [restartedMain] INFO com.lynnwork.sobblogsystem.SobBlogSystemApplication o.s.b.StartupInfoLogger - Started SobBlogSystemApplication in 3.154 seconds (JVM running for 2430.664) 
2025-01-02 [http-nio-8090-exec-1] INFO com.lynnwork.sobblogsystem.service.impl.ImageServiceImpl c.l.s.s.i.ImageServiceImpl - contentTypeimage/gif 
2025-01-02 [http-nio-8090-exec-1] ERROR com.lynnwork.sobblogsystem.service.impl.ImageServiceImpl c.l.s.s.i.ImageServiceImpl - E:\sob_blog_system_images\2025_01_02\null\1324492004037492736.gif (系统找不到指定的路径。) 
2025-01-02 [restartedMain] INFO com.lynnwork.sobblogsystem.SobBlogSystemApplication o.s.b.StartupInfoLogger - Starting SobBlogSystemApplication using Java 1.8.0_301 on DESKTOP-BOJ5191 with PID 7600 (C:\Users\kyle\Desktop\阳光沙滩工具\dev_demo\blog_system_backend\target\classes started by kyle in C:\Users\kyle\Desktop\阳光沙滩工具\dev_demo\blog_system_backend) 
2025-01-02 [restartedMain] INFO com.lynnwork.sobblogsystem.SobBlogSystemApplication o.s.b.SpringApplication - The following 1 profile is active: "dev" 
2025-01-02 [restartedMain] INFO com.lynnwork.sobblogsystem.SobBlogSystemApplication o.s.b.StartupInfoLogger - Starting SobBlogSystemApplication using Java 1.8.0_301 on DESKTOP-BOJ5191 with PID 7600 (C:\Users\kyle\Desktop\阳光沙滩工具\dev_demo\blog_system_backend\target\classes started by kyle in C:\Users\kyle\Desktop\阳光沙滩工具\dev_demo\blog_system_backend) 
2025-01-02 [restartedMain] INFO com.lynnwork.sobblogsystem.SobBlogSystemApplication o.s.b.SpringApplication - The following 1 profile is active: "dev" 
2025-01-02 [restartedMain] INFO com.lynnwork.sobblogsystem.SobBlogSystemApplication o.s.b.StartupInfoLogger - Started SobBlogSystemApplication in 3.161 seconds (JVM running for 2465.07) 
2025-01-02 [http-nio-8090-exec-1] INFO com.lynnwork.sobblogsystem.service.impl.ImageServiceImpl c.l.s.s.i.ImageServiceImpl - contentTypeimage/gif 
2025-01-02 [http-nio-8090-exec-1] ERROR com.lynnwork.sobblogsystem.service.impl.ImageServiceImpl c.l.s.s.i.ImageServiceImpl - E:\sob_blog_system_images\2025_01_02\gif\1324492004037492736.gif (系统找不到指定的文件。) 
2025-01-02 [http-nio-8090-exec-3] INFO com.lynnwork.sobblogsystem.service.impl.ImageServiceImpl c.l.s.s.i.ImageServiceImpl - contentTypeimage/gif 
2025-01-02 [http-nio-8090-exec-7] INFO com.lynnwork.sobblogsystem.service.impl.ImageServiceImpl c.l.s.s.i.ImageServiceImpl - contentTypeimage/jpeg 
2025-01-02 [restartedMain] INFO com.lynnwork.sobblogsystem.SobBlogSystemApplication o.s.b.StartupInfoLogger - Starting SobBlogSystemApplication using Java 1.8.0_301 on DESKTOP-BOJ5191 with PID 7600 (C:\Users\kyle\Desktop\阳光沙滩工具\dev_demo\blog_system_backend\target\classes started by kyle in C:\Users\kyle\Desktop\阳光沙滩工具\dev_demo\blog_system_backend) 
2025-01-02 [restartedMain] INFO com.lynnwork.sobblogsystem.SobBlogSystemApplication o.s.b.SpringApplication - The following 1 profile is active: "dev" 
2025-01-02 [restartedMain] INFO com.lynnwork.sobblogsystem.SobBlogSystemApplication o.s.b.StartupInfoLogger - Starting SobBlogSystemApplication using Java 1.8.0_301 on DESKTOP-BOJ5191 with PID 7600 (C:\Users\kyle\Desktop\阳光沙滩工具\dev_demo\blog_system_backend\target\classes started by kyle in C:\Users\kyle\Desktop\阳光沙滩工具\dev_demo\blog_system_backend) 
2025-01-02 [restartedMain] INFO com.lynnwork.sobblogsystem.SobBlogSystemApplication o.s.b.SpringApplication - The following 1 profile is active: "dev" 
2025-01-02 [restartedMain] INFO com.lynnwork.sobblogsystem.SobBlogSystemApplication o.s.b.StartupInfoLogger - Started SobBlogSystemApplication in 3.302 seconds (JVM running for 2630.337) 
2025-01-02 [http-nio-8090-exec-2] INFO com.lynnwork.sobblogsystem.service.impl.ImageServiceImpl c.l.s.s.i.ImageServiceImpl - contentTypeimage/gif 
