2024-12-21 [restartedMain] INFO com.lynnwork.sobblogsystem.SobBlogSystemApplication o.s.b.StartupInfoLogger - Starting SobBlogSystemApplication using Java 1.8.0_301 on DESKTOP-BOJ5191 with PID 12400 (C:\Users\kyle\Desktop\阳光沙滩工具\SobBlogSystemBackend\target\classes started by kyle in C:\Users\kyle\Desktop\阳光沙滩工具\SobBlogSystemBackend) 
2024-12-21 [restartedMain] INFO com.lynnwork.sobblogsystem.SobBlogSystemApplication o.s.b.SpringApplication - No active profile set, falling back to 1 default profile: "default" 
2024-12-21 [restartedMain] INFO com.lynnwork.sobblogsystem.SobBlogSystemApplication o.s.b.StartupInfoLogger - Started SobBlogSystemApplication in 6.147 seconds (JVM running for 7.908) 
2024-12-21 [http-nio-8090-exec-10] INFO com.lynnwork.sobblogsystem.service.impl.ImageServiceImpl c.l.s.s.i.ImageServiceImpl - name:file, originalFileName:avatar.jpg 
2024-12-21 [http-nio-8090-exec-10] INFO com.lynnwork.sobblogsystem.service.impl.ImageServiceImpl c.l.s.s.i.ImageServiceImpl - targetFile:E:\sob_blog_system_images\avatar.jpg 
2024-12-21 [restartedMain] INFO com.lynnwork.sobblogsystem.SobBlogSystemApplication o.s.b.StartupInfoLogger - Starting SobBlogSystemApplication using Java 1.8.0_301 on DESKTOP-BOJ5191 with PID 12400 (C:\Users\kyle\Desktop\阳光沙滩工具\SobBlogSystemBackend\target\classes started by kyle in C:\Users\kyle\Desktop\阳光沙滩工具\SobBlogSystemBackend) 
2024-12-21 [restartedMain] INFO com.lynnwork.sobblogsystem.SobBlogSystemApplication o.s.b.SpringApplication - No active profile set, falling back to 1 default profile: "default" 
2024-12-21 [restartedMain] INFO com.lynnwork.sobblogsystem.SobBlogSystemApplication o.s.b.StartupInfoLogger - Starting SobBlogSystemApplication using Java 1.8.0_301 on DESKTOP-BOJ5191 with PID 12400 (C:\Users\kyle\Desktop\阳光沙滩工具\SobBlogSystemBackend\target\classes started by kyle in C:\Users\kyle\Desktop\阳光沙滩工具\SobBlogSystemBackend) 
2024-12-21 [restartedMain] INFO com.lynnwork.sobblogsystem.SobBlogSystemApplication o.s.b.SpringApplication - No active profile set, falling back to 1 default profile: "default" 
2024-12-21 [restartedMain] INFO com.lynnwork.sobblogsystem.SobBlogSystemApplication o.s.b.StartupInfoLogger - Started SobBlogSystemApplication in 2.487 seconds (JVM running for 643.89) 
2024-12-21 [restartedMain] INFO com.lynnwork.sobblogsystem.SobBlogSystemApplication o.s.b.StartupInfoLogger - Starting SobBlogSystemApplication using Java 1.8.0_301 on DESKTOP-BOJ5191 with PID 12400 (C:\Users\kyle\Desktop\阳光沙滩工具\SobBlogSystemBackend\target\classes started by kyle in C:\Users\kyle\Desktop\阳光沙滩工具\SobBlogSystemBackend) 
2024-12-21 [restartedMain] INFO com.lynnwork.sobblogsystem.SobBlogSystemApplication o.s.b.SpringApplication - No active profile set, falling back to 1 default profile: "default" 
2024-12-21 [restartedMain] INFO com.lynnwork.sobblogsystem.SobBlogSystemApplication o.s.b.StartupInfoLogger - Started SobBlogSystemApplication in 2.703 seconds (JVM running for 1253.748) 
2024-12-21 [restartedMain] INFO com.lynnwork.sobblogsystem.SobBlogSystemApplication o.s.b.StartupInfoLogger - Starting SobBlogSystemApplication using Java 1.8.0_301 on DESKTOP-BOJ5191 with PID 12400 (C:\Users\kyle\Desktop\阳光沙滩工具\SobBlogSystemBackend\target\classes started by kyle in C:\Users\kyle\Desktop\阳光沙滩工具\SobBlogSystemBackend) 
2024-12-21 [restartedMain] INFO com.lynnwork.sobblogsystem.SobBlogSystemApplication o.s.b.SpringApplication - No active profile set, falling back to 1 default profile: "default" 
2024-12-21 [restartedMain] INFO com.lynnwork.sobblogsystem.SobBlogSystemApplication o.s.b.StartupInfoLogger - Started SobBlogSystemApplication in 2.334 seconds (JVM running for 1258.626) 
2024-12-21 [restartedMain] INFO com.lynnwork.sobblogsystem.SobBlogSystemApplication o.s.b.StartupInfoLogger - Starting SobBlogSystemApplication using Java 1.8.0_301 on DESKTOP-BOJ5191 with PID 12400 (C:\Users\kyle\Desktop\阳光沙滩工具\SobBlogSystemBackend\target\classes started by kyle in C:\Users\kyle\Desktop\阳光沙滩工具\SobBlogSystemBackend) 
2024-12-21 [restartedMain] INFO com.lynnwork.sobblogsystem.SobBlogSystemApplication o.s.b.SpringApplication - No active profile set, falling back to 1 default profile: "default" 
2024-12-21 [restartedMain] INFO com.lynnwork.sobblogsystem.SobBlogSystemApplication o.s.b.StartupInfoLogger - Started SobBlogSystemApplication in 2.847 seconds (JVM running for 1530.958) 
2024-12-21 [restartedMain] INFO com.lynnwork.sobblogsystem.SobBlogSystemApplication o.s.b.StartupInfoLogger - Starting SobBlogSystemApplication using Java 1.8.0_301 on DESKTOP-BOJ5191 with PID 12400 (C:\Users\kyle\Desktop\阳光沙滩工具\SobBlogSystemBackend\target\classes started by kyle in C:\Users\kyle\Desktop\阳光沙滩工具\SobBlogSystemBackend) 
2024-12-21 [restartedMain] INFO com.lynnwork.sobblogsystem.SobBlogSystemApplication o.s.b.SpringApplication - No active profile set, falling back to 1 default profile: "default" 
2024-12-21 [restartedMain] INFO com.lynnwork.sobblogsystem.SobBlogSystemApplication o.s.b.StartupInfoLogger - Started SobBlogSystemApplication in 2.223 seconds (JVM running for 1585.104) 
2024-12-21 [restartedMain] INFO com.lynnwork.sobblogsystem.SobBlogSystemApplication o.s.b.StartupInfoLogger - Starting SobBlogSystemApplication using Java 1.8.0_301 on DESKTOP-BOJ5191 with PID 12400 (C:\Users\kyle\Desktop\阳光沙滩工具\SobBlogSystemBackend\target\classes started by kyle in C:\Users\kyle\Desktop\阳光沙滩工具\SobBlogSystemBackend) 
2024-12-21 [restartedMain] INFO com.lynnwork.sobblogsystem.SobBlogSystemApplication o.s.b.SpringApplication - No active profile set, falling back to 1 default profile: "default" 
2024-12-21 [restartedMain] INFO com.lynnwork.sobblogsystem.SobBlogSystemApplication o.s.b.StartupInfoLogger - Starting SobBlogSystemApplication using Java 1.8.0_301 on DESKTOP-BOJ5191 with PID 12400 (C:\Users\kyle\Desktop\阳光沙滩工具\SobBlogSystemBackend\target\classes started by kyle in C:\Users\kyle\Desktop\阳光沙滩工具\SobBlogSystemBackend) 
2024-12-21 [restartedMain] INFO com.lynnwork.sobblogsystem.SobBlogSystemApplication o.s.b.SpringApplication - No active profile set, falling back to 1 default profile: "default" 
2024-12-21 [restartedMain] INFO com.lynnwork.sobblogsystem.SobBlogSystemApplication o.s.b.StartupInfoLogger - Started SobBlogSystemApplication in 2.273 seconds (JVM running for 1977.221) 
2024-12-21 [restartedMain] INFO com.lynnwork.sobblogsystem.SobBlogSystemApplication o.s.b.StartupInfoLogger - Starting SobBlogSystemApplication using Java 1.8.0_301 on DESKTOP-BOJ5191 with PID 12400 (C:\Users\kyle\Desktop\阳光沙滩工具\SobBlogSystemBackend\target\classes started by kyle in C:\Users\kyle\Desktop\阳光沙滩工具\SobBlogSystemBackend) 
2024-12-21 [restartedMain] INFO com.lynnwork.sobblogsystem.SobBlogSystemApplication o.s.b.SpringApplication - No active profile set, falling back to 1 default profile: "default" 
2024-12-21 [restartedMain] INFO com.lynnwork.sobblogsystem.SobBlogSystemApplication o.s.b.StartupInfoLogger - Starting SobBlogSystemApplication using Java 1.8.0_301 on DESKTOP-BOJ5191 with PID 12400 (C:\Users\kyle\Desktop\阳光沙滩工具\SobBlogSystemBackend\target\classes started by kyle in C:\Users\kyle\Desktop\阳光沙滩工具\SobBlogSystemBackend) 
2024-12-21 [restartedMain] INFO com.lynnwork.sobblogsystem.SobBlogSystemApplication o.s.b.SpringApplication - No active profile set, falling back to 1 default profile: "default" 
2024-12-21 [restartedMain] INFO com.lynnwork.sobblogsystem.SobBlogSystemApplication o.s.b.StartupInfoLogger - Started SobBlogSystemApplication in 2.405 seconds (JVM running for 4033.163) 
2024-12-21 [restartedMain] INFO com.lynnwork.sobblogsystem.SobBlogSystemApplication o.s.b.StartupInfoLogger - Starting SobBlogSystemApplication using Java 1.8.0_301 on DESKTOP-BOJ5191 with PID 12400 (C:\Users\kyle\Desktop\阳光沙滩工具\SobBlogSystemBackend\target\classes started by kyle in C:\Users\kyle\Desktop\阳光沙滩工具\SobBlogSystemBackend) 
2024-12-21 [restartedMain] INFO com.lynnwork.sobblogsystem.SobBlogSystemApplication o.s.b.SpringApplication - No active profile set, falling back to 1 default profile: "default" 
2024-12-21 [restartedMain] INFO com.lynnwork.sobblogsystem.SobBlogSystemApplication o.s.b.StartupInfoLogger - Starting SobBlogSystemApplication using Java 1.8.0_301 on DESKTOP-BOJ5191 with PID 12400 (C:\Users\kyle\Desktop\阳光沙滩工具\SobBlogSystemBackend\target\classes started by kyle in C:\Users\kyle\Desktop\阳光沙滩工具\SobBlogSystemBackend) 
2024-12-21 [restartedMain] INFO com.lynnwork.sobblogsystem.SobBlogSystemApplication o.s.b.SpringApplication - No active profile set, falling back to 1 default profile: "default" 
2024-12-21 [restartedMain] INFO com.lynnwork.sobblogsystem.SobBlogSystemApplication o.s.b.StartupInfoLogger - Started SobBlogSystemApplication in 2.951 seconds (JVM running for 8575.713) 
2024-12-21 [restartedMain] INFO com.lynnwork.sobblogsystem.SobBlogSystemApplication o.s.b.StartupInfoLogger - Starting SobBlogSystemApplication using Java 1.8.0_301 on DESKTOP-BOJ5191 with PID 12400 (C:\Users\kyle\Desktop\阳光沙滩工具\SobBlogSystemBackend\target\classes started by kyle in C:\Users\kyle\Desktop\阳光沙滩工具\SobBlogSystemBackend) 
2024-12-21 [restartedMain] INFO com.lynnwork.sobblogsystem.SobBlogSystemApplication o.s.b.SpringApplication - No active profile set, falling back to 1 default profile: "default" 
2024-12-21 [restartedMain] INFO com.lynnwork.sobblogsystem.SobBlogSystemApplication o.s.b.StartupInfoLogger - Starting SobBlogSystemApplication using Java 1.8.0_301 on DESKTOP-BOJ5191 with PID 12400 (C:\Users\kyle\Desktop\阳光沙滩工具\SobBlogSystemBackend\target\classes started by kyle in C:\Users\kyle\Desktop\阳光沙滩工具\SobBlogSystemBackend) 
2024-12-21 [restartedMain] INFO com.lynnwork.sobblogsystem.SobBlogSystemApplication o.s.b.SpringApplication - No active profile set, falling back to 1 default profile: "default" 
2024-12-21 [restartedMain] INFO com.lynnwork.sobblogsystem.SobBlogSystemApplication o.s.b.StartupInfoLogger - Started SobBlogSystemApplication in 2.363 seconds (JVM running for 14714.352) 
2024-12-21 [restartedMain] INFO com.lynnwork.sobblogsystem.SobBlogSystemApplication o.s.b.StartupInfoLogger - Starting SobBlogSystemApplication using Java 1.8.0_301 on DESKTOP-BOJ5191 with PID 12400 (C:\Users\kyle\Desktop\阳光沙滩工具\SobBlogSystemBackend\target\classes started by kyle in C:\Users\kyle\Desktop\阳光沙滩工具\SobBlogSystemBackend) 
2024-12-21 [restartedMain] INFO com.lynnwork.sobblogsystem.SobBlogSystemApplication o.s.b.SpringApplication - No active profile set, falling back to 1 default profile: "default" 
2024-12-21 [restartedMain] INFO com.lynnwork.sobblogsystem.SobBlogSystemApplication o.s.b.StartupInfoLogger - Starting SobBlogSystemApplication using Java 1.8.0_301 on DESKTOP-BOJ5191 with PID 12400 (C:\Users\kyle\Desktop\阳光沙滩工具\SobBlogSystemBackend\target\classes started by kyle in C:\Users\kyle\Desktop\阳光沙滩工具\SobBlogSystemBackend) 
2024-12-21 [restartedMain] INFO com.lynnwork.sobblogsystem.SobBlogSystemApplication o.s.b.SpringApplication - No active profile set, falling back to 1 default profile: "default" 
2024-12-21 [restartedMain] INFO com.lynnwork.sobblogsystem.SobBlogSystemApplication o.s.b.StartupInfoLogger - Started SobBlogSystemApplication in 2.254 seconds (JVM running for 14956.421) 
2024-12-21 [restartedMain] INFO com.lynnwork.sobblogsystem.SobBlogSystemApplication o.s.b.StartupInfoLogger - Starting SobBlogSystemApplication using Java 1.8.0_301 on DESKTOP-BOJ5191 with PID 12400 (C:\Users\kyle\Desktop\阳光沙滩工具\SobBlogSystemBackend\target\classes started by kyle in C:\Users\kyle\Desktop\阳光沙滩工具\SobBlogSystemBackend) 
2024-12-21 [restartedMain] INFO com.lynnwork.sobblogsystem.SobBlogSystemApplication o.s.b.SpringApplication - No active profile set, falling back to 1 default profile: "default" 
2024-12-21 [restartedMain] INFO com.lynnwork.sobblogsystem.SobBlogSystemApplication o.s.b.StartupInfoLogger - Starting SobBlogSystemApplication using Java 1.8.0_301 on DESKTOP-BOJ5191 with PID 12400 (C:\Users\kyle\Desktop\阳光沙滩工具\SobBlogSystemBackend\target\classes started by kyle in C:\Users\kyle\Desktop\阳光沙滩工具\SobBlogSystemBackend) 
2024-12-21 [restartedMain] INFO com.lynnwork.sobblogsystem.SobBlogSystemApplication o.s.b.SpringApplication - No active profile set, falling back to 1 default profile: "default" 
2024-12-21 [restartedMain] INFO com.lynnwork.sobblogsystem.SobBlogSystemApplication o.s.b.StartupInfoLogger - Started SobBlogSystemApplication in 2.029 seconds (JVM running for 15129.826) 
2024-12-21 [restartedMain] INFO com.lynnwork.sobblogsystem.SobBlogSystemApplication o.s.b.StartupInfoLogger - Starting SobBlogSystemApplication using Java 1.8.0_301 on DESKTOP-BOJ5191 with PID 12400 (C:\Users\kyle\Desktop\阳光沙滩工具\SobBlogSystemBackend\target\classes started by kyle in C:\Users\kyle\Desktop\阳光沙滩工具\SobBlogSystemBackend) 
2024-12-21 [restartedMain] INFO com.lynnwork.sobblogsystem.SobBlogSystemApplication o.s.b.SpringApplication - No active profile set, falling back to 1 default profile: "default" 
2024-12-21 [restartedMain] INFO com.lynnwork.sobblogsystem.SobBlogSystemApplication o.s.b.StartupInfoLogger - Starting SobBlogSystemApplication using Java 1.8.0_301 on DESKTOP-BOJ5191 with PID 12400 (C:\Users\kyle\Desktop\阳光沙滩工具\SobBlogSystemBackend\target\classes started by kyle in C:\Users\kyle\Desktop\阳光沙滩工具\SobBlogSystemBackend) 
2024-12-21 [restartedMain] INFO com.lynnwork.sobblogsystem.SobBlogSystemApplication o.s.b.SpringApplication - No active profile set, falling back to 1 default profile: "default" 
2024-12-21 [restartedMain] INFO com.lynnwork.sobblogsystem.SobBlogSystemApplication o.s.b.StartupInfoLogger - Started SobBlogSystemApplication in 2.47 seconds (JVM running for 15244.75) 
2024-12-21 [restartedMain] INFO com.lynnwork.sobblogsystem.SobBlogSystemApplication o.s.b.StartupInfoLogger - Starting SobBlogSystemApplication using Java 1.8.0_301 on DESKTOP-BOJ5191 with PID 12400 (C:\Users\kyle\Desktop\阳光沙滩工具\SobBlogSystemBackend\target\classes started by kyle in C:\Users\kyle\Desktop\阳光沙滩工具\SobBlogSystemBackend) 
2024-12-21 [restartedMain] INFO com.lynnwork.sobblogsystem.SobBlogSystemApplication o.s.b.SpringApplication - No active profile set, falling back to 1 default profile: "default" 
2024-12-21 [restartedMain] INFO com.lynnwork.sobblogsystem.SobBlogSystemApplication o.s.b.StartupInfoLogger - Starting SobBlogSystemApplication using Java 1.8.0_301 on DESKTOP-BOJ5191 with PID 12400 (C:\Users\kyle\Desktop\阳光沙滩工具\SobBlogSystemBackend\target\classes started by kyle in C:\Users\kyle\Desktop\阳光沙滩工具\SobBlogSystemBackend) 
2024-12-21 [restartedMain] INFO com.lynnwork.sobblogsystem.SobBlogSystemApplication o.s.b.SpringApplication - No active profile set, falling back to 1 default profile: "default" 
2024-12-21 [restartedMain] INFO com.lynnwork.sobblogsystem.SobBlogSystemApplication o.s.b.StartupInfoLogger - Started SobBlogSystemApplication in 2.149 seconds (JVM running for 15480.822) 
2024-12-21 [restartedMain] INFO com.lynnwork.sobblogsystem.SobBlogSystemApplication o.s.b.StartupInfoLogger - Starting SobBlogSystemApplication using Java 1.8.0_301 on DESKTOP-BOJ5191 with PID 12400 (C:\Users\kyle\Desktop\阳光沙滩工具\SobBlogSystemBackend\target\classes started by kyle in C:\Users\kyle\Desktop\阳光沙滩工具\SobBlogSystemBackend) 
2024-12-21 [restartedMain] INFO com.lynnwork.sobblogsystem.SobBlogSystemApplication o.s.b.SpringApplication - No active profile set, falling back to 1 default profile: "default" 
2024-12-21 [restartedMain] INFO com.lynnwork.sobblogsystem.SobBlogSystemApplication o.s.b.StartupInfoLogger - Starting SobBlogSystemApplication using Java 1.8.0_301 on DESKTOP-BOJ5191 with PID 12400 (C:\Users\kyle\Desktop\阳光沙滩工具\SobBlogSystemBackend\target\classes started by kyle in C:\Users\kyle\Desktop\阳光沙滩工具\SobBlogSystemBackend) 
2024-12-21 [restartedMain] INFO com.lynnwork.sobblogsystem.SobBlogSystemApplication o.s.b.SpringApplication - No active profile set, falling back to 1 default profile: "default" 
2024-12-21 [restartedMain] INFO com.lynnwork.sobblogsystem.SobBlogSystemApplication o.s.b.StartupInfoLogger - Started SobBlogSystemApplication in 2.345 seconds (JVM running for 16210.331) 
2024-12-21 [restartedMain] INFO com.lynnwork.sobblogsystem.SobBlogSystemApplication o.s.b.StartupInfoLogger - Starting SobBlogSystemApplication using Java 1.8.0_301 on DESKTOP-BOJ5191 with PID 12400 (C:\Users\kyle\Desktop\阳光沙滩工具\SobBlogSystemBackend\target\classes started by kyle in C:\Users\kyle\Desktop\阳光沙滩工具\SobBlogSystemBackend) 
2024-12-21 [restartedMain] INFO com.lynnwork.sobblogsystem.SobBlogSystemApplication o.s.b.SpringApplication - No active profile set, falling back to 1 default profile: "default" 
2024-12-21 [restartedMain] INFO com.lynnwork.sobblogsystem.SobBlogSystemApplication o.s.b.StartupInfoLogger - Started SobBlogSystemApplication in 2.481 seconds (JVM running for 16376.445) 
2024-12-21 [restartedMain] INFO com.lynnwork.sobblogsystem.SobBlogSystemApplication o.s.b.StartupInfoLogger - Starting SobBlogSystemApplication using Java 1.8.0_301 on DESKTOP-BOJ5191 with PID 12400 (C:\Users\kyle\Desktop\阳光沙滩工具\SobBlogSystemBackend\target\classes started by kyle in C:\Users\kyle\Desktop\阳光沙滩工具\SobBlogSystemBackend) 
2024-12-21 [restartedMain] INFO com.lynnwork.sobblogsystem.SobBlogSystemApplication o.s.b.SpringApplication - No active profile set, falling back to 1 default profile: "default" 
2024-12-21 [restartedMain] INFO com.lynnwork.sobblogsystem.SobBlogSystemApplication o.s.b.StartupInfoLogger - Started SobBlogSystemApplication in 2.066 seconds (JVM running for 16381.122) 
2024-12-21 [restartedMain] INFO com.lynnwork.sobblogsystem.SobBlogSystemApplication o.s.b.StartupInfoLogger - Starting SobBlogSystemApplication using Java 1.8.0_301 on DESKTOP-BOJ5191 with PID 12400 (C:\Users\kyle\Desktop\阳光沙滩工具\SobBlogSystemBackend\target\classes started by kyle in C:\Users\kyle\Desktop\阳光沙滩工具\SobBlogSystemBackend) 
2024-12-21 [restartedMain] INFO com.lynnwork.sobblogsystem.SobBlogSystemApplication o.s.b.SpringApplication - No active profile set, falling back to 1 default profile: "default" 
2024-12-21 [restartedMain] INFO com.lynnwork.sobblogsystem.SobBlogSystemApplication o.s.b.StartupInfoLogger - Starting SobBlogSystemApplication using Java 1.8.0_301 on DESKTOP-BOJ5191 with PID 12400 (C:\Users\kyle\Desktop\阳光沙滩工具\SobBlogSystemBackend\target\classes started by kyle in C:\Users\kyle\Desktop\阳光沙滩工具\SobBlogSystemBackend) 
2024-12-21 [restartedMain] INFO com.lynnwork.sobblogsystem.SobBlogSystemApplication o.s.b.SpringApplication - No active profile set, falling back to 1 default profile: "default" 
2024-12-21 [restartedMain] INFO com.lynnwork.sobblogsystem.SobBlogSystemApplication o.s.b.StartupInfoLogger - Started SobBlogSystemApplication in 3.314 seconds (JVM running for 16743.925) 
2024-12-21 [restartedMain] INFO com.lynnwork.sobblogsystem.SobBlogSystemApplication o.s.b.StartupInfoLogger - Starting SobBlogSystemApplication using Java 1.8.0_301 on DESKTOP-BOJ5191 with PID 12400 (C:\Users\kyle\Desktop\阳光沙滩工具\SobBlogSystemBackend\target\classes started by kyle in C:\Users\kyle\Desktop\阳光沙滩工具\SobBlogSystemBackend) 
2024-12-21 [restartedMain] INFO com.lynnwork.sobblogsystem.SobBlogSystemApplication o.s.b.SpringApplication - No active profile set, falling back to 1 default profile: "default" 
2024-12-21 [restartedMain] INFO com.lynnwork.sobblogsystem.SobBlogSystemApplication o.s.b.StartupInfoLogger - Started SobBlogSystemApplication in 2.911 seconds (JVM running for 17170.131) 
2024-12-21 [restartedMain] INFO com.lynnwork.sobblogsystem.SobBlogSystemApplication o.s.b.StartupInfoLogger - Starting SobBlogSystemApplication using Java 1.8.0_301 on DESKTOP-BOJ5191 with PID 12400 (C:\Users\kyle\Desktop\阳光沙滩工具\SobBlogSystemBackend\target\classes started by kyle in C:\Users\kyle\Desktop\阳光沙滩工具\SobBlogSystemBackend) 
2024-12-21 [restartedMain] INFO com.lynnwork.sobblogsystem.SobBlogSystemApplication o.s.b.SpringApplication - No active profile set, falling back to 1 default profile: "default" 
2024-12-21 [restartedMain] INFO com.lynnwork.sobblogsystem.SobBlogSystemApplication o.s.b.StartupInfoLogger - Started SobBlogSystemApplication in 2.225 seconds (JVM running for 17175.1) 
2024-12-21 [restartedMain] INFO com.lynnwork.sobblogsystem.SobBlogSystemApplication o.s.b.StartupInfoLogger - Starting SobBlogSystemApplication using Java 1.8.0_301 on DESKTOP-BOJ5191 with PID 12400 (C:\Users\kyle\Desktop\阳光沙滩工具\SobBlogSystemBackend\target\classes started by kyle in C:\Users\kyle\Desktop\阳光沙滩工具\SobBlogSystemBackend) 
2024-12-21 [restartedMain] INFO com.lynnwork.sobblogsystem.SobBlogSystemApplication o.s.b.SpringApplication - No active profile set, falling back to 1 default profile: "default" 
2024-12-21 [restartedMain] INFO com.lynnwork.sobblogsystem.SobBlogSystemApplication o.s.b.StartupInfoLogger - Started SobBlogSystemApplication in 2.455 seconds (JVM running for 17280.195) 
2024-12-21 [restartedMain] INFO com.lynnwork.sobblogsystem.SobBlogSystemApplication o.s.b.StartupInfoLogger - Starting SobBlogSystemApplication using Java 1.8.0_301 on DESKTOP-BOJ5191 with PID 12400 (C:\Users\kyle\Desktop\阳光沙滩工具\SobBlogSystemBackend\target\classes started by kyle in C:\Users\kyle\Desktop\阳光沙滩工具\SobBlogSystemBackend) 
2024-12-21 [restartedMain] INFO com.lynnwork.sobblogsystem.SobBlogSystemApplication o.s.b.SpringApplication - No active profile set, falling back to 1 default profile: "default" 
2024-12-21 [restartedMain] INFO com.lynnwork.sobblogsystem.SobBlogSystemApplication o.s.b.StartupInfoLogger - Started SobBlogSystemApplication in 2.018 seconds (JVM running for 17284.738) 
2024-12-21 [restartedMain] INFO com.lynnwork.sobblogsystem.SobBlogSystemApplication o.s.b.StartupInfoLogger - Starting SobBlogSystemApplication using Java 1.8.0_301 on DESKTOP-BOJ5191 with PID 12400 (C:\Users\kyle\Desktop\阳光沙滩工具\SobBlogSystemBackend\target\classes started by kyle in C:\Users\kyle\Desktop\阳光沙滩工具\SobBlogSystemBackend) 
2024-12-21 [restartedMain] INFO com.lynnwork.sobblogsystem.SobBlogSystemApplication o.s.b.SpringApplication - No active profile set, falling back to 1 default profile: "default" 
2024-12-21 [restartedMain] INFO com.lynnwork.sobblogsystem.SobBlogSystemApplication o.s.b.StartupInfoLogger - Starting SobBlogSystemApplication using Java 1.8.0_301 on DESKTOP-BOJ5191 with PID 12400 (C:\Users\kyle\Desktop\阳光沙滩工具\SobBlogSystemBackend\target\classes started by kyle in C:\Users\kyle\Desktop\阳光沙滩工具\SobBlogSystemBackend) 
2024-12-21 [restartedMain] INFO com.lynnwork.sobblogsystem.SobBlogSystemApplication o.s.b.SpringApplication - No active profile set, falling back to 1 default profile: "default" 
2024-12-21 [restartedMain] INFO com.lynnwork.sobblogsystem.SobBlogSystemApplication o.s.b.StartupInfoLogger - Started SobBlogSystemApplication in 3.467 seconds (JVM running for 18115.233) 
2024-12-21 [restartedMain] INFO com.lynnwork.sobblogsystem.SobBlogSystemApplication o.s.b.StartupInfoLogger - Starting SobBlogSystemApplication using Java 1.8.0_301 on DESKTOP-BOJ5191 with PID 12400 (C:\Users\kyle\Desktop\阳光沙滩工具\SobBlogSystemBackend\target\classes started by kyle in C:\Users\kyle\Desktop\阳光沙滩工具\SobBlogSystemBackend) 
2024-12-21 [restartedMain] INFO com.lynnwork.sobblogsystem.SobBlogSystemApplication o.s.b.SpringApplication - No active profile set, falling back to 1 default profile: "default" 
2024-12-21 [restartedMain] INFO com.lynnwork.sobblogsystem.SobBlogSystemApplication o.s.b.StartupInfoLogger - Starting SobBlogSystemApplication using Java 1.8.0_301 on DESKTOP-BOJ5191 with PID 12400 (C:\Users\kyle\Desktop\阳光沙滩工具\SobBlogSystemBackend\target\classes started by kyle in C:\Users\kyle\Desktop\阳光沙滩工具\SobBlogSystemBackend) 
2024-12-21 [restartedMain] INFO com.lynnwork.sobblogsystem.SobBlogSystemApplication o.s.b.SpringApplication - No active profile set, falling back to 1 default profile: "default" 
2024-12-21 [restartedMain] INFO com.lynnwork.sobblogsystem.SobBlogSystemApplication o.s.b.StartupInfoLogger - Starting SobBlogSystemApplication using Java 1.8.0_301 on DESKTOP-BOJ5191 with PID 12400 (C:\Users\kyle\Desktop\阳光沙滩工具\SobBlogSystemBackend\target\classes started by kyle in C:\Users\kyle\Desktop\阳光沙滩工具\SobBlogSystemBackend) 
2024-12-21 [restartedMain] INFO com.lynnwork.sobblogsystem.SobBlogSystemApplication o.s.b.SpringApplication - No active profile set, falling back to 1 default profile: "default" 
2024-12-21 [restartedMain] INFO com.lynnwork.sobblogsystem.SobBlogSystemApplication o.s.b.StartupInfoLogger - Starting SobBlogSystemApplication using Java 1.8.0_301 on DESKTOP-BOJ5191 with PID 12400 (C:\Users\kyle\Desktop\阳光沙滩工具\SobBlogSystemBackend\target\classes started by kyle in C:\Users\kyle\Desktop\阳光沙滩工具\SobBlogSystemBackend) 
2024-12-21 [restartedMain] INFO com.lynnwork.sobblogsystem.SobBlogSystemApplication o.s.b.SpringApplication - No active profile set, falling back to 1 default profile: "default" 
2024-12-21 [restartedMain] INFO com.lynnwork.sobblogsystem.SobBlogSystemApplication o.s.b.StartupInfoLogger - Starting SobBlogSystemApplication using Java 1.8.0_301 on DESKTOP-BOJ5191 with PID 14748 (C:\Users\kyle\Desktop\阳光沙滩工具\SobBlogSystemBackend\target\classes started by kyle in C:\Users\kyle\Desktop\阳光沙滩工具\SobBlogSystemBackend) 
2024-12-21 [restartedMain] INFO com.lynnwork.sobblogsystem.SobBlogSystemApplication o.s.b.SpringApplication - No active profile set, falling back to 1 default profile: "default" 
2024-12-21 [restartedMain] INFO com.lynnwork.sobblogsystem.SobBlogSystemApplication o.s.b.StartupInfoLogger - Started SobBlogSystemApplication in 7.074 seconds (JVM running for 9.528) 
2024-12-21 [http-nio-8090-exec-1] ERROR com.lynnwork.sobblogsystem.service.impl.ImageServiceImpl c.l.s.s.i.ImageServiceImpl - E:\sob_blog_system_images\avatar.jpg (系统找不到指定的文件。) 
2024-12-21 [restartedMain] INFO com.lynnwork.sobblogsystem.SobBlogSystemApplication o.s.b.StartupInfoLogger - Starting SobBlogSystemApplication using Java 1.8.0_301 on DESKTOP-BOJ5191 with PID 14748 (C:\Users\kyle\Desktop\阳光沙滩工具\SobBlogSystemBackend\target\classes started by kyle in C:\Users\kyle\Desktop\阳光沙滩工具\SobBlogSystemBackend) 
2024-12-21 [restartedMain] INFO com.lynnwork.sobblogsystem.SobBlogSystemApplication o.s.b.SpringApplication - No active profile set, falling back to 1 default profile: "default" 
2024-12-21 [restartedMain] INFO com.lynnwork.sobblogsystem.SobBlogSystemApplication o.s.b.StartupInfoLogger - Starting SobBlogSystemApplication using Java 1.8.0_301 on DESKTOP-BOJ5191 with PID 14368 (C:\Users\kyle\Desktop\阳光沙滩工具\SobBlogSystemBackend\target\classes started by kyle in C:\Users\kyle\Desktop\阳光沙滩工具\SobBlogSystemBackend) 
2024-12-21 [restartedMain] INFO com.lynnwork.sobblogsystem.SobBlogSystemApplication o.s.b.SpringApplication - The following 1 profile is active: "dev" 
2024-12-21 [restartedMain] INFO com.lynnwork.sobblogsystem.SobBlogSystemApplication o.s.b.StartupInfoLogger - Started SobBlogSystemApplication in 6.953 seconds (JVM running for 8.671) 
2024-12-21 [restartedMain] INFO com.lynnwork.sobblogsystem.SobBlogSystemApplication o.s.b.StartupInfoLogger - Starting SobBlogSystemApplication using Java 1.8.0_301 on DESKTOP-BOJ5191 with PID 14464 (C:\Users\kyle\Desktop\阳光沙滩工具\SobBlogSystemBackend\target\classes started by kyle in C:\Users\kyle\Desktop\阳光沙滩工具\SobBlogSystemBackend) 
2024-12-21 [restartedMain] INFO com.lynnwork.sobblogsystem.SobBlogSystemApplication o.s.b.SpringApplication - The following 1 profile is active: "dev" 
2024-12-21 [restartedMain] INFO com.lynnwork.sobblogsystem.SobBlogSystemApplication o.s.b.StartupInfoLogger - Started SobBlogSystemApplication in 7.418 seconds (JVM running for 9.445) 
2024-12-21 [restartedMain] INFO com.lynnwork.sobblogsystem.SobBlogSystemApplication o.s.b.StartupInfoLogger - Starting SobBlogSystemApplication using Java 1.8.0_301 on DESKTOP-BOJ5191 with PID 14736 (C:\Users\kyle\Desktop\阳光沙滩工具\SobBlogSystemBackend\target\classes started by kyle in C:\Users\kyle\Desktop\阳光沙滩工具\SobBlogSystemBackend) 
2024-12-21 [restartedMain] INFO com.lynnwork.sobblogsystem.SobBlogSystemApplication o.s.b.SpringApplication - The following 1 profile is active: "prod" 
2024-12-21 [restartedMain] INFO com.lynnwork.sobblogsystem.SobBlogSystemApplication o.s.b.StartupInfoLogger - Started SobBlogSystemApplication in 6.489 seconds (JVM running for 8.161) 
2024-12-21 [http-nio-8095-exec-3] ERROR com.lynnwork.sobblogsystem.service.impl.ImageServiceImpl c.l.s.s.i.ImageServiceImpl - G:\img\avatar.jpg (系统找不到指定的文件。) 
