2024-12-07 [restartedMain] INFO com.lynnwork.sobblogsystem.SobBlogSystemApplication o.s.b.StartupInfoLogger - Starting SobBlogSystemApplication using Java 1.8.0_301 on DESKTOP-BOJ5191 with PID 11316 (C:\Users\kyle\Desktop\阳光沙滩工具\SobBlogSystemBackend\target\classes started by kyle in C:\Users\kyle\Desktop\阳光沙滩工具\SobBlogSystemBackend) 
2024-12-07 [restartedMain] INFO com.lynnwork.sobblogsystem.SobBlogSystemApplication o.s.b.SpringApplication - No active profile set, falling back to 1 default profile: "default" 
2024-12-07 [restartedMain] INFO com.lynnwork.sobblogsystem.SobBlogSystemApplication o.s.b.StartupInfoLogger - Started SobBlogSystemApplication in 6.12 seconds (JVM running for 7.484) 
2024-12-07 [http-nio-8090-exec-3] INFO com.lynnwork.sobblogsystem.service.impl.UserServiceImpl c.l.s.s.i.UserServiceImpl - role:role_admin 
2024-12-07 [http-nio-8090-exec-3] INFO com.lynnwork.sobblogsystem.service.impl.UserServiceImpl c.l.s.s.i.UserServiceImpl - size:10 
2024-12-07 [http-nio-8090-exec-3] INFO com.lynnwork.sobblogsystem.service.impl.UserServiceImpl c.l.s.s.i.UserServiceImpl - pages:1 
2024-12-07 [http-nio-8090-exec-3] INFO com.lynnwork.sobblogsystem.service.impl.UserServiceImpl c.l.s.s.i.UserServiceImpl - total:10 
2024-12-07 [http-nio-8090-exec-3] INFO com.lynnwork.sobblogsystem.service.impl.UserServiceImpl c.l.s.s.i.UserServiceImpl - current:1 
2024-12-07 [http-nio-8090-exec-3] INFO com.lynnwork.sobblogsystem.service.impl.UserServiceImpl c.l.s.s.i.UserServiceImpl - records:[User(id=1861742302368747521, userName=lynn, password=null, role=role_admin, avatar=https://cdn.sunofbeaches.com/images/default_avatar.png, email=903586678@qq.com, sign=小小的我,有大大的梦想, state=1, regIp=0:0:0:0:0:0:0:1, logIp=0:0:0:0:0:0:0:1, createTime=Wed Nov 27 20:02:09 CST 2024, updateTime=Wed Nov 27 20:02:09 CST 2024), User(id=1861742302368747522, userName=kyle, password=null, role=role_admin, avatar=https://cdn.sunofbeaches.com/images/default_avatar.png, email=90358667@qq.com, sign=小小的我,有大大的梦想, state=1, regIp=0:0:0:0:0:0:0:1, logIp=0:0:0:0:0:0:0:1, createTime=Wed Nov 27 20:02:09 CST 2024, updateTime=Wed Nov 27 20:02:09 CST 2024), User(id=1861742302368747523, userName=jess, password=null, role=role_admin, avatar=https://cdn.sunofbeaches.com/images/default_avatar.png, email=9035866@qq.com, sign=小小的我,有大大的梦想, state=1, regIp=0:0:0:0:0:0:0:1, logIp=0:0:0:0:0:0:0:1, createTime=Wed Nov 27 20:02:09 CST 2024, updateTime=Wed Nov 27 20:02:09 CST 2024), User(id=1861742302368747524, userName=Aron, password=null, role=role_admin, avatar=https://cdn.sunofbeaches.com/images/default_avatar.png, email=903586@qq.com, sign=小小的我,有大大的梦想, state=1, regIp=0:0:0:0:0:0:0:1, logIp=0:0:0:0:0:0:0:1, createTime=Wed Nov 27 20:02:09 CST 2024, updateTime=Wed Nov 27 20:02:09 CST 2024), User(id=1305633292036341760, userName=lzy, password=null, role=role_admin, avatar=https://cdn.sunofbeaches.com/images/default_avatar.png, email=1643027833@qq.com, sign=null, state=1, regIp=0:0:0:0:0:0:0:1, logIp=0:0:0:0:0:0:0:1, createTime=Mon Nov 11 20:40:34 CST 2024, updateTime=Mon Nov 11 20:40:34 CST 2024), User(id=1305633292036341761, userName=lzy, password=null, role=role_admin, avatar=https://cdn.sunofbeaches.com/images/default_avatar.png, email=164302783@qq.com, sign=null, state=1, regIp=0:0:0:0:0:0:0:1, logIp=0:0:0:0:0:0:0:1, createTime=Mon Nov 11 20:40:34 CST 2024, updateTime=Mon Nov 11 20:40:34 CST 2024), User(id=1305633292036341762, userName=lz, password=null, role=role_admin, avatar=https://cdn.sunofbeaches.com/images/default_avatar.png, email=16430278@qq.com, sign=null, state=1, regIp=0:0:0:0:0:0:0:1, logIp=0:0:0:0:0:0:0:1, createTime=Mon Nov 11 20:40:34 CST 2024, updateTime=Mon Nov 11 20:40:34 CST 2024), User(id=1305633292036341763, userName=l, password=null, role=role_admin, avatar=https://cdn.sunofbeaches.com/images/default_avatar.png, email=1643027@qq.com, sign=null, state=1, regIp=0:0:0:0:0:0:0:1, logIp=0:0:0:0:0:0:0:1, createTime=Mon Nov 11 20:40:34 CST 2024, updateTime=Mon Nov 11 20:40:34 CST 2024), User(id=1305633292036341764, userName=lynnlzy, password=null, role=role_admin, avatar=https://cdn.sunofbeaches.com/images/default_avatar.png, email=164302@qq.com, sign=null, state=1, regIp=0:0:0:0:0:0:0:1, logIp=0:0:0:0:0:0:0:1, createTime=Mon Nov 11 20:40:34 CST 2024, updateTime=Mon Nov 11 20:40:34 CST 2024), User(id=1305633292036341765, userName=lynn_lzy, password=null, role=role_admin, avatar=https://cdn.sunofbeaches.com/images/default_avatar.png, email=16430@qq.com, sign=null, state=1, regIp=0:0:0:0:0:0:0:1, logIp=0:0:0:0:0:0:0:1, createTime=Mon Nov 11 20:40:34 CST 2024, updateTime=Mon Nov 11 20:40:34 CST 2024)] 
2024-12-07 [restartedMain] INFO com.lynnwork.sobblogsystem.SobBlogSystemApplication o.s.b.StartupInfoLogger - Starting SobBlogSystemApplication using Java 1.8.0_301 on DESKTOP-BOJ5191 with PID 11316 (C:\Users\kyle\Desktop\阳光沙滩工具\SobBlogSystemBackend\target\classes started by kyle in C:\Users\kyle\Desktop\阳光沙滩工具\SobBlogSystemBackend) 
2024-12-07 [restartedMain] INFO com.lynnwork.sobblogsystem.SobBlogSystemApplication o.s.b.SpringApplication - No active profile set, falling back to 1 default profile: "default" 
2024-12-07 [restartedMain] INFO com.lynnwork.sobblogsystem.SobBlogSystemApplication o.s.b.StartupInfoLogger - Starting SobBlogSystemApplication using Java 1.8.0_301 on DESKTOP-BOJ5191 with PID 11316 (C:\Users\kyle\Desktop\阳光沙滩工具\SobBlogSystemBackend\target\classes started by kyle in C:\Users\kyle\Desktop\阳光沙滩工具\SobBlogSystemBackend) 
2024-12-07 [restartedMain] INFO com.lynnwork.sobblogsystem.SobBlogSystemApplication o.s.b.SpringApplication - No active profile set, falling back to 1 default profile: "default" 
2024-12-07 [restartedMain] INFO com.lynnwork.sobblogsystem.SobBlogSystemApplication o.s.b.StartupInfoLogger - Started SobBlogSystemApplication in 2.645 seconds (JVM running for 395.091) 
2024-12-07 [restartedMain] INFO com.lynnwork.sobblogsystem.SobBlogSystemApplication o.s.b.StartupInfoLogger - Starting SobBlogSystemApplication using Java 1.8.0_301 on DESKTOP-BOJ5191 with PID 11316 (C:\Users\kyle\Desktop\阳光沙滩工具\SobBlogSystemBackend\target\classes started by kyle in C:\Users\kyle\Desktop\阳光沙滩工具\SobBlogSystemBackend) 
2024-12-07 [restartedMain] INFO com.lynnwork.sobblogsystem.SobBlogSystemApplication o.s.b.SpringApplication - No active profile set, falling back to 1 default profile: "default" 
2024-12-07 [restartedMain] INFO com.lynnwork.sobblogsystem.SobBlogSystemApplication o.s.b.StartupInfoLogger - Starting SobBlogSystemApplication using Java 1.8.0_301 on DESKTOP-BOJ5191 with PID 11316 (C:\Users\kyle\Desktop\阳光沙滩工具\SobBlogSystemBackend\target\classes started by kyle in C:\Users\kyle\Desktop\阳光沙滩工具\SobBlogSystemBackend) 
2024-12-07 [restartedMain] INFO com.lynnwork.sobblogsystem.SobBlogSystemApplication o.s.b.SpringApplication - No active profile set, falling back to 1 default profile: "default" 
2024-12-07 [restartedMain] INFO com.lynnwork.sobblogsystem.SobBlogSystemApplication o.s.b.StartupInfoLogger - Started SobBlogSystemApplication in 1.855 seconds (JVM running for 404.95) 
2024-12-07 [http-nio-8090-exec-1] INFO com.lynnwork.sobblogsystem.service.impl.UserServiceImpl c.l.s.s.i.UserServiceImpl - role:role_admin 
2024-12-07 [http-nio-8090-exec-1] INFO com.lynnwork.sobblogsystem.service.impl.UserServiceImpl c.l.s.s.i.UserServiceImpl - size:5 
2024-12-07 [http-nio-8090-exec-1] INFO com.lynnwork.sobblogsystem.service.impl.UserServiceImpl c.l.s.s.i.UserServiceImpl - pages:2 
2024-12-07 [http-nio-8090-exec-1] INFO com.lynnwork.sobblogsystem.service.impl.UserServiceImpl c.l.s.s.i.UserServiceImpl - total:10 
2024-12-07 [http-nio-8090-exec-1] INFO com.lynnwork.sobblogsystem.service.impl.UserServiceImpl c.l.s.s.i.UserServiceImpl - current:1 
2024-12-07 [http-nio-8090-exec-1] INFO com.lynnwork.sobblogsystem.service.impl.UserServiceImpl c.l.s.s.i.UserServiceImpl - records:[User(id=1861742302368747521, userName=lynn, password=null, role=role_admin, avatar=https://cdn.sunofbeaches.com/images/default_avatar.png, email=903586678@qq.com, sign=小小的我,有大大的梦想, state=1, regIp=0:0:0:0:0:0:0:1, logIp=0:0:0:0:0:0:0:1, createTime=Wed Nov 27 20:02:09 CST 2024, updateTime=Wed Nov 27 20:02:09 CST 2024), User(id=1861742302368747522, userName=kyle, password=null, role=role_admin, avatar=https://cdn.sunofbeaches.com/images/default_avatar.png, email=90358667@qq.com, sign=小小的我,有大大的梦想, state=1, regIp=0:0:0:0:0:0:0:1, logIp=0:0:0:0:0:0:0:1, createTime=Wed Nov 27 20:02:09 CST 2024, updateTime=Wed Nov 27 20:02:09 CST 2024), User(id=1861742302368747523, userName=jess, password=null, role=role_admin, avatar=https://cdn.sunofbeaches.com/images/default_avatar.png, email=9035866@qq.com, sign=小小的我,有大大的梦想, state=1, regIp=0:0:0:0:0:0:0:1, logIp=0:0:0:0:0:0:0:1, createTime=Wed Nov 27 20:02:09 CST 2024, updateTime=Wed Nov 27 20:02:09 CST 2024), User(id=1861742302368747524, userName=Aron, password=null, role=role_admin, avatar=https://cdn.sunofbeaches.com/images/default_avatar.png, email=903586@qq.com, sign=小小的我,有大大的梦想, state=1, regIp=0:0:0:0:0:0:0:1, logIp=0:0:0:0:0:0:0:1, createTime=Wed Nov 27 20:02:09 CST 2024, updateTime=Wed Nov 27 20:02:09 CST 2024), User(id=1305633292036341760, userName=lzy, password=null, role=role_admin, avatar=https://cdn.sunofbeaches.com/images/default_avatar.png, email=1643027833@qq.com, sign=null, state=1, regIp=0:0:0:0:0:0:0:1, logIp=0:0:0:0:0:0:0:1, createTime=Mon Nov 11 20:40:34 CST 2024, updateTime=Mon Nov 11 20:40:34 CST 2024)] 
2024-12-07 [restartedMain] INFO com.lynnwork.sobblogsystem.SobBlogSystemApplication o.s.b.StartupInfoLogger - Starting SobBlogSystemApplication using Java 1.8.0_301 on DESKTOP-BOJ5191 with PID 11316 (C:\Users\kyle\Desktop\阳光沙滩工具\SobBlogSystemBackend\target\classes started by kyle in C:\Users\kyle\Desktop\阳光沙滩工具\SobBlogSystemBackend) 
2024-12-07 [restartedMain] INFO com.lynnwork.sobblogsystem.SobBlogSystemApplication o.s.b.SpringApplication - No active profile set, falling back to 1 default profile: "default" 
2024-12-07 [restartedMain] INFO com.lynnwork.sobblogsystem.SobBlogSystemApplication o.s.b.StartupInfoLogger - Starting SobBlogSystemApplication using Java 1.8.0_301 on DESKTOP-BOJ5191 with PID 11316 (C:\Users\kyle\Desktop\阳光沙滩工具\SobBlogSystemBackend\target\classes started by kyle in C:\Users\kyle\Desktop\阳光沙滩工具\SobBlogSystemBackend) 
2024-12-07 [restartedMain] INFO com.lynnwork.sobblogsystem.SobBlogSystemApplication o.s.b.SpringApplication - No active profile set, falling back to 1 default profile: "default" 
2024-12-07 [restartedMain] INFO com.lynnwork.sobblogsystem.SobBlogSystemApplication o.s.b.StartupInfoLogger - Started SobBlogSystemApplication in 1.696 seconds (JVM running for 440.809) 
2024-12-07 [restartedMain] INFO com.lynnwork.sobblogsystem.SobBlogSystemApplication o.s.b.StartupInfoLogger - Starting SobBlogSystemApplication using Java 1.8.0_301 on DESKTOP-BOJ5191 with PID 11316 (C:\Users\kyle\Desktop\阳光沙滩工具\SobBlogSystemBackend\target\classes started by kyle in C:\Users\kyle\Desktop\阳光沙滩工具\SobBlogSystemBackend) 
2024-12-07 [restartedMain] INFO com.lynnwork.sobblogsystem.SobBlogSystemApplication o.s.b.SpringApplication - No active profile set, falling back to 1 default profile: "default" 
2024-12-07 [restartedMain] INFO com.lynnwork.sobblogsystem.SobBlogSystemApplication o.s.b.StartupInfoLogger - Starting SobBlogSystemApplication using Java 1.8.0_301 on DESKTOP-BOJ5191 with PID 11316 (C:\Users\kyle\Desktop\阳光沙滩工具\SobBlogSystemBackend\target\classes started by kyle in C:\Users\kyle\Desktop\阳光沙滩工具\SobBlogSystemBackend) 
2024-12-07 [restartedMain] INFO com.lynnwork.sobblogsystem.SobBlogSystemApplication o.s.b.SpringApplication - No active profile set, falling back to 1 default profile: "default" 
2024-12-07 [restartedMain] INFO com.lynnwork.sobblogsystem.SobBlogSystemApplication o.s.b.StartupInfoLogger - Started SobBlogSystemApplication in 2.104 seconds (JVM running for 1315.721) 
2024-12-07 [restartedMain] INFO com.lynnwork.sobblogsystem.SobBlogSystemApplication o.s.b.StartupInfoLogger - Starting SobBlogSystemApplication using Java 1.8.0_301 on DESKTOP-BOJ5191 with PID 11316 (C:\Users\kyle\Desktop\阳光沙滩工具\SobBlogSystemBackend\target\classes started by kyle in C:\Users\kyle\Desktop\阳光沙滩工具\SobBlogSystemBackend) 
2024-12-07 [restartedMain] INFO com.lynnwork.sobblogsystem.SobBlogSystemApplication o.s.b.SpringApplication - No active profile set, falling back to 1 default profile: "default" 
2024-12-07 [restartedMain] INFO com.lynnwork.sobblogsystem.SobBlogSystemApplication o.s.b.StartupInfoLogger - Starting SobBlogSystemApplication using Java 1.8.0_301 on DESKTOP-BOJ5191 with PID 11316 (C:\Users\kyle\Desktop\阳光沙滩工具\SobBlogSystemBackend\target\classes started by kyle in C:\Users\kyle\Desktop\阳光沙滩工具\SobBlogSystemBackend) 
2024-12-07 [restartedMain] INFO com.lynnwork.sobblogsystem.SobBlogSystemApplication o.s.b.SpringApplication - No active profile set, falling back to 1 default profile: "default" 
2024-12-07 [restartedMain] INFO com.lynnwork.sobblogsystem.SobBlogSystemApplication o.s.b.StartupInfoLogger - Started SobBlogSystemApplication in 1.747 seconds (JVM running for 1387.231) 
2024-12-07 [restartedMain] INFO com.lynnwork.sobblogsystem.SobBlogSystemApplication o.s.b.StartupInfoLogger - Starting SobBlogSystemApplication using Java 1.8.0_301 on DESKTOP-BOJ5191 with PID 11316 (C:\Users\kyle\Desktop\阳光沙滩工具\SobBlogSystemBackend\target\classes started by kyle in C:\Users\kyle\Desktop\阳光沙滩工具\SobBlogSystemBackend) 
2024-12-07 [restartedMain] INFO com.lynnwork.sobblogsystem.SobBlogSystemApplication o.s.b.SpringApplication - No active profile set, falling back to 1 default profile: "default" 
2024-12-07 [restartedMain] INFO com.lynnwork.sobblogsystem.SobBlogSystemApplication o.s.b.StartupInfoLogger - Starting SobBlogSystemApplication using Java 1.8.0_301 on DESKTOP-BOJ5191 with PID 11316 (C:\Users\kyle\Desktop\阳光沙滩工具\SobBlogSystemBackend\target\classes started by kyle in C:\Users\kyle\Desktop\阳光沙滩工具\SobBlogSystemBackend) 
2024-12-07 [restartedMain] INFO com.lynnwork.sobblogsystem.SobBlogSystemApplication o.s.b.SpringApplication - No active profile set, falling back to 1 default profile: "default" 
2024-12-07 [restartedMain] INFO com.lynnwork.sobblogsystem.SobBlogSystemApplication o.s.b.StartupInfoLogger - Started SobBlogSystemApplication in 1.627 seconds (JVM running for 1486.332) 
2024-12-07 [restartedMain] INFO com.lynnwork.sobblogsystem.SobBlogSystemApplication o.s.b.StartupInfoLogger - Starting SobBlogSystemApplication using Java 1.8.0_301 on DESKTOP-BOJ5191 with PID 11316 (C:\Users\kyle\Desktop\阳光沙滩工具\SobBlogSystemBackend\target\classes started by kyle in C:\Users\kyle\Desktop\阳光沙滩工具\SobBlogSystemBackend) 
2024-12-07 [restartedMain] INFO com.lynnwork.sobblogsystem.SobBlogSystemApplication o.s.b.SpringApplication - No active profile set, falling back to 1 default profile: "default" 
2024-12-07 [restartedMain] INFO com.lynnwork.sobblogsystem.SobBlogSystemApplication o.s.b.StartupInfoLogger - Starting SobBlogSystemApplication using Java 1.8.0_301 on DESKTOP-BOJ5191 with PID 11316 (C:\Users\kyle\Desktop\阳光沙滩工具\SobBlogSystemBackend\target\classes started by kyle in C:\Users\kyle\Desktop\阳光沙滩工具\SobBlogSystemBackend) 
2024-12-07 [restartedMain] INFO com.lynnwork.sobblogsystem.SobBlogSystemApplication o.s.b.SpringApplication - No active profile set, falling back to 1 default profile: "default" 
2024-12-07 [restartedMain] INFO com.lynnwork.sobblogsystem.SobBlogSystemApplication o.s.b.StartupInfoLogger - Started SobBlogSystemApplication in 1.703 seconds (JVM running for 1571.12) 
2024-12-07 [restartedMain] INFO com.lynnwork.sobblogsystem.SobBlogSystemApplication o.s.b.StartupInfoLogger - Starting SobBlogSystemApplication using Java 1.8.0_301 on DESKTOP-BOJ5191 with PID 11316 (C:\Users\kyle\Desktop\阳光沙滩工具\SobBlogSystemBackend\target\classes started by kyle in C:\Users\kyle\Desktop\阳光沙滩工具\SobBlogSystemBackend) 
2024-12-07 [restartedMain] INFO com.lynnwork.sobblogsystem.SobBlogSystemApplication o.s.b.SpringApplication - No active profile set, falling back to 1 default profile: "default" 
2024-12-07 [restartedMain] INFO com.lynnwork.sobblogsystem.SobBlogSystemApplication o.s.b.StartupInfoLogger - Starting SobBlogSystemApplication using Java 1.8.0_301 on DESKTOP-BOJ5191 with PID 11316 (C:\Users\kyle\Desktop\阳光沙滩工具\SobBlogSystemBackend\target\classes started by kyle in C:\Users\kyle\Desktop\阳光沙滩工具\SobBlogSystemBackend) 
2024-12-07 [restartedMain] INFO com.lynnwork.sobblogsystem.SobBlogSystemApplication o.s.b.SpringApplication - No active profile set, falling back to 1 default profile: "default" 
2024-12-07 [restartedMain] INFO com.lynnwork.sobblogsystem.SobBlogSystemApplication o.s.b.StartupInfoLogger - Started SobBlogSystemApplication in 1.722 seconds (JVM running for 1657.227) 
2024-12-07 [restartedMain] INFO com.lynnwork.sobblogsystem.SobBlogSystemApplication o.s.b.StartupInfoLogger - Starting SobBlogSystemApplication using Java 1.8.0_301 on DESKTOP-BOJ5191 with PID 11316 (C:\Users\kyle\Desktop\阳光沙滩工具\SobBlogSystemBackend\target\classes started by kyle in C:\Users\kyle\Desktop\阳光沙滩工具\SobBlogSystemBackend) 
2024-12-07 [restartedMain] INFO com.lynnwork.sobblogsystem.SobBlogSystemApplication o.s.b.SpringApplication - No active profile set, falling back to 1 default profile: "default" 
2024-12-07 [restartedMain] INFO com.lynnwork.sobblogsystem.SobBlogSystemApplication o.s.b.StartupInfoLogger - Started SobBlogSystemApplication in 1.912 seconds (JVM running for 2674.409) 
2024-12-07 [restartedMain] INFO com.lynnwork.sobblogsystem.SobBlogSystemApplication o.s.b.StartupInfoLogger - Starting SobBlogSystemApplication using Java 1.8.0_301 on DESKTOP-BOJ5191 with PID 11316 (C:\Users\kyle\Desktop\阳光沙滩工具\SobBlogSystemBackend\target\classes started by kyle in C:\Users\kyle\Desktop\阳光沙滩工具\SobBlogSystemBackend) 
2024-12-07 [restartedMain] INFO com.lynnwork.sobblogsystem.SobBlogSystemApplication o.s.b.SpringApplication - No active profile set, falling back to 1 default profile: "default" 
2024-12-07 [restartedMain] INFO com.lynnwork.sobblogsystem.SobBlogSystemApplication o.s.b.StartupInfoLogger - Started SobBlogSystemApplication in 1.998 seconds (JVM running for 2678.419) 
2024-12-07 [restartedMain] INFO com.lynnwork.sobblogsystem.SobBlogSystemApplication o.s.b.StartupInfoLogger - Starting SobBlogSystemApplication using Java 1.8.0_301 on DESKTOP-BOJ5191 with PID 11316 (C:\Users\kyle\Desktop\阳光沙滩工具\SobBlogSystemBackend\target\classes started by kyle in C:\Users\kyle\Desktop\阳光沙滩工具\SobBlogSystemBackend) 
2024-12-07 [restartedMain] INFO com.lynnwork.sobblogsystem.SobBlogSystemApplication o.s.b.SpringApplication - No active profile set, falling back to 1 default profile: "default" 
2024-12-07 [restartedMain] INFO com.lynnwork.sobblogsystem.SobBlogSystemApplication o.s.b.StartupInfoLogger - Started SobBlogSystemApplication in 2.213 seconds (JVM running for 11219.442) 
2024-12-07 [restartedMain] INFO com.lynnwork.sobblogsystem.SobBlogSystemApplication o.s.b.StartupInfoLogger - Starting SobBlogSystemApplication using Java 1.8.0_301 on DESKTOP-BOJ5191 with PID 11316 (C:\Users\kyle\Desktop\阳光沙滩工具\SobBlogSystemBackend\target\classes started by kyle in C:\Users\kyle\Desktop\阳光沙滩工具\SobBlogSystemBackend) 
2024-12-07 [restartedMain] INFO com.lynnwork.sobblogsystem.SobBlogSystemApplication o.s.b.SpringApplication - No active profile set, falling back to 1 default profile: "default" 
2024-12-07 [restartedMain] INFO com.lynnwork.sobblogsystem.SobBlogSystemApplication o.s.b.StartupInfoLogger - Started SobBlogSystemApplication in 2.766 seconds (JVM running for 11893.469) 
2024-12-07 [restartedMain] INFO com.lynnwork.sobblogsystem.SobBlogSystemApplication o.s.b.StartupInfoLogger - Starting SobBlogSystemApplication using Java 1.8.0_301 on DESKTOP-BOJ5191 with PID 11316 (C:\Users\kyle\Desktop\阳光沙滩工具\SobBlogSystemBackend\target\classes started by kyle in C:\Users\kyle\Desktop\阳光沙滩工具\SobBlogSystemBackend) 
2024-12-07 [restartedMain] INFO com.lynnwork.sobblogsystem.SobBlogSystemApplication o.s.b.SpringApplication - No active profile set, falling back to 1 default profile: "default" 
2024-12-07 [restartedMain] INFO com.lynnwork.sobblogsystem.SobBlogSystemApplication o.s.b.StartupInfoLogger - Started SobBlogSystemApplication in 2.156 seconds (JVM running for 11897.966) 
2024-12-07 [restartedMain] INFO com.lynnwork.sobblogsystem.SobBlogSystemApplication o.s.b.StartupInfoLogger - Starting SobBlogSystemApplication using Java 1.8.0_301 on DESKTOP-BOJ5191 with PID 11316 (C:\Users\kyle\Desktop\阳光沙滩工具\SobBlogSystemBackend\target\classes started by kyle in C:\Users\kyle\Desktop\阳光沙滩工具\SobBlogSystemBackend) 
2024-12-07 [restartedMain] INFO com.lynnwork.sobblogsystem.SobBlogSystemApplication o.s.b.SpringApplication - No active profile set, falling back to 1 default profile: "default" 
2024-12-07 [restartedMain] INFO com.lynnwork.sobblogsystem.SobBlogSystemApplication o.s.b.StartupInfoLogger - Started SobBlogSystemApplication in 2.623 seconds (JVM running for 11981.316) 
2024-12-07 [restartedMain] INFO com.lynnwork.sobblogsystem.SobBlogSystemApplication o.s.b.StartupInfoLogger - Starting SobBlogSystemApplication using Java 1.8.0_301 on DESKTOP-BOJ5191 with PID 11316 (C:\Users\kyle\Desktop\阳光沙滩工具\SobBlogSystemBackend\target\classes started by kyle in C:\Users\kyle\Desktop\阳光沙滩工具\SobBlogSystemBackend) 
2024-12-07 [restartedMain] INFO com.lynnwork.sobblogsystem.SobBlogSystemApplication o.s.b.SpringApplication - No active profile set, falling back to 1 default profile: "default" 
2024-12-07 [restartedMain] INFO com.lynnwork.sobblogsystem.SobBlogSystemApplication o.s.b.StartupInfoLogger - Started SobBlogSystemApplication in 2.754 seconds (JVM running for 12121.204) 
2024-12-07 [restartedMain] INFO com.lynnwork.sobblogsystem.SobBlogSystemApplication o.s.b.StartupInfoLogger - Starting SobBlogSystemApplication using Java 1.8.0_301 on DESKTOP-BOJ5191 with PID 11316 (C:\Users\kyle\Desktop\阳光沙滩工具\SobBlogSystemBackend\target\classes started by kyle in C:\Users\kyle\Desktop\阳光沙滩工具\SobBlogSystemBackend) 
2024-12-07 [restartedMain] INFO com.lynnwork.sobblogsystem.SobBlogSystemApplication o.s.b.SpringApplication - No active profile set, falling back to 1 default profile: "default" 
2024-12-07 [restartedMain] INFO com.lynnwork.sobblogsystem.SobBlogSystemApplication o.s.b.StartupInfoLogger - Started SobBlogSystemApplication in 2.09 seconds (JVM running for 12125.758) 
2024-12-07 [restartedMain] INFO com.lynnwork.sobblogsystem.SobBlogSystemApplication o.s.b.StartupInfoLogger - Starting SobBlogSystemApplication using Java 1.8.0_301 on DESKTOP-BOJ5191 with PID 11316 (C:\Users\kyle\Desktop\阳光沙滩工具\SobBlogSystemBackend\target\classes started by kyle in C:\Users\kyle\Desktop\阳光沙滩工具\SobBlogSystemBackend) 
2024-12-07 [restartedMain] INFO com.lynnwork.sobblogsystem.SobBlogSystemApplication o.s.b.SpringApplication - No active profile set, falling back to 1 default profile: "default" 
2024-12-07 [restartedMain] INFO com.lynnwork.sobblogsystem.SobBlogSystemApplication o.s.b.StartupInfoLogger - Started SobBlogSystemApplication in 2.678 seconds (JVM running for 12320.305) 
2024-12-07 [restartedMain] INFO com.lynnwork.sobblogsystem.SobBlogSystemApplication o.s.b.StartupInfoLogger - Starting SobBlogSystemApplication using Java 1.8.0_301 on DESKTOP-BOJ5191 with PID 11316 (C:\Users\kyle\Desktop\阳光沙滩工具\SobBlogSystemBackend\target\classes started by kyle in C:\Users\kyle\Desktop\阳光沙滩工具\SobBlogSystemBackend) 
2024-12-07 [restartedMain] INFO com.lynnwork.sobblogsystem.SobBlogSystemApplication o.s.b.SpringApplication - No active profile set, falling back to 1 default profile: "default" 
2024-12-07 [restartedMain] INFO com.lynnwork.sobblogsystem.SobBlogSystemApplication o.s.b.StartupInfoLogger - Started SobBlogSystemApplication in 2.196 seconds (JVM running for 12325.403) 
2024-12-07 [restartedMain] INFO com.lynnwork.sobblogsystem.SobBlogSystemApplication o.s.b.StartupInfoLogger - Starting SobBlogSystemApplication using Java 1.8.0_301 on DESKTOP-BOJ5191 with PID 24632 (C:\Users\kyle\Desktop\阳光沙滩工具\SobBlogSystemBackend\target\classes started by kyle in C:\Users\kyle\Desktop\阳光沙滩工具\SobBlogSystemBackend) 
2024-12-07 [restartedMain] INFO com.lynnwork.sobblogsystem.SobBlogSystemApplication o.s.b.SpringApplication - No active profile set, falling back to 1 default profile: "default" 
2024-12-07 [restartedMain] INFO com.lynnwork.sobblogsystem.SobBlogSystemApplication o.s.b.StartupInfoLogger - Started SobBlogSystemApplication in 6.18 seconds (JVM running for 8.167) 
2024-12-07 [restartedMain] INFO com.lynnwork.sobblogsystem.SobBlogSystemApplication o.s.b.StartupInfoLogger - Starting SobBlogSystemApplication using Java 1.8.0_301 on DESKTOP-BOJ5191 with PID 24632 (C:\Users\kyle\Desktop\阳光沙滩工具\SobBlogSystemBackend\target\classes started by kyle in C:\Users\kyle\Desktop\阳光沙滩工具\SobBlogSystemBackend) 
2024-12-07 [restartedMain] INFO com.lynnwork.sobblogsystem.SobBlogSystemApplication o.s.b.SpringApplication - No active profile set, falling back to 1 default profile: "default" 
2024-12-07 [restartedMain] INFO com.lynnwork.sobblogsystem.SobBlogSystemApplication o.s.b.StartupInfoLogger - Started SobBlogSystemApplication in 2.9 seconds (JVM running for 252.897) 
2024-12-07 [restartedMain] INFO com.lynnwork.sobblogsystem.SobBlogSystemApplication o.s.b.StartupInfoLogger - Starting SobBlogSystemApplication using Java 1.8.0_301 on DESKTOP-BOJ5191 with PID 24632 (C:\Users\kyle\Desktop\阳光沙滩工具\SobBlogSystemBackend\target\classes started by kyle in C:\Users\kyle\Desktop\阳光沙滩工具\SobBlogSystemBackend) 
2024-12-07 [restartedMain] INFO com.lynnwork.sobblogsystem.SobBlogSystemApplication o.s.b.SpringApplication - No active profile set, falling back to 1 default profile: "default" 
2024-12-07 [restartedMain] INFO com.lynnwork.sobblogsystem.SobBlogSystemApplication o.s.b.StartupInfoLogger - Started SobBlogSystemApplication in 2.256 seconds (JVM running for 257.504) 
2024-12-07 [http-nio-8090-exec-1] INFO com.lynnwork.sobblogsystem.service.impl.PermissionService c.l.s.s.i.PermissionService - user:User(id=1861742302368747522, userName=kyle, password=null, role=role_admin, avatar=https://cdn.sunofbeaches.com/images/default_avatar.png, email=90358667@qq.com, sign=小小的我,有大大的梦想, state=1, regIp=null, logIp=null, createTime=null, updateTime=null) 
2024-12-07 [http-nio-8090-exec-7] INFO com.lynnwork.sobblogsystem.service.impl.UserServiceImpl c.l.s.s.i.UserServiceImpl - refreshTokenFromDbByTokenKey:RefreshToken(id=1315049676877070336, refreshToken=eyJhbGciOiJIUzI1NiJ9.eyJqdGkiOiIxODYxNzQyMzAyMzY4NzQ3NTIyIiwiaWF0IjoxNzMzNTczODc1LCJleHAiOjE3MzM1NzY0Njd9.e0-A0EHAFVXEoWp6nOkuZUNfjJpe-c-fz0k-h0Bsuok, userId=1861742302368747522, tokenKey=8a6f39dc2b15673b50c4560353db3066, createTime=Sat Dec 07 20:17:55 CST 2024, updateTime=Sat Dec 07 20:17:55 CST 2024) 
2024-12-07 [http-nio-8090-exec-7] INFO com.lynnwork.sobblogsystem.service.impl.PermissionService c.l.s.s.i.PermissionService - user:User(id=1861742302368747522, userName=kyle, password=null, role=, avatar=https://cdn.sunofbeaches.com/images/default_avatar.png, email=90358667@qq.com, sign=小小的我，也有大大的梦想, state=1, regIp=null, logIp=null, createTime=null, updateTime=null) 
2024-12-07 [http-nio-8090-exec-5] INFO com.lynnwork.sobblogsystem.service.impl.PermissionService c.l.s.s.i.PermissionService - user:User(id=1861742302368747522, userName=kyle, password=null, role=, avatar=https://cdn.sunofbeaches.com/images/default_avatar.png, email=90358667@qq.com, sign=小小的我，也有大大的梦想, state=1, regIp=null, logIp=null, createTime=null, updateTime=null) 
2024-12-07 [restartedMain] INFO com.lynnwork.sobblogsystem.SobBlogSystemApplication o.s.b.StartupInfoLogger - Starting SobBlogSystemApplication using Java 1.8.0_301 on DESKTOP-BOJ5191 with PID 24632 (C:\Users\kyle\Desktop\阳光沙滩工具\SobBlogSystemBackend\target\classes started by kyle in C:\Users\kyle\Desktop\阳光沙滩工具\SobBlogSystemBackend) 
2024-12-07 [restartedMain] INFO com.lynnwork.sobblogsystem.SobBlogSystemApplication o.s.b.SpringApplication - No active profile set, falling back to 1 default profile: "default" 
2024-12-07 [restartedMain] INFO com.lynnwork.sobblogsystem.SobBlogSystemApplication o.s.b.StartupInfoLogger - Started SobBlogSystemApplication in 2.751 seconds (JVM running for 432.402) 
2024-12-07 [restartedMain] INFO com.lynnwork.sobblogsystem.SobBlogSystemApplication o.s.b.StartupInfoLogger - Starting SobBlogSystemApplication using Java 1.8.0_301 on DESKTOP-BOJ5191 with PID 24632 (C:\Users\kyle\Desktop\阳光沙滩工具\SobBlogSystemBackend\target\classes started by kyle in C:\Users\kyle\Desktop\阳光沙滩工具\SobBlogSystemBackend) 
2024-12-07 [restartedMain] INFO com.lynnwork.sobblogsystem.SobBlogSystemApplication o.s.b.SpringApplication - No active profile set, falling back to 1 default profile: "default" 
2024-12-07 [restartedMain] INFO com.lynnwork.sobblogsystem.SobBlogSystemApplication o.s.b.StartupInfoLogger - Started SobBlogSystemApplication in 2.171 seconds (JVM running for 436.903) 
2024-12-07 [restartedMain] INFO com.lynnwork.sobblogsystem.SobBlogSystemApplication o.s.b.StartupInfoLogger - Starting SobBlogSystemApplication using Java 1.8.0_301 on DESKTOP-BOJ5191 with PID 24632 (C:\Users\kyle\Desktop\阳光沙滩工具\SobBlogSystemBackend\target\classes started by kyle in C:\Users\kyle\Desktop\阳光沙滩工具\SobBlogSystemBackend) 
2024-12-07 [restartedMain] INFO com.lynnwork.sobblogsystem.SobBlogSystemApplication o.s.b.SpringApplication - No active profile set, falling back to 1 default profile: "default" 
2024-12-07 [restartedMain] INFO com.lynnwork.sobblogsystem.SobBlogSystemApplication o.s.b.StartupInfoLogger - Started SobBlogSystemApplication in 2.213 seconds (JVM running for 980.969) 
2024-12-07 [restartedMain] INFO com.lynnwork.sobblogsystem.SobBlogSystemApplication o.s.b.StartupInfoLogger - Starting SobBlogSystemApplication using Java 1.8.0_301 on DESKTOP-BOJ5191 with PID 24632 (C:\Users\kyle\Desktop\阳光沙滩工具\SobBlogSystemBackend\target\classes started by kyle in C:\Users\kyle\Desktop\阳光沙滩工具\SobBlogSystemBackend) 
2024-12-07 [restartedMain] INFO com.lynnwork.sobblogsystem.SobBlogSystemApplication o.s.b.SpringApplication - No active profile set, falling back to 1 default profile: "default" 
2024-12-07 [restartedMain] INFO com.lynnwork.sobblogsystem.SobBlogSystemApplication o.s.b.StartupInfoLogger - Started SobBlogSystemApplication in 2.535 seconds (JVM running for 1346.191) 
2024-12-07 [restartedMain] INFO com.lynnwork.sobblogsystem.SobBlogSystemApplication o.s.b.StartupInfoLogger - Starting SobBlogSystemApplication using Java 1.8.0_301 on DESKTOP-BOJ5191 with PID 24632 (C:\Users\kyle\Desktop\阳光沙滩工具\SobBlogSystemBackend\target\classes started by kyle in C:\Users\kyle\Desktop\阳光沙滩工具\SobBlogSystemBackend) 
2024-12-07 [restartedMain] INFO com.lynnwork.sobblogsystem.SobBlogSystemApplication o.s.b.SpringApplication - No active profile set, falling back to 1 default profile: "default" 
2024-12-07 [restartedMain] INFO com.lynnwork.sobblogsystem.SobBlogSystemApplication o.s.b.StartupInfoLogger - Started SobBlogSystemApplication in 2.146 seconds (JVM running for 1350.626) 
2024-12-07 [restartedMain] INFO com.lynnwork.sobblogsystem.SobBlogSystemApplication o.s.b.StartupInfoLogger - Starting SobBlogSystemApplication using Java 1.8.0_301 on DESKTOP-BOJ5191 with PID 24632 (C:\Users\kyle\Desktop\阳光沙滩工具\SobBlogSystemBackend\target\classes started by kyle in C:\Users\kyle\Desktop\阳光沙滩工具\SobBlogSystemBackend) 
2024-12-07 [restartedMain] INFO com.lynnwork.sobblogsystem.SobBlogSystemApplication o.s.b.SpringApplication - No active profile set, falling back to 1 default profile: "default" 
2024-12-07 [restartedMain] INFO com.lynnwork.sobblogsystem.SobBlogSystemApplication o.s.b.StartupInfoLogger - Started SobBlogSystemApplication in 2.579 seconds (JVM running for 2166.963) 
2024-12-07 [restartedMain] INFO com.lynnwork.sobblogsystem.SobBlogSystemApplication o.s.b.StartupInfoLogger - Starting SobBlogSystemApplication using Java 1.8.0_301 on DESKTOP-BOJ5191 with PID 24632 (C:\Users\kyle\Desktop\阳光沙滩工具\SobBlogSystemBackend\target\classes started by kyle in C:\Users\kyle\Desktop\阳光沙滩工具\SobBlogSystemBackend) 
2024-12-07 [restartedMain] INFO com.lynnwork.sobblogsystem.SobBlogSystemApplication o.s.b.SpringApplication - No active profile set, falling back to 1 default profile: "default" 
2024-12-07 [restartedMain] INFO com.lynnwork.sobblogsystem.SobBlogSystemApplication o.s.b.StartupInfoLogger - Starting SobBlogSystemApplication using Java 1.8.0_301 on DESKTOP-BOJ5191 with PID 24632 (C:\Users\kyle\Desktop\阳光沙滩工具\SobBlogSystemBackend\target\classes started by kyle in C:\Users\kyle\Desktop\阳光沙滩工具\SobBlogSystemBackend) 
2024-12-07 [restartedMain] INFO com.lynnwork.sobblogsystem.SobBlogSystemApplication o.s.b.SpringApplication - No active profile set, falling back to 1 default profile: "default" 
2024-12-07 [restartedMain] INFO com.lynnwork.sobblogsystem.SobBlogSystemApplication o.s.b.StartupInfoLogger - Started SobBlogSystemApplication in 2.834 seconds (JVM running for 2696.733) 
2024-12-07 [restartedMain] INFO com.lynnwork.sobblogsystem.SobBlogSystemApplication o.s.b.StartupInfoLogger - Starting SobBlogSystemApplication using Java 1.8.0_301 on DESKTOP-BOJ5191 with PID 22236 (C:\Users\kyle\Desktop\阳光沙滩工具\SobBlogSystemBackend\target\classes started by kyle in C:\Users\kyle\Desktop\阳光沙滩工具\SobBlogSystemBackend) 
2024-12-07 [restartedMain] INFO com.lynnwork.sobblogsystem.SobBlogSystemApplication o.s.b.SpringApplication - No active profile set, falling back to 1 default profile: "default" 
2024-12-07 [restartedMain] INFO com.lynnwork.sobblogsystem.SobBlogSystemApplication o.s.b.StartupInfoLogger - Started SobBlogSystemApplication in 6.124 seconds (JVM running for 7.731) 
2024-12-07 [restartedMain] INFO com.lynnwork.sobblogsystem.SobBlogSystemApplication o.s.b.StartupInfoLogger - Starting SobBlogSystemApplication using Java 1.8.0_301 on DESKTOP-BOJ5191 with PID 9804 (C:\Users\kyle\Desktop\阳光沙滩工具\SobBlogSystemBackend\target\classes started by kyle in C:\Users\kyle\Desktop\阳光沙滩工具\SobBlogSystemBackend) 
2024-12-07 [restartedMain] INFO com.lynnwork.sobblogsystem.SobBlogSystemApplication o.s.b.SpringApplication - No active profile set, falling back to 1 default profile: "default" 
2024-12-07 [restartedMain] INFO com.lynnwork.sobblogsystem.SobBlogSystemApplication o.s.b.StartupInfoLogger - Started SobBlogSystemApplication in 5.906 seconds (JVM running for 7.585) 
2024-12-07 [restartedMain] INFO com.lynnwork.sobblogsystem.SobBlogSystemApplication o.s.b.StartupInfoLogger - Starting SobBlogSystemApplication using Java 1.8.0_301 on DESKTOP-BOJ5191 with PID 9804 (C:\Users\kyle\Desktop\阳光沙滩工具\SobBlogSystemBackend\target\classes started by kyle in C:\Users\kyle\Desktop\阳光沙滩工具\SobBlogSystemBackend) 
2024-12-07 [restartedMain] INFO com.lynnwork.sobblogsystem.SobBlogSystemApplication o.s.b.SpringApplication - No active profile set, falling back to 1 default profile: "default" 
2024-12-07 [restartedMain] INFO com.lynnwork.sobblogsystem.SobBlogSystemApplication o.s.b.StartupInfoLogger - Started SobBlogSystemApplication in 2.572 seconds (JVM running for 898.576) 
2024-12-07 [restartedMain] INFO com.lynnwork.sobblogsystem.SobBlogSystemApplication o.s.b.StartupInfoLogger - Starting SobBlogSystemApplication using Java 1.8.0_301 on DESKTOP-BOJ5191 with PID 9804 (C:\Users\kyle\Desktop\阳光沙滩工具\SobBlogSystemBackend\target\classes started by kyle in C:\Users\kyle\Desktop\阳光沙滩工具\SobBlogSystemBackend) 
2024-12-07 [restartedMain] INFO com.lynnwork.sobblogsystem.SobBlogSystemApplication o.s.b.SpringApplication - No active profile set, falling back to 1 default profile: "default" 
2024-12-07 [restartedMain] INFO com.lynnwork.sobblogsystem.SobBlogSystemApplication o.s.b.StartupInfoLogger - Started SobBlogSystemApplication in 2.176 seconds (JVM running for 903.082) 
2024-12-07 [restartedMain] INFO com.lynnwork.sobblogsystem.SobBlogSystemApplication o.s.b.StartupInfoLogger - Starting SobBlogSystemApplication using Java 1.8.0_301 on DESKTOP-BOJ5191 with PID 20500 (C:\Users\kyle\Desktop\阳光沙滩工具\SobBlogSystemBackend\target\classes started by kyle in C:\Users\kyle\Desktop\阳光沙滩工具\SobBlogSystemBackend) 
2024-12-07 [restartedMain] INFO com.lynnwork.sobblogsystem.SobBlogSystemApplication o.s.b.SpringApplication - No active profile set, falling back to 1 default profile: "default" 
2024-12-07 [restartedMain] INFO com.lynnwork.sobblogsystem.SobBlogSystemApplication o.s.b.StartupInfoLogger - Started SobBlogSystemApplication in 5.794 seconds (JVM running for 7.428) 
2024-12-07 [restartedMain] INFO com.lynnwork.sobblogsystem.SobBlogSystemApplication o.s.b.StartupInfoLogger - Starting SobBlogSystemApplication using Java 1.8.0_301 on DESKTOP-BOJ5191 with PID 20500 (C:\Users\kyle\Desktop\阳光沙滩工具\SobBlogSystemBackend\target\classes started by kyle in C:\Users\kyle\Desktop\阳光沙滩工具\SobBlogSystemBackend) 
2024-12-07 [restartedMain] INFO com.lynnwork.sobblogsystem.SobBlogSystemApplication o.s.b.SpringApplication - No active profile set, falling back to 1 default profile: "default" 
2024-12-07 [restartedMain] INFO com.lynnwork.sobblogsystem.SobBlogSystemApplication o.s.b.StartupInfoLogger - Started SobBlogSystemApplication in 2.764 seconds (JVM running for 66.275) 
2024-12-07 [restartedMain] INFO com.lynnwork.sobblogsystem.SobBlogSystemApplication o.s.b.StartupInfoLogger - Starting SobBlogSystemApplication using Java 1.8.0_301 on DESKTOP-BOJ5191 with PID 20500 (C:\Users\kyle\Desktop\阳光沙滩工具\SobBlogSystemBackend\target\classes started by kyle in C:\Users\kyle\Desktop\阳光沙滩工具\SobBlogSystemBackend) 
2024-12-07 [restartedMain] INFO com.lynnwork.sobblogsystem.SobBlogSystemApplication o.s.b.SpringApplication - No active profile set, falling back to 1 default profile: "default" 
2024-12-07 [restartedMain] INFO com.lynnwork.sobblogsystem.SobBlogSystemApplication o.s.b.StartupInfoLogger - Started SobBlogSystemApplication in 2.654 seconds (JVM running for 71.498) 
2024-12-07 [restartedMain] INFO com.lynnwork.sobblogsystem.SobBlogSystemApplication o.s.b.StartupInfoLogger - Starting SobBlogSystemApplication using Java 1.8.0_301 on DESKTOP-BOJ5191 with PID 20500 (C:\Users\kyle\Desktop\阳光沙滩工具\SobBlogSystemBackend\target\classes started by kyle in C:\Users\kyle\Desktop\阳光沙滩工具\SobBlogSystemBackend) 
2024-12-07 [restartedMain] INFO com.lynnwork.sobblogsystem.SobBlogSystemApplication o.s.b.SpringApplication - No active profile set, falling back to 1 default profile: "default" 
2024-12-07 [restartedMain] INFO com.lynnwork.sobblogsystem.SobBlogSystemApplication o.s.b.StartupInfoLogger - Started SobBlogSystemApplication in 2.553 seconds (JVM running for 145.891) 
2024-12-07 [restartedMain] INFO com.lynnwork.sobblogsystem.SobBlogSystemApplication o.s.b.StartupInfoLogger - Starting SobBlogSystemApplication using Java 1.8.0_301 on DESKTOP-BOJ5191 with PID 20500 (C:\Users\kyle\Desktop\阳光沙滩工具\SobBlogSystemBackend\target\classes started by kyle in C:\Users\kyle\Desktop\阳光沙滩工具\SobBlogSystemBackend) 
2024-12-07 [restartedMain] INFO com.lynnwork.sobblogsystem.SobBlogSystemApplication o.s.b.SpringApplication - No active profile set, falling back to 1 default profile: "default" 
2024-12-07 [restartedMain] INFO com.lynnwork.sobblogsystem.SobBlogSystemApplication o.s.b.StartupInfoLogger - Started SobBlogSystemApplication in 2.229 seconds (JVM running for 150.707) 
2024-12-07 [restartedMain] INFO com.lynnwork.sobblogsystem.SobBlogSystemApplication o.s.b.StartupInfoLogger - Starting SobBlogSystemApplication using Java 1.8.0_301 on DESKTOP-BOJ5191 with PID 4196 (C:\Users\kyle\Desktop\阳光沙滩工具\SobBlogSystemBackend\target\classes started by kyle in C:\Users\kyle\Desktop\阳光沙滩工具\SobBlogSystemBackend) 
2024-12-07 [restartedMain] INFO com.lynnwork.sobblogsystem.SobBlogSystemApplication o.s.b.SpringApplication - No active profile set, falling back to 1 default profile: "default" 
2024-12-07 [restartedMain] INFO com.lynnwork.sobblogsystem.SobBlogSystemApplication o.s.b.StartupInfoLogger - Started SobBlogSystemApplication in 6.081 seconds (JVM running for 8.181) 
2024-12-07 [restartedMain] INFO com.lynnwork.sobblogsystem.SobBlogSystemApplication o.s.b.StartupInfoLogger - Starting SobBlogSystemApplication using Java 1.8.0_301 on DESKTOP-BOJ5191 with PID 4196 (C:\Users\kyle\Desktop\阳光沙滩工具\SobBlogSystemBackend\target\classes started by kyle in C:\Users\kyle\Desktop\阳光沙滩工具\SobBlogSystemBackend) 
2024-12-07 [restartedMain] INFO com.lynnwork.sobblogsystem.SobBlogSystemApplication o.s.b.SpringApplication - No active profile set, falling back to 1 default profile: "default" 
2024-12-07 [restartedMain] INFO com.lynnwork.sobblogsystem.SobBlogSystemApplication o.s.b.StartupInfoLogger - Started SobBlogSystemApplication in 2.884 seconds (JVM running for 211.598) 
2024-12-07 [restartedMain] INFO com.lynnwork.sobblogsystem.SobBlogSystemApplication o.s.b.StartupInfoLogger - Starting SobBlogSystemApplication using Java 1.8.0_301 on DESKTOP-BOJ5191 with PID 4196 (C:\Users\kyle\Desktop\阳光沙滩工具\SobBlogSystemBackend\target\classes started by kyle in C:\Users\kyle\Desktop\阳光沙滩工具\SobBlogSystemBackend) 
2024-12-07 [restartedMain] INFO com.lynnwork.sobblogsystem.SobBlogSystemApplication o.s.b.SpringApplication - No active profile set, falling back to 1 default profile: "default" 
2024-12-07 [restartedMain] INFO com.lynnwork.sobblogsystem.SobBlogSystemApplication o.s.b.StartupInfoLogger - Started SobBlogSystemApplication in 2.202 seconds (JVM running for 258.314) 
2024-12-07 [restartedMain] INFO com.lynnwork.sobblogsystem.SobBlogSystemApplication o.s.b.StartupInfoLogger - Starting SobBlogSystemApplication using Java 1.8.0_301 on DESKTOP-BOJ5191 with PID 4196 (C:\Users\kyle\Desktop\阳光沙滩工具\SobBlogSystemBackend\target\classes started by kyle in C:\Users\kyle\Desktop\阳光沙滩工具\SobBlogSystemBackend) 
2024-12-07 [restartedMain] INFO com.lynnwork.sobblogsystem.SobBlogSystemApplication o.s.b.SpringApplication - No active profile set, falling back to 1 default profile: "default" 
2024-12-07 [restartedMain] INFO com.lynnwork.sobblogsystem.SobBlogSystemApplication o.s.b.StartupInfoLogger - Started SobBlogSystemApplication in 2.964 seconds (JVM running for 999.859) 
2024-12-07 [restartedMain] INFO com.lynnwork.sobblogsystem.SobBlogSystemApplication o.s.b.StartupInfoLogger - Starting SobBlogSystemApplication using Java 1.8.0_301 on DESKTOP-BOJ5191 with PID 4196 (C:\Users\kyle\Desktop\阳光沙滩工具\SobBlogSystemBackend\target\classes started by kyle in C:\Users\kyle\Desktop\阳光沙滩工具\SobBlogSystemBackend) 
2024-12-07 [restartedMain] INFO com.lynnwork.sobblogsystem.SobBlogSystemApplication o.s.b.SpringApplication - No active profile set, falling back to 1 default profile: "default" 
2024-12-07 [restartedMain] INFO com.lynnwork.sobblogsystem.SobBlogSystemApplication o.s.b.StartupInfoLogger - Started SobBlogSystemApplication in 2.206 seconds (JVM running for 1004.642) 
2024-12-07 [restartedMain] INFO com.lynnwork.sobblogsystem.SobBlogSystemApplication o.s.b.StartupInfoLogger - Starting SobBlogSystemApplication using Java 1.8.0_301 on DESKTOP-BOJ5191 with PID 15204 (C:\Users\kyle\Desktop\阳光沙滩工具\SobBlogSystemBackend\target\classes started by kyle in C:\Users\kyle\Desktop\阳光沙滩工具\SobBlogSystemBackend) 
2024-12-07 [restartedMain] INFO com.lynnwork.sobblogsystem.SobBlogSystemApplication o.s.b.SpringApplication - No active profile set, falling back to 1 default profile: "default" 
2024-12-07 [restartedMain] INFO com.lynnwork.sobblogsystem.SobBlogSystemApplication o.s.b.StartupInfoLogger - Started SobBlogSystemApplication in 7.637 seconds (JVM running for 9.539) 
2024-12-07 [restartedMain] INFO com.lynnwork.sobblogsystem.SobBlogSystemApplication o.s.b.StartupInfoLogger - Starting SobBlogSystemApplication using Java 1.8.0_301 on DESKTOP-BOJ5191 with PID 16272 (C:\Users\kyle\Desktop\阳光沙滩工具\SobBlogSystemBackend\target\classes started by kyle in C:\Users\kyle\Desktop\阳光沙滩工具\SobBlogSystemBackend) 
2024-12-07 [restartedMain] INFO com.lynnwork.sobblogsystem.SobBlogSystemApplication o.s.b.SpringApplication - No active profile set, falling back to 1 default profile: "default" 
2024-12-07 [restartedMain] INFO com.lynnwork.sobblogsystem.SobBlogSystemApplication o.s.b.StartupInfoLogger - Started SobBlogSystemApplication in 7.911 seconds (JVM running for 9.728) 
2024-12-07 [restartedMain] INFO com.lynnwork.sobblogsystem.SobBlogSystemApplication o.s.b.StartupInfoLogger - Starting SobBlogSystemApplication using Java 1.8.0_301 on DESKTOP-BOJ5191 with PID 15976 (C:\Users\kyle\Desktop\阳光沙滩工具\SobBlogSystemBackend\target\classes started by kyle in C:\Users\kyle\Desktop\阳光沙滩工具\SobBlogSystemBackend) 
2024-12-07 [restartedMain] INFO com.lynnwork.sobblogsystem.SobBlogSystemApplication o.s.b.SpringApplication - No active profile set, falling back to 1 default profile: "default" 
2024-12-07 [restartedMain] INFO com.lynnwork.sobblogsystem.SobBlogSystemApplication o.s.b.StartupInfoLogger - Started SobBlogSystemApplication in 6.036 seconds (JVM running for 8.059) 
2024-12-07 [restartedMain] INFO com.lynnwork.sobblogsystem.SobBlogSystemApplication o.s.b.StartupInfoLogger - Starting SobBlogSystemApplication using Java 1.8.0_301 on DESKTOP-BOJ5191 with PID 15976 (C:\Users\kyle\Desktop\阳光沙滩工具\SobBlogSystemBackend\target\classes started by kyle in C:\Users\kyle\Desktop\阳光沙滩工具\SobBlogSystemBackend) 
2024-12-07 [restartedMain] INFO com.lynnwork.sobblogsystem.SobBlogSystemApplication o.s.b.SpringApplication - No active profile set, falling back to 1 default profile: "default" 
2024-12-07 [restartedMain] INFO com.lynnwork.sobblogsystem.SobBlogSystemApplication o.s.b.StartupInfoLogger - Started SobBlogSystemApplication in 3.057 seconds (JVM running for 151.187) 
2024-12-07 [restartedMain] INFO com.lynnwork.sobblogsystem.SobBlogSystemApplication o.s.b.StartupInfoLogger - Starting SobBlogSystemApplication using Java 1.8.0_301 on DESKTOP-BOJ5191 with PID 15976 (C:\Users\kyle\Desktop\阳光沙滩工具\SobBlogSystemBackend\target\classes started by kyle in C:\Users\kyle\Desktop\阳光沙滩工具\SobBlogSystemBackend) 
2024-12-07 [restartedMain] INFO com.lynnwork.sobblogsystem.SobBlogSystemApplication o.s.b.SpringApplication - No active profile set, falling back to 1 default profile: "default" 
2024-12-07 [restartedMain] INFO com.lynnwork.sobblogsystem.SobBlogSystemApplication o.s.b.StartupInfoLogger - Started SobBlogSystemApplication in 2.327 seconds (JVM running for 155.878) 
2024-12-07 [restartedMain] INFO com.lynnwork.sobblogsystem.SobBlogSystemApplication o.s.b.StartupInfoLogger - Starting SobBlogSystemApplication using Java 1.8.0_301 on DESKTOP-BOJ5191 with PID 15976 (C:\Users\kyle\Desktop\阳光沙滩工具\SobBlogSystemBackend\target\classes started by kyle in C:\Users\kyle\Desktop\阳光沙滩工具\SobBlogSystemBackend) 
2024-12-07 [restartedMain] INFO com.lynnwork.sobblogsystem.SobBlogSystemApplication o.s.b.SpringApplication - No active profile set, falling back to 1 default profile: "default" 
2024-12-07 [restartedMain] INFO com.lynnwork.sobblogsystem.SobBlogSystemApplication o.s.b.StartupInfoLogger - Started SobBlogSystemApplication in 2.926 seconds (JVM running for 480.661) 
2024-12-07 [restartedMain] INFO com.lynnwork.sobblogsystem.SobBlogSystemApplication o.s.b.StartupInfoLogger - Starting SobBlogSystemApplication using Java 1.8.0_301 on DESKTOP-BOJ5191 with PID 15976 (C:\Users\kyle\Desktop\阳光沙滩工具\SobBlogSystemBackend\target\classes started by kyle in C:\Users\kyle\Desktop\阳光沙滩工具\SobBlogSystemBackend) 
2024-12-07 [restartedMain] INFO com.lynnwork.sobblogsystem.SobBlogSystemApplication o.s.b.SpringApplication - No active profile set, falling back to 1 default profile: "default" 
2024-12-07 [restartedMain] INFO com.lynnwork.sobblogsystem.SobBlogSystemApplication o.s.b.StartupInfoLogger - Started SobBlogSystemApplication in 2.287 seconds (JVM running for 485.291) 
2024-12-07 [restartedMain] INFO com.lynnwork.sobblogsystem.SobBlogSystemApplication o.s.b.StartupInfoLogger - Starting SobBlogSystemApplication using Java 1.8.0_301 on DESKTOP-BOJ5191 with PID 15976 (C:\Users\kyle\Desktop\阳光沙滩工具\SobBlogSystemBackend\target\classes started by kyle in C:\Users\kyle\Desktop\阳光沙滩工具\SobBlogSystemBackend) 
2024-12-07 [restartedMain] INFO com.lynnwork.sobblogsystem.SobBlogSystemApplication o.s.b.SpringApplication - No active profile set, falling back to 1 default profile: "default" 
2024-12-07 [restartedMain] INFO com.lynnwork.sobblogsystem.SobBlogSystemApplication o.s.b.StartupInfoLogger - Started SobBlogSystemApplication in 2.578 seconds (JVM running for 517.189) 
2024-12-07 [restartedMain] INFO com.lynnwork.sobblogsystem.SobBlogSystemApplication o.s.b.StartupInfoLogger - Starting SobBlogSystemApplication using Java 1.8.0_301 on DESKTOP-BOJ5191 with PID 15976 (C:\Users\kyle\Desktop\阳光沙滩工具\SobBlogSystemBackend\target\classes started by kyle in C:\Users\kyle\Desktop\阳光沙滩工具\SobBlogSystemBackend) 
2024-12-07 [restartedMain] INFO com.lynnwork.sobblogsystem.SobBlogSystemApplication o.s.b.SpringApplication - No active profile set, falling back to 1 default profile: "default" 
2024-12-07 [restartedMain] INFO com.lynnwork.sobblogsystem.SobBlogSystemApplication o.s.b.StartupInfoLogger - Started SobBlogSystemApplication in 2.113 seconds (JVM running for 521.648) 
