2024-12-31 [restartedMain] INFO com.lynnwork.sobblogsystem.SobBlogSystemApplication o.s.b.StartupInfoLogger - Starting SobBlogSystemApplication using Java 1.8.0_301 on DESKTOP-BOJ5191 with PID 11828 (C:\Users\kyle\Desktop\阳光沙滩工具\dev_demo\blog_system_backend\target\classes started by kyle in C:\Users\kyle\Desktop\阳光沙滩工具\dev_demo\blog_system_backend) 
2024-12-31 [restartedMain] INFO com.lynnwork.sobblogsystem.SobBlogSystemApplication o.s.b.SpringApplication - The following 1 profile is active: "dev" 
2024-12-31 [restartedMain] INFO com.lynnwork.sobblogsystem.SobBlogSystemApplication o.s.b.StartupInfoLogger - Starting SobBlogSystemApplication using Java 1.8.0_301 on DESKTOP-BOJ5191 with PID 5996 (C:\Users\kyle\Desktop\阳光沙滩工具\dev_demo\blog_system_backend\target\classes started by kyle in C:\Users\kyle\Desktop\阳光沙滩工具\dev_demo\blog_system_backend) 
2024-12-31 [restartedMain] INFO com.lynnwork.sobblogsystem.SobBlogSystemApplication o.s.b.SpringApplication - The following 1 profile is active: "dev" 
2024-12-31 [restartedMain] INFO com.lynnwork.sobblogsystem.SobBlogSystemApplication o.s.b.StartupInfoLogger - Started SobBlogSystemApplication in 9.114 seconds (JVM running for 10.98) 
2024-12-31 [restartedMain] INFO com.lynnwork.sobblogsystem.SobBlogSystemApplication o.s.b.StartupInfoLogger - Starting SobBlogSystemApplication using Java 1.8.0_301 on DESKTOP-BOJ5191 with PID 5996 (C:\Users\kyle\Desktop\阳光沙滩工具\dev_demo\blog_system_backend\target\classes started by kyle in C:\Users\kyle\Desktop\阳光沙滩工具\dev_demo\blog_system_backend) 
2024-12-31 [restartedMain] INFO com.lynnwork.sobblogsystem.SobBlogSystemApplication o.s.b.SpringApplication - The following 1 profile is active: "dev" 
2024-12-31 [restartedMain] INFO com.lynnwork.sobblogsystem.SobBlogSystemApplication o.s.b.StartupInfoLogger - Starting SobBlogSystemApplication using Java 1.8.0_301 on DESKTOP-BOJ5191 with PID 5996 (C:\Users\kyle\Desktop\阳光沙滩工具\dev_demo\blog_system_backend\target\classes started by kyle in C:\Users\kyle\Desktop\阳光沙滩工具\dev_demo\blog_system_backend) 
2024-12-31 [restartedMain] INFO com.lynnwork.sobblogsystem.SobBlogSystemApplication o.s.b.SpringApplication - The following 1 profile is active: "dev" 
2024-12-31 [restartedMain] INFO com.lynnwork.sobblogsystem.SobBlogSystemApplication o.s.b.StartupInfoLogger - Started SobBlogSystemApplication in 2.972 seconds (JVM running for 581.596) 
2024-12-31 [http-nio-8090-exec-1] INFO com.lynnwork.sobblogsystem.service.impl.ImageServiceImpl c.l.s.s.i.ImageServiceImpl - contentType==>image/jpeg 
2024-12-31 [http-nio-8090-exec-1] INFO com.lynnwork.sobblogsystem.service.impl.ImageServiceImpl c.l.s.s.i.ImageServiceImpl - originalFileName==>avatar.jpg 
2024-12-31 [restartedMain] INFO com.lynnwork.sobblogsystem.SobBlogSystemApplication o.s.b.StartupInfoLogger - Starting SobBlogSystemApplication using Java 1.8.0_301 on DESKTOP-BOJ5191 with PID 5996 (C:\Users\kyle\Desktop\阳光沙滩工具\dev_demo\blog_system_backend\target\classes started by kyle in C:\Users\kyle\Desktop\阳光沙滩工具\dev_demo\blog_system_backend) 
2024-12-31 [restartedMain] INFO com.lynnwork.sobblogsystem.SobBlogSystemApplication o.s.b.SpringApplication - The following 1 profile is active: "dev" 
2024-12-31 [restartedMain] INFO com.lynnwork.sobblogsystem.SobBlogSystemApplication o.s.b.StartupInfoLogger - Started SobBlogSystemApplication in 3.073 seconds (JVM running for 636.059) 
2024-12-31 [restartedMain] INFO com.lynnwork.sobblogsystem.SobBlogSystemApplication o.s.b.StartupInfoLogger - Starting SobBlogSystemApplication using Java 1.8.0_301 on DESKTOP-BOJ5191 with PID 5996 (C:\Users\kyle\Desktop\阳光沙滩工具\dev_demo\blog_system_backend\target\classes started by kyle in C:\Users\kyle\Desktop\阳光沙滩工具\dev_demo\blog_system_backend) 
2024-12-31 [restartedMain] INFO com.lynnwork.sobblogsystem.SobBlogSystemApplication o.s.b.SpringApplication - The following 1 profile is active: "dev" 
2024-12-31 [restartedMain] INFO com.lynnwork.sobblogsystem.SobBlogSystemApplication o.s.b.StartupInfoLogger - Started SobBlogSystemApplication in 2.952 seconds (JVM running for 642.328) 
2024-12-31 [http-nio-8090-exec-1] INFO com.lynnwork.sobblogsystem.service.impl.ImageServiceImpl c.l.s.s.i.ImageServiceImpl - contentType==>image/jpeg 
2024-12-31 [http-nio-8090-exec-1] INFO com.lynnwork.sobblogsystem.service.impl.ImageServiceImpl c.l.s.s.i.ImageServiceImpl - originalFileName==>avatar.jpg 
2024-12-31 [http-nio-8090-exec-2] INFO com.lynnwork.sobblogsystem.service.impl.ImageServiceImpl c.l.s.s.i.ImageServiceImpl - contentType==>image/jpeg 
2024-12-31 [http-nio-8090-exec-2] INFO com.lynnwork.sobblogsystem.service.impl.ImageServiceImpl c.l.s.s.i.ImageServiceImpl - originalFileName==>avatar.jpg 
2024-12-31 [restartedMain] INFO com.lynnwork.sobblogsystem.SobBlogSystemApplication o.s.b.StartupInfoLogger - Starting SobBlogSystemApplication using Java 1.8.0_301 on DESKTOP-BOJ5191 with PID 5996 (C:\Users\kyle\Desktop\阳光沙滩工具\dev_demo\blog_system_backend\target\classes started by kyle in C:\Users\kyle\Desktop\阳光沙滩工具\dev_demo\blog_system_backend) 
2024-12-31 [restartedMain] INFO com.lynnwork.sobblogsystem.SobBlogSystemApplication o.s.b.SpringApplication - The following 1 profile is active: "dev" 
2024-12-31 [restartedMain] INFO com.lynnwork.sobblogsystem.SobBlogSystemApplication o.s.b.StartupInfoLogger - Started SobBlogSystemApplication in 3.356 seconds (JVM running for 671.275) 
2024-12-31 [restartedMain] INFO com.lynnwork.sobblogsystem.SobBlogSystemApplication o.s.b.StartupInfoLogger - Starting SobBlogSystemApplication using Java 1.8.0_301 on DESKTOP-BOJ5191 with PID 5996 (C:\Users\kyle\Desktop\阳光沙滩工具\dev_demo\blog_system_backend\target\classes started by kyle in C:\Users\kyle\Desktop\阳光沙滩工具\dev_demo\blog_system_backend) 
2024-12-31 [restartedMain] INFO com.lynnwork.sobblogsystem.SobBlogSystemApplication o.s.b.SpringApplication - The following 1 profile is active: "dev" 
2024-12-31 [restartedMain] INFO com.lynnwork.sobblogsystem.SobBlogSystemApplication o.s.b.StartupInfoLogger - Started SobBlogSystemApplication in 2.589 seconds (JVM running for 676.682) 
2024-12-31 [http-nio-8090-exec-1] INFO com.lynnwork.sobblogsystem.service.impl.ImageServiceImpl c.l.s.s.i.ImageServiceImpl - contentType==>image/jpeg 
2024-12-31 [http-nio-8090-exec-1] INFO com.lynnwork.sobblogsystem.service.impl.ImageServiceImpl c.l.s.s.i.ImageServiceImpl - originalFileName==>avatar.jpg 
2024-12-31 [http-nio-8090-exec-2] INFO com.lynnwork.sobblogsystem.service.impl.ImageServiceImpl c.l.s.s.i.ImageServiceImpl - contentType==>image/jpeg 
2024-12-31 [http-nio-8090-exec-2] INFO com.lynnwork.sobblogsystem.service.impl.ImageServiceImpl c.l.s.s.i.ImageServiceImpl - originalFileName==>avatar.jpg 
2024-12-31 [restartedMain] INFO com.lynnwork.sobblogsystem.SobBlogSystemApplication o.s.b.StartupInfoLogger - Starting SobBlogSystemApplication using Java 1.8.0_301 on DESKTOP-BOJ5191 with PID 20036 (C:\Users\kyle\Desktop\阳光沙滩工具\dev_demo\blog_system_backend\target\classes started by kyle in C:\Users\kyle\Desktop\阳光沙滩工具\dev_demo\blog_system_backend) 
2024-12-31 [restartedMain] INFO com.lynnwork.sobblogsystem.SobBlogSystemApplication o.s.b.SpringApplication - The following 1 profile is active: "dev" 
2024-12-31 [restartedMain] INFO com.lynnwork.sobblogsystem.SobBlogSystemApplication o.s.b.StartupInfoLogger - Started SobBlogSystemApplication in 9.21 seconds (JVM running for 11.652) 
2024-12-31 [http-nio-8090-exec-1] INFO com.lynnwork.sobblogsystem.service.impl.ImageServiceImpl c.l.s.s.i.ImageServiceImpl - contentType==>image/jpeg 
2024-12-31 [http-nio-8090-exec-1] INFO com.lynnwork.sobblogsystem.service.impl.ImageServiceImpl c.l.s.s.i.ImageServiceImpl - originalFileName==>avatar.jpg 
2024-12-31 [restartedMain] INFO com.lynnwork.sobblogsystem.SobBlogSystemApplication o.s.b.StartupInfoLogger - Starting SobBlogSystemApplication using Java 1.8.0_301 on DESKTOP-BOJ5191 with PID 19000 (C:\Users\kyle\Desktop\阳光沙滩工具\dev_demo\blog_system_backend\target\classes started by kyle in C:\Users\kyle\Desktop\阳光沙滩工具\dev_demo\blog_system_backend) 
2024-12-31 [restartedMain] INFO com.lynnwork.sobblogsystem.SobBlogSystemApplication o.s.b.SpringApplication - The following 1 profile is active: "dev" 
2024-12-31 [restartedMain] INFO com.lynnwork.sobblogsystem.SobBlogSystemApplication o.s.b.StartupInfoLogger - Started SobBlogSystemApplication in 7.494 seconds (JVM running for 9.189) 
2024-12-31 [http-nio-8090-exec-1] INFO com.lynnwork.sobblogsystem.service.impl.ImageServiceImpl c.l.s.s.i.ImageServiceImpl - contentType==>image/jpeg 
2024-12-31 [http-nio-8090-exec-1] INFO com.lynnwork.sobblogsystem.service.impl.ImageServiceImpl c.l.s.s.i.ImageServiceImpl - originalFileName==>avatar.jpg 
2024-12-31 [http-nio-8090-exec-1] INFO com.lynnwork.sobblogsystem.service.impl.ImageServiceImpl c.l.s.s.i.ImageServiceImpl - maxsize2097152,size43298 
2024-12-31 [http-nio-8090-exec-1] INFO com.lynnwork.sobblogsystem.service.impl.ImageServiceImpl c.l.s.s.i.ImageServiceImpl - currentDate:2024_12_31 
2024-12-31 [restartedMain] INFO com.lynnwork.sobblogsystem.SobBlogSystemApplication o.s.b.StartupInfoLogger - Starting SobBlogSystemApplication using Java 1.8.0_301 on DESKTOP-BOJ5191 with PID 19000 (C:\Users\kyle\Desktop\阳光沙滩工具\dev_demo\blog_system_backend\target\classes started by kyle in C:\Users\kyle\Desktop\阳光沙滩工具\dev_demo\blog_system_backend) 
2024-12-31 [restartedMain] INFO com.lynnwork.sobblogsystem.SobBlogSystemApplication o.s.b.SpringApplication - The following 1 profile is active: "dev" 
2024-12-31 [restartedMain] INFO com.lynnwork.sobblogsystem.SobBlogSystemApplication o.s.b.StartupInfoLogger - Starting SobBlogSystemApplication using Java 1.8.0_301 on DESKTOP-BOJ5191 with PID 19000 (C:\Users\kyle\Desktop\阳光沙滩工具\dev_demo\blog_system_backend\target\classes started by kyle in C:\Users\kyle\Desktop\阳光沙滩工具\dev_demo\blog_system_backend) 
2024-12-31 [restartedMain] INFO com.lynnwork.sobblogsystem.SobBlogSystemApplication o.s.b.SpringApplication - The following 1 profile is active: "dev" 
2024-12-31 [restartedMain] INFO com.lynnwork.sobblogsystem.SobBlogSystemApplication o.s.b.StartupInfoLogger - Started SobBlogSystemApplication in 2.404 seconds (JVM running for 698.29) 
2024-12-31 [http-nio-8090-exec-1] INFO com.lynnwork.sobblogsystem.service.impl.ImageServiceImpl c.l.s.s.i.ImageServiceImpl - contentType==>image/jpeg 
2024-12-31 [http-nio-8090-exec-1] INFO com.lynnwork.sobblogsystem.service.impl.ImageServiceImpl c.l.s.s.i.ImageServiceImpl - originalFileName==>avatar.jpg 
2024-12-31 [http-nio-8090-exec-1] INFO com.lynnwork.sobblogsystem.service.impl.ImageServiceImpl c.l.s.s.i.ImageServiceImpl - maxsize2097152,size43298 
2024-12-31 [http-nio-8090-exec-1] INFO com.lynnwork.sobblogsystem.service.impl.ImageServiceImpl c.l.s.s.i.ImageServiceImpl - currentDate:2024_12_31 
2024-12-31 [restartedMain] INFO com.lynnwork.sobblogsystem.SobBlogSystemApplication o.s.b.StartupInfoLogger - Starting SobBlogSystemApplication using Java 1.8.0_301 on DESKTOP-BOJ5191 with PID 19000 (C:\Users\kyle\Desktop\阳光沙滩工具\dev_demo\blog_system_backend\target\classes started by kyle in C:\Users\kyle\Desktop\阳光沙滩工具\dev_demo\blog_system_backend) 
2024-12-31 [restartedMain] INFO com.lynnwork.sobblogsystem.SobBlogSystemApplication o.s.b.SpringApplication - The following 1 profile is active: "dev" 
2024-12-31 [restartedMain] INFO com.lynnwork.sobblogsystem.SobBlogSystemApplication o.s.b.StartupInfoLogger - Starting SobBlogSystemApplication using Java 1.8.0_301 on DESKTOP-BOJ5191 with PID 19000 (C:\Users\kyle\Desktop\阳光沙滩工具\dev_demo\blog_system_backend\target\classes started by kyle in C:\Users\kyle\Desktop\阳光沙滩工具\dev_demo\blog_system_backend) 
2024-12-31 [restartedMain] INFO com.lynnwork.sobblogsystem.SobBlogSystemApplication o.s.b.SpringApplication - The following 1 profile is active: "dev" 
2024-12-31 [restartedMain] INFO com.lynnwork.sobblogsystem.SobBlogSystemApplication o.s.b.StartupInfoLogger - Started SobBlogSystemApplication in 2.682 seconds (JVM running for 9752.516) 
2024-12-31 [restartedMain] INFO com.lynnwork.sobblogsystem.SobBlogSystemApplication o.s.b.StartupInfoLogger - Starting SobBlogSystemApplication using Java 1.8.0_301 on DESKTOP-BOJ5191 with PID 19000 (C:\Users\kyle\Desktop\阳光沙滩工具\dev_demo\blog_system_backend\target\classes started by kyle in C:\Users\kyle\Desktop\阳光沙滩工具\dev_demo\blog_system_backend) 
2024-12-31 [restartedMain] INFO com.lynnwork.sobblogsystem.SobBlogSystemApplication o.s.b.SpringApplication - The following 1 profile is active: "dev" 
2024-12-31 [restartedMain] INFO com.lynnwork.sobblogsystem.SobBlogSystemApplication o.s.b.StartupInfoLogger - Starting SobBlogSystemApplication using Java 1.8.0_301 on DESKTOP-BOJ5191 with PID 19000 (C:\Users\kyle\Desktop\阳光沙滩工具\dev_demo\blog_system_backend\target\classes started by kyle in C:\Users\kyle\Desktop\阳光沙滩工具\dev_demo\blog_system_backend) 
2024-12-31 [restartedMain] INFO com.lynnwork.sobblogsystem.SobBlogSystemApplication o.s.b.SpringApplication - The following 1 profile is active: "dev" 
2024-12-31 [restartedMain] INFO com.lynnwork.sobblogsystem.SobBlogSystemApplication o.s.b.StartupInfoLogger - Started SobBlogSystemApplication in 2.759 seconds (JVM running for 12152.226) 
2024-12-31 [restartedMain] INFO com.lynnwork.sobblogsystem.SobBlogSystemApplication o.s.b.StartupInfoLogger - Starting SobBlogSystemApplication using Java 1.8.0_301 on DESKTOP-BOJ5191 with PID 19000 (C:\Users\kyle\Desktop\阳光沙滩工具\dev_demo\blog_system_backend\target\classes started by kyle in C:\Users\kyle\Desktop\阳光沙滩工具\dev_demo\blog_system_backend) 
2024-12-31 [restartedMain] INFO com.lynnwork.sobblogsystem.SobBlogSystemApplication o.s.b.SpringApplication - The following 1 profile is active: "dev" 
2024-12-31 [restartedMain] INFO com.lynnwork.sobblogsystem.SobBlogSystemApplication o.s.b.StartupInfoLogger - Starting SobBlogSystemApplication using Java 1.8.0_301 on DESKTOP-BOJ5191 with PID 19000 (C:\Users\kyle\Desktop\阳光沙滩工具\dev_demo\blog_system_backend\target\classes started by kyle in C:\Users\kyle\Desktop\阳光沙滩工具\dev_demo\blog_system_backend) 
2024-12-31 [restartedMain] INFO com.lynnwork.sobblogsystem.SobBlogSystemApplication o.s.b.SpringApplication - The following 1 profile is active: "dev" 
2024-12-31 [restartedMain] INFO com.lynnwork.sobblogsystem.SobBlogSystemApplication o.s.b.StartupInfoLogger - Started SobBlogSystemApplication in 2.238 seconds (JVM running for 12593.63) 
2024-12-31 [http-nio-8090-exec-3] INFO com.lynnwork.sobblogsystem.service.impl.ImageServiceImpl c.l.s.s.i.ImageServiceImpl - contentType==>image/jpeg 
2024-12-31 [http-nio-8090-exec-3] INFO com.lynnwork.sobblogsystem.service.impl.ImageServiceImpl c.l.s.s.i.ImageServiceImpl - originalFileName==>avatar.jpg 
2024-12-31 [http-nio-8090-exec-3] INFO com.lynnwork.sobblogsystem.service.impl.ImageServiceImpl c.l.s.s.i.ImageServiceImpl - maxsize2097152,size43298 
2024-12-31 [http-nio-8090-exec-3] INFO com.lynnwork.sobblogsystem.service.impl.ImageServiceImpl c.l.s.s.i.ImageServiceImpl - currentDate:2024_12_31 
2024-12-31 [restartedMain] INFO com.lynnwork.sobblogsystem.SobBlogSystemApplication o.s.b.StartupInfoLogger - Starting SobBlogSystemApplication using Java 1.8.0_301 on DESKTOP-BOJ5191 with PID 19000 (C:\Users\kyle\Desktop\阳光沙滩工具\dev_demo\blog_system_backend\target\classes started by kyle in C:\Users\kyle\Desktop\阳光沙滩工具\dev_demo\blog_system_backend) 
2024-12-31 [restartedMain] INFO com.lynnwork.sobblogsystem.SobBlogSystemApplication o.s.b.SpringApplication - The following 1 profile is active: "dev" 
2024-12-31 [restartedMain] INFO com.lynnwork.sobblogsystem.SobBlogSystemApplication o.s.b.StartupInfoLogger - Starting SobBlogSystemApplication using Java 1.8.0_301 on DESKTOP-BOJ5191 with PID 19000 (C:\Users\kyle\Desktop\阳光沙滩工具\dev_demo\blog_system_backend\target\classes started by kyle in C:\Users\kyle\Desktop\阳光沙滩工具\dev_demo\blog_system_backend) 
2024-12-31 [restartedMain] INFO com.lynnwork.sobblogsystem.SobBlogSystemApplication o.s.b.SpringApplication - The following 1 profile is active: "dev" 
2024-12-31 [restartedMain] INFO com.lynnwork.sobblogsystem.SobBlogSystemApplication o.s.b.StartupInfoLogger - Started SobBlogSystemApplication in 2.452 seconds (JVM running for 14071.035) 
2024-12-31 [http-nio-8090-exec-1] INFO com.lynnwork.sobblogsystem.service.impl.ImageServiceImpl c.l.s.s.i.ImageServiceImpl - targetPath===> 
