2024-11-11 [restartedMain] INFO com.lynnwork.sobblogsystem.SobBlogSystemApplication - Starting SobBlogSystemApplication using Java 1.8.0_301 on DESKTOP-BOJ5191 with PID 18224 (C:\Users\kyle\Desktop\阳光沙滩工具\SobBlogSystemBackend\target\classes started by kyle in C:\Users\kyle\Desktop\阳光沙滩工具\SobBlogSystemBackend) 
2024-11-11 [restartedMain] INFO com.lynnwork.sobblogsystem.SobBlogSystemApplication - No active profile set, falling back to 1 default profile: "default" 
2024-11-11 [restartedMain] INFO com.lynnwork.sobblogsystem.SobBlogSystemApplication - Started SobBlogSystemApplication in 8.204 seconds (JVM running for 10.776) 
2024-11-11 [restartedMain] INFO com.lynnwork.sobblogsystem.SobBlogSystemApplication - Starting SobBlogSystemApplication using Java 1.8.0_301 on DESKTOP-BOJ5191 with PID 18224 (C:\Users\kyle\Desktop\阳光沙滩工具\SobBlogSystemBackend\target\classes started by kyle in C:\Users\kyle\Desktop\阳光沙滩工具\SobBlogSystemBackend) 
2024-11-11 [restartedMain] INFO com.lynnwork.sobblogsystem.SobBlogSystemApplication - No active profile set, falling back to 1 default profile: "default" 
2024-11-11 [restartedMain] INFO com.lynnwork.sobblogsystem.SobBlogSystemApplication - Starting SobBlogSystemApplication using Java 1.8.0_301 on DESKTOP-BOJ5191 with PID 18224 (C:\Users\kyle\Desktop\阳光沙滩工具\SobBlogSystemBackend\target\classes started by kyle in C:\Users\kyle\Desktop\阳光沙滩工具\SobBlogSystemBackend) 
2024-11-11 [restartedMain] INFO com.lynnwork.sobblogsystem.SobBlogSystemApplication - No active profile set, falling back to 1 default profile: "default" 
2024-11-11 [restartedMain] INFO com.lynnwork.sobblogsystem.SobBlogSystemApplication - Started SobBlogSystemApplication in 2.117 seconds (JVM running for 77.206) 
2024-11-11 [restartedMain] INFO com.lynnwork.sobblogsystem.SobBlogSystemApplication - Starting SobBlogSystemApplication using Java 1.8.0_301 on DESKTOP-BOJ5191 with PID 18224 (C:\Users\kyle\Desktop\阳光沙滩工具\SobBlogSystemBackend\target\classes started by kyle in C:\Users\kyle\Desktop\阳光沙滩工具\SobBlogSystemBackend) 
2024-11-11 [restartedMain] INFO com.lynnwork.sobblogsystem.SobBlogSystemApplication - No active profile set, falling back to 1 default profile: "default" 
2024-11-11 [restartedMain] INFO com.lynnwork.sobblogsystem.SobBlogSystemApplication - Started SobBlogSystemApplication in 2.258 seconds (JVM running for 152.011) 
2024-11-11 [restartedMain] INFO com.lynnwork.sobblogsystem.SobBlogSystemApplication - Starting SobBlogSystemApplication using Java 1.8.0_301 on DESKTOP-BOJ5191 with PID 18224 (C:\Users\kyle\Desktop\阳光沙滩工具\SobBlogSystemBackend\target\classes started by kyle in C:\Users\kyle\Desktop\阳光沙滩工具\SobBlogSystemBackend) 
2024-11-11 [restartedMain] INFO com.lynnwork.sobblogsystem.SobBlogSystemApplication - No active profile set, falling back to 1 default profile: "default" 
2024-11-11 [restartedMain] INFO com.lynnwork.sobblogsystem.SobBlogSystemApplication - Started SobBlogSystemApplication in 1.765 seconds (JVM running for 156.212) 
2024-11-11 [http-nio-8090-exec-3] INFO com.lynnwork.sobblogsystem.controller.user.UserController - userName:lzy 
2024-11-11 [http-nio-8090-exec-3] INFO com.lynnwork.sobblogsystem.controller.user.UserController - password:123456 
2024-11-11 [http-nio-8090-exec-3] INFO com.lynnwork.sobblogsystem.controller.user.UserController - email:903586678@qq.com 
2024-11-11 [restartedMain] INFO com.lynnwork.sobblogsystem.SobBlogSystemApplication - Starting SobBlogSystemApplication using Java 1.8.0_301 on DESKTOP-BOJ5191 with PID 18224 (C:\Users\kyle\Desktop\阳光沙滩工具\SobBlogSystemBackend\target\classes started by kyle in C:\Users\kyle\Desktop\阳光沙滩工具\SobBlogSystemBackend) 
2024-11-11 [restartedMain] INFO com.lynnwork.sobblogsystem.SobBlogSystemApplication - No active profile set, falling back to 1 default profile: "default" 
2024-11-11 [restartedMain] INFO com.lynnwork.sobblogsystem.SobBlogSystemApplication - Started SobBlogSystemApplication in 2.147 seconds (JVM running for 653.083) 
2024-11-11 [restartedMain] INFO com.lynnwork.sobblogsystem.SobBlogSystemApplication - Starting SobBlogSystemApplication using Java 1.8.0_301 on DESKTOP-BOJ5191 with PID 18224 (C:\Users\kyle\Desktop\阳光沙滩工具\SobBlogSystemBackend\target\classes started by kyle in C:\Users\kyle\Desktop\阳光沙滩工具\SobBlogSystemBackend) 
2024-11-11 [restartedMain] INFO com.lynnwork.sobblogsystem.SobBlogSystemApplication - No active profile set, falling back to 1 default profile: "default" 
2024-11-11 [restartedMain] INFO com.lynnwork.sobblogsystem.SobBlogSystemApplication - Started SobBlogSystemApplication in 2.194 seconds (JVM running for 659.009) 
2024-11-11 [restartedMain] INFO com.lynnwork.sobblogsystem.SobBlogSystemApplication - Starting SobBlogSystemApplication using Java 1.8.0_301 on DESKTOP-BOJ5191 with PID 18224 (C:\Users\kyle\Desktop\阳光沙滩工具\SobBlogSystemBackend\target\classes started by kyle in C:\Users\kyle\Desktop\阳光沙滩工具\SobBlogSystemBackend) 
2024-11-11 [restartedMain] INFO com.lynnwork.sobblogsystem.SobBlogSystemApplication - No active profile set, falling back to 1 default profile: "default" 
2024-11-11 [restartedMain] INFO com.lynnwork.sobblogsystem.SobBlogSystemApplication - Started SobBlogSystemApplication in 2.533 seconds (JVM running for 666.406) 
2024-11-11 [restartedMain] INFO com.lynnwork.sobblogsystem.SobBlogSystemApplication - Starting SobBlogSystemApplication using Java 1.8.0_301 on DESKTOP-BOJ5191 with PID 18224 (C:\Users\kyle\Desktop\阳光沙滩工具\SobBlogSystemBackend\target\classes started by kyle in C:\Users\kyle\Desktop\阳光沙滩工具\SobBlogSystemBackend) 
2024-11-11 [restartedMain] INFO com.lynnwork.sobblogsystem.SobBlogSystemApplication - No active profile set, falling back to 1 default profile: "default" 
2024-11-11 [restartedMain] INFO com.lynnwork.sobblogsystem.SobBlogSystemApplication - Starting SobBlogSystemApplication using Java 1.8.0_301 on DESKTOP-BOJ5191 with PID 18224 (C:\Users\kyle\Desktop\阳光沙滩工具\SobBlogSystemBackend\target\classes started by kyle in C:\Users\kyle\Desktop\阳光沙滩工具\SobBlogSystemBackend) 
2024-11-11 [restartedMain] INFO com.lynnwork.sobblogsystem.SobBlogSystemApplication - No active profile set, falling back to 1 default profile: "default" 
2024-11-11 [restartedMain] INFO com.lynnwork.sobblogsystem.SobBlogSystemApplication - Started SobBlogSystemApplication in 2.243 seconds (JVM running for 726.887) 
2024-11-11 [restartedMain] INFO com.lynnwork.sobblogsystem.SobBlogSystemApplication - Starting SobBlogSystemApplication using Java 1.8.0_301 on DESKTOP-BOJ5191 with PID 18224 (C:\Users\kyle\Desktop\阳光沙滩工具\SobBlogSystemBackend\target\classes started by kyle in C:\Users\kyle\Desktop\阳光沙滩工具\SobBlogSystemBackend) 
2024-11-11 [restartedMain] INFO com.lynnwork.sobblogsystem.SobBlogSystemApplication - No active profile set, falling back to 1 default profile: "default" 
2024-11-11 [restartedMain] INFO com.lynnwork.sobblogsystem.SobBlogSystemApplication - Starting SobBlogSystemApplication using Java 1.8.0_301 on DESKTOP-BOJ5191 with PID 18224 (C:\Users\kyle\Desktop\阳光沙滩工具\SobBlogSystemBackend\target\classes started by kyle in C:\Users\kyle\Desktop\阳光沙滩工具\SobBlogSystemBackend) 
2024-11-11 [restartedMain] INFO com.lynnwork.sobblogsystem.SobBlogSystemApplication - No active profile set, falling back to 1 default profile: "default" 
2024-11-11 [restartedMain] INFO com.lynnwork.sobblogsystem.SobBlogSystemApplication - Started SobBlogSystemApplication in 2.371 seconds (JVM running for 1123.298) 
2024-11-11 [restartedMain] INFO com.lynnwork.sobblogsystem.SobBlogSystemApplication - Starting SobBlogSystemApplication using Java 1.8.0_301 on DESKTOP-BOJ5191 with PID 18224 (C:\Users\kyle\Desktop\阳光沙滩工具\SobBlogSystemBackend\target\classes started by kyle in C:\Users\kyle\Desktop\阳光沙滩工具\SobBlogSystemBackend) 
2024-11-11 [restartedMain] INFO com.lynnwork.sobblogsystem.SobBlogSystemApplication - No active profile set, falling back to 1 default profile: "default" 
2024-11-11 [restartedMain] INFO com.lynnwork.sobblogsystem.SobBlogSystemApplication - Starting SobBlogSystemApplication using Java 1.8.0_301 on DESKTOP-BOJ5191 with PID 18224 (C:\Users\kyle\Desktop\阳光沙滩工具\SobBlogSystemBackend\target\classes started by kyle in C:\Users\kyle\Desktop\阳光沙滩工具\SobBlogSystemBackend) 
2024-11-11 [restartedMain] INFO com.lynnwork.sobblogsystem.SobBlogSystemApplication - No active profile set, falling back to 1 default profile: "default" 
2024-11-11 [restartedMain] INFO com.lynnwork.sobblogsystem.SobBlogSystemApplication - Started SobBlogSystemApplication in 3.129 seconds (JVM running for 3959.102) 
2024-11-11 [restartedMain] INFO com.lynnwork.sobblogsystem.SobBlogSystemApplication - Starting SobBlogSystemApplication using Java 1.8.0_301 on DESKTOP-BOJ5191 with PID 18224 (C:\Users\kyle\Desktop\阳光沙滩工具\SobBlogSystemBackend\target\classes started by kyle in C:\Users\kyle\Desktop\阳光沙滩工具\SobBlogSystemBackend) 
2024-11-11 [restartedMain] INFO com.lynnwork.sobblogsystem.SobBlogSystemApplication - No active profile set, falling back to 1 default profile: "default" 
2024-11-11 [restartedMain] INFO com.lynnwork.sobblogsystem.SobBlogSystemApplication - Starting SobBlogSystemApplication using Java 1.8.0_301 on DESKTOP-BOJ5191 with PID 18224 (C:\Users\kyle\Desktop\阳光沙滩工具\SobBlogSystemBackend\target\classes started by kyle in C:\Users\kyle\Desktop\阳光沙滩工具\SobBlogSystemBackend) 
2024-11-11 [restartedMain] INFO com.lynnwork.sobblogsystem.SobBlogSystemApplication - No active profile set, falling back to 1 default profile: "default" 
2024-11-11 [restartedMain] INFO com.lynnwork.sobblogsystem.SobBlogSystemApplication - Started SobBlogSystemApplication in 2.076 seconds (JVM running for 5952.349) 
2024-11-11 [restartedMain] INFO com.lynnwork.sobblogsystem.SobBlogSystemApplication - Starting SobBlogSystemApplication using Java 1.8.0_301 on DESKTOP-BOJ5191 with PID 18224 (C:\Users\kyle\Desktop\阳光沙滩工具\SobBlogSystemBackend\target\classes started by kyle in C:\Users\kyle\Desktop\阳光沙滩工具\SobBlogSystemBackend) 
2024-11-11 [restartedMain] INFO com.lynnwork.sobblogsystem.SobBlogSystemApplication - No active profile set, falling back to 1 default profile: "default" 
2024-11-11 [restartedMain] INFO com.lynnwork.sobblogsystem.SobBlogSystemApplication - Starting SobBlogSystemApplication using Java 1.8.0_301 on DESKTOP-BOJ5191 with PID 18224 (C:\Users\kyle\Desktop\阳光沙滩工具\SobBlogSystemBackend\target\classes started by kyle in C:\Users\kyle\Desktop\阳光沙滩工具\SobBlogSystemBackend) 
2024-11-11 [restartedMain] INFO com.lynnwork.sobblogsystem.SobBlogSystemApplication - No active profile set, falling back to 1 default profile: "default" 
2024-11-11 [restartedMain] INFO com.lynnwork.sobblogsystem.SobBlogSystemApplication - Started SobBlogSystemApplication in 2.345 seconds (JVM running for 5968.646) 
2024-11-11 [restartedMain] INFO com.lynnwork.sobblogsystem.SobBlogSystemApplication - Starting SobBlogSystemApplication using Java 1.8.0_301 on DESKTOP-BOJ5191 with PID 18224 (C:\Users\kyle\Desktop\阳光沙滩工具\SobBlogSystemBackend\target\classes started by kyle in C:\Users\kyle\Desktop\阳光沙滩工具\SobBlogSystemBackend) 
2024-11-11 [restartedMain] INFO com.lynnwork.sobblogsystem.SobBlogSystemApplication - No active profile set, falling back to 1 default profile: "default" 
2024-11-11 [restartedMain] INFO com.lynnwork.sobblogsystem.SobBlogSystemApplication - Starting SobBlogSystemApplication using Java 1.8.0_301 on DESKTOP-BOJ5191 with PID 18224 (C:\Users\kyle\Desktop\阳光沙滩工具\SobBlogSystemBackend\target\classes started by kyle in C:\Users\kyle\Desktop\阳光沙滩工具\SobBlogSystemBackend) 
2024-11-11 [restartedMain] INFO com.lynnwork.sobblogsystem.SobBlogSystemApplication - No active profile set, falling back to 1 default profile: "default" 
2024-11-11 [restartedMain] INFO com.lynnwork.sobblogsystem.SobBlogSystemApplication - Started SobBlogSystemApplication in 2.24 seconds (JVM running for 6019.1) 
2024-11-11 [restartedMain] INFO com.lynnwork.sobblogsystem.SobBlogSystemApplication - Starting SobBlogSystemApplication using Java 1.8.0_301 on DESKTOP-BOJ5191 with PID 18224 (C:\Users\kyle\Desktop\阳光沙滩工具\SobBlogSystemBackend\target\classes started by kyle in C:\Users\kyle\Desktop\阳光沙滩工具\SobBlogSystemBackend) 
2024-11-11 [restartedMain] INFO com.lynnwork.sobblogsystem.SobBlogSystemApplication - No active profile set, falling back to 1 default profile: "default" 
2024-11-11 [restartedMain] INFO com.lynnwork.sobblogsystem.SobBlogSystemApplication - Starting SobBlogSystemApplication using Java 1.8.0_301 on DESKTOP-BOJ5191 with PID 18224 (C:\Users\kyle\Desktop\阳光沙滩工具\SobBlogSystemBackend\target\classes started by kyle in C:\Users\kyle\Desktop\阳光沙滩工具\SobBlogSystemBackend) 
2024-11-11 [restartedMain] INFO com.lynnwork.sobblogsystem.SobBlogSystemApplication - No active profile set, falling back to 1 default profile: "default" 
2024-11-11 [restartedMain] INFO com.lynnwork.sobblogsystem.SobBlogSystemApplication - Started SobBlogSystemApplication in 2.737 seconds (JVM running for 6102.782) 
2024-11-11 [restartedMain] INFO com.lynnwork.sobblogsystem.SobBlogSystemApplication - Starting SobBlogSystemApplication using Java 1.8.0_301 on DESKTOP-BOJ5191 with PID 18224 (C:\Users\kyle\Desktop\阳光沙滩工具\SobBlogSystemBackend\target\classes started by kyle in C:\Users\kyle\Desktop\阳光沙滩工具\SobBlogSystemBackend) 
2024-11-11 [restartedMain] INFO com.lynnwork.sobblogsystem.SobBlogSystemApplication - No active profile set, falling back to 1 default profile: "default" 
2024-11-11 [restartedMain] INFO com.lynnwork.sobblogsystem.SobBlogSystemApplication - Starting SobBlogSystemApplication using Java 1.8.0_301 on DESKTOP-BOJ5191 with PID 18224 (C:\Users\kyle\Desktop\阳光沙滩工具\SobBlogSystemBackend\target\classes started by kyle in C:\Users\kyle\Desktop\阳光沙滩工具\SobBlogSystemBackend) 
2024-11-11 [restartedMain] INFO com.lynnwork.sobblogsystem.SobBlogSystemApplication - No active profile set, falling back to 1 default profile: "default" 
2024-11-11 [restartedMain] INFO com.lynnwork.sobblogsystem.SobBlogSystemApplication - Started SobBlogSystemApplication in 2.588 seconds (JVM running for 6124.157) 
2024-11-11 [restartedMain] INFO com.lynnwork.sobblogsystem.SobBlogSystemApplication - Starting SobBlogSystemApplication using Java 1.8.0_301 on DESKTOP-BOJ5191 with PID 18224 (C:\Users\kyle\Desktop\阳光沙滩工具\SobBlogSystemBackend\target\classes started by kyle in C:\Users\kyle\Desktop\阳光沙滩工具\SobBlogSystemBackend) 
2024-11-11 [restartedMain] INFO com.lynnwork.sobblogsystem.SobBlogSystemApplication - No active profile set, falling back to 1 default profile: "default" 
2024-11-11 [restartedMain] INFO com.lynnwork.sobblogsystem.SobBlogSystemApplication - Starting SobBlogSystemApplication using Java 1.8.0_301 on DESKTOP-BOJ5191 with PID 18224 (C:\Users\kyle\Desktop\阳光沙滩工具\SobBlogSystemBackend\target\classes started by kyle in C:\Users\kyle\Desktop\阳光沙滩工具\SobBlogSystemBackend) 
2024-11-11 [restartedMain] INFO com.lynnwork.sobblogsystem.SobBlogSystemApplication - No active profile set, falling back to 1 default profile: "default" 
2024-11-11 [restartedMain] INFO com.lynnwork.sobblogsystem.SobBlogSystemApplication - Starting SobBlogSystemApplication using Java 1.8.0_301 on DESKTOP-BOJ5191 with PID 18224 (C:\Users\kyle\Desktop\阳光沙滩工具\SobBlogSystemBackend\target\classes started by kyle in C:\Users\kyle\Desktop\阳光沙滩工具\SobBlogSystemBackend) 
2024-11-11 [restartedMain] INFO com.lynnwork.sobblogsystem.SobBlogSystemApplication - No active profile set, falling back to 1 default profile: "default" 
2024-11-11 [restartedMain] INFO com.lynnwork.sobblogsystem.SobBlogSystemApplication - Starting SobBlogSystemApplication using Java 1.8.0_301 on DESKTOP-BOJ5191 with PID 18224 (C:\Users\kyle\Desktop\阳光沙滩工具\SobBlogSystemBackend\target\classes started by kyle in C:\Users\kyle\Desktop\阳光沙滩工具\SobBlogSystemBackend) 
2024-11-11 [restartedMain] INFO com.lynnwork.sobblogsystem.SobBlogSystemApplication - No active profile set, falling back to 1 default profile: "default" 
2024-11-11 [restartedMain] INFO com.lynnwork.sobblogsystem.SobBlogSystemApplication - Starting SobBlogSystemApplication using Java 1.8.0_301 on DESKTOP-BOJ5191 with PID 18224 (C:\Users\kyle\Desktop\阳光沙滩工具\SobBlogSystemBackend\target\classes started by kyle in C:\Users\kyle\Desktop\阳光沙滩工具\SobBlogSystemBackend) 
2024-11-11 [restartedMain] INFO com.lynnwork.sobblogsystem.SobBlogSystemApplication - No active profile set, falling back to 1 default profile: "default" 
2024-11-11 [restartedMain] INFO com.lynnwork.sobblogsystem.SobBlogSystemApplication - Starting SobBlogSystemApplication using Java 1.8.0_301 on DESKTOP-BOJ5191 with PID 18224 (C:\Users\kyle\Desktop\阳光沙滩工具\SobBlogSystemBackend\target\classes started by kyle in C:\Users\kyle\Desktop\阳光沙滩工具\SobBlogSystemBackend) 
2024-11-11 [restartedMain] INFO com.lynnwork.sobblogsystem.SobBlogSystemApplication - No active profile set, falling back to 1 default profile: "default" 
2024-11-11 [restartedMain] INFO com.lynnwork.sobblogsystem.SobBlogSystemApplication - Starting SobBlogSystemApplication using Java 1.8.0_301 on DESKTOP-BOJ5191 with PID 18224 (C:\Users\kyle\Desktop\阳光沙滩工具\SobBlogSystemBackend\target\classes started by kyle in C:\Users\kyle\Desktop\阳光沙滩工具\SobBlogSystemBackend) 
2024-11-11 [restartedMain] INFO com.lynnwork.sobblogsystem.SobBlogSystemApplication - No active profile set, falling back to 1 default profile: "default" 
2024-11-11 [restartedMain] INFO com.lynnwork.sobblogsystem.SobBlogSystemApplication - Starting SobBlogSystemApplication using Java 1.8.0_301 on DESKTOP-BOJ5191 with PID 18224 (C:\Users\kyle\Desktop\阳光沙滩工具\SobBlogSystemBackend\target\classes started by kyle in C:\Users\kyle\Desktop\阳光沙滩工具\SobBlogSystemBackend) 
2024-11-11 [restartedMain] INFO com.lynnwork.sobblogsystem.SobBlogSystemApplication - No active profile set, falling back to 1 default profile: "default" 
2024-11-11 [restartedMain] INFO com.lynnwork.sobblogsystem.SobBlogSystemApplication - Starting SobBlogSystemApplication using Java 1.8.0_301 on DESKTOP-BOJ5191 with PID 18224 (C:\Users\kyle\Desktop\阳光沙滩工具\SobBlogSystemBackend\target\classes started by kyle in C:\Users\kyle\Desktop\阳光沙滩工具\SobBlogSystemBackend) 
2024-11-11 [restartedMain] INFO com.lynnwork.sobblogsystem.SobBlogSystemApplication - No active profile set, falling back to 1 default profile: "default" 
2024-11-11 [restartedMain] INFO com.lynnwork.sobblogsystem.SobBlogSystemApplication - Starting SobBlogSystemApplication using Java 1.8.0_301 on DESKTOP-BOJ5191 with PID 11144 (C:\Users\kyle\Desktop\阳光沙滩工具\SobBlogSystemBackend\target\classes started by kyle in C:\Users\kyle\Desktop\阳光沙滩工具\SobBlogSystemBackend) 
2024-11-11 [restartedMain] INFO com.lynnwork.sobblogsystem.SobBlogSystemApplication - No active profile set, falling back to 1 default profile: "default" 
2024-11-11 [restartedMain] INFO com.lynnwork.sobblogsystem.SobBlogSystemApplication - Started SobBlogSystemApplication in 5.823 seconds (JVM running for 7.614) 
2024-11-11 [restartedMain] INFO com.lynnwork.sobblogsystem.SobBlogSystemApplication - Starting SobBlogSystemApplication using Java 1.8.0_301 on DESKTOP-BOJ5191 with PID 11144 (C:\Users\kyle\Desktop\阳光沙滩工具\SobBlogSystemBackend\target\classes started by kyle in C:\Users\kyle\Desktop\阳光沙滩工具\SobBlogSystemBackend) 
2024-11-11 [restartedMain] INFO com.lynnwork.sobblogsystem.SobBlogSystemApplication - No active profile set, falling back to 1 default profile: "default" 
2024-11-11 [restartedMain] INFO com.lynnwork.sobblogsystem.SobBlogSystemApplication - Starting SobBlogSystemApplication using Java 1.8.0_301 on DESKTOP-BOJ5191 with PID 11144 (C:\Users\kyle\Desktop\阳光沙滩工具\SobBlogSystemBackend\target\classes started by kyle in C:\Users\kyle\Desktop\阳光沙滩工具\SobBlogSystemBackend) 
2024-11-11 [restartedMain] INFO com.lynnwork.sobblogsystem.SobBlogSystemApplication - No active profile set, falling back to 1 default profile: "default" 
2024-11-11 [restartedMain] INFO com.lynnwork.sobblogsystem.SobBlogSystemApplication - Started SobBlogSystemApplication in 1.84 seconds (JVM running for 85.414) 
2024-11-11 [restartedMain] INFO com.lynnwork.sobblogsystem.SobBlogSystemApplication - Starting SobBlogSystemApplication using Java 1.8.0_301 on DESKTOP-BOJ5191 with PID 11144 (C:\Users\kyle\Desktop\阳光沙滩工具\SobBlogSystemBackend\target\classes started by kyle in C:\Users\kyle\Desktop\阳光沙滩工具\SobBlogSystemBackend) 
2024-11-11 [restartedMain] INFO com.lynnwork.sobblogsystem.SobBlogSystemApplication - No active profile set, falling back to 1 default profile: "default" 
2024-11-11 [restartedMain] INFO com.lynnwork.sobblogsystem.SobBlogSystemApplication - Starting SobBlogSystemApplication using Java 1.8.0_301 on DESKTOP-BOJ5191 with PID 11144 (C:\Users\kyle\Desktop\阳光沙滩工具\SobBlogSystemBackend\target\classes started by kyle in C:\Users\kyle\Desktop\阳光沙滩工具\SobBlogSystemBackend) 
2024-11-11 [restartedMain] INFO com.lynnwork.sobblogsystem.SobBlogSystemApplication - No active profile set, falling back to 1 default profile: "default" 
2024-11-11 [restartedMain] INFO com.lynnwork.sobblogsystem.SobBlogSystemApplication - Started SobBlogSystemApplication in 1.634 seconds (JVM running for 1729.303) 
2024-11-11 [restartedMain] INFO com.lynnwork.sobblogsystem.SobBlogSystemApplication - Starting SobBlogSystemApplication using Java 1.8.0_301 on DESKTOP-BOJ5191 with PID 11144 (C:\Users\kyle\Desktop\阳光沙滩工具\SobBlogSystemBackend\target\classes started by kyle in C:\Users\kyle\Desktop\阳光沙滩工具\SobBlogSystemBackend) 
2024-11-11 [restartedMain] INFO com.lynnwork.sobblogsystem.SobBlogSystemApplication - No active profile set, falling back to 1 default profile: "default" 
2024-11-11 [restartedMain] INFO com.lynnwork.sobblogsystem.SobBlogSystemApplication - Starting SobBlogSystemApplication using Java 1.8.0_301 on DESKTOP-BOJ5191 with PID 22020 (C:\Users\kyle\Desktop\阳光沙滩工具\SobBlogSystemBackend\target\classes started by kyle in C:\Users\kyle\Desktop\阳光沙滩工具\SobBlogSystemBackend) 
2024-11-11 [restartedMain] INFO com.lynnwork.sobblogsystem.SobBlogSystemApplication - No active profile set, falling back to 1 default profile: "default" 
2024-11-11 [restartedMain] INFO com.lynnwork.sobblogsystem.SobBlogSystemApplication - Started SobBlogSystemApplication in 5.029 seconds (JVM running for 6.676) 
2024-11-11 [restartedMain] INFO com.lynnwork.sobblogsystem.SobBlogSystemApplication - Starting SobBlogSystemApplication using Java 1.8.0_301 on DESKTOP-BOJ5191 with PID 22020 (C:\Users\kyle\Desktop\阳光沙滩工具\SobBlogSystemBackend\target\classes started by kyle in C:\Users\kyle\Desktop\阳光沙滩工具\SobBlogSystemBackend) 
2024-11-11 [restartedMain] INFO com.lynnwork.sobblogsystem.SobBlogSystemApplication - No active profile set, falling back to 1 default profile: "default" 
2024-11-11 [restartedMain] INFO com.lynnwork.sobblogsystem.SobBlogSystemApplication - Starting SobBlogSystemApplication using Java 1.8.0_301 on DESKTOP-BOJ5191 with PID 22020 (C:\Users\kyle\Desktop\阳光沙滩工具\SobBlogSystemBackend\target\classes started by kyle in C:\Users\kyle\Desktop\阳光沙滩工具\SobBlogSystemBackend) 
2024-11-11 [restartedMain] INFO com.lynnwork.sobblogsystem.SobBlogSystemApplication - No active profile set, falling back to 1 default profile: "default" 
2024-11-11 [restartedMain] INFO com.lynnwork.sobblogsystem.SobBlogSystemApplication - Started SobBlogSystemApplication in 2.103 seconds (JVM running for 171.302) 
2024-11-11 [restartedMain] INFO com.lynnwork.sobblogsystem.SobBlogSystemApplication - Starting SobBlogSystemApplication using Java 1.8.0_301 on DESKTOP-BOJ5191 with PID 22020 (C:\Users\kyle\Desktop\阳光沙滩工具\SobBlogSystemBackend\target\classes started by kyle in C:\Users\kyle\Desktop\阳光沙滩工具\SobBlogSystemBackend) 
2024-11-11 [restartedMain] INFO com.lynnwork.sobblogsystem.SobBlogSystemApplication - No active profile set, falling back to 1 default profile: "default" 
2024-11-11 [restartedMain] INFO com.lynnwork.sobblogsystem.SobBlogSystemApplication - Starting SobBlogSystemApplication using Java 1.8.0_301 on DESKTOP-BOJ5191 with PID 22020 (C:\Users\kyle\Desktop\阳光沙滩工具\SobBlogSystemBackend\target\classes started by kyle in C:\Users\kyle\Desktop\阳光沙滩工具\SobBlogSystemBackend) 
2024-11-11 [restartedMain] INFO com.lynnwork.sobblogsystem.SobBlogSystemApplication - No active profile set, falling back to 1 default profile: "default" 
2024-11-11 [restartedMain] INFO com.lynnwork.sobblogsystem.SobBlogSystemApplication - Started SobBlogSystemApplication in 1.838 seconds (JVM running for 323.344) 
2024-11-11 [restartedMain] INFO com.lynnwork.sobblogsystem.SobBlogSystemApplication - Starting SobBlogSystemApplication using Java 1.8.0_301 on DESKTOP-BOJ5191 with PID 22020 (C:\Users\kyle\Desktop\阳光沙滩工具\SobBlogSystemBackend\target\classes started by kyle in C:\Users\kyle\Desktop\阳光沙滩工具\SobBlogSystemBackend) 
2024-11-11 [restartedMain] INFO com.lynnwork.sobblogsystem.SobBlogSystemApplication - No active profile set, falling back to 1 default profile: "default" 
2024-11-11 [restartedMain] INFO com.lynnwork.sobblogsystem.SobBlogSystemApplication - Starting SobBlogSystemApplication using Java 1.8.0_301 on DESKTOP-BOJ5191 with PID 22020 (C:\Users\kyle\Desktop\阳光沙滩工具\SobBlogSystemBackend\target\classes started by kyle in C:\Users\kyle\Desktop\阳光沙滩工具\SobBlogSystemBackend) 
2024-11-11 [restartedMain] INFO com.lynnwork.sobblogsystem.SobBlogSystemApplication - No active profile set, falling back to 1 default profile: "default" 
2024-11-11 [restartedMain] INFO com.lynnwork.sobblogsystem.SobBlogSystemApplication - Started SobBlogSystemApplication in 2.646 seconds (JVM running for 1270.929) 
2024-11-11 [restartedMain] INFO com.lynnwork.sobblogsystem.SobBlogSystemApplication - Starting SobBlogSystemApplication using Java 1.8.0_301 on DESKTOP-BOJ5191 with PID 22020 (C:\Users\kyle\Desktop\阳光沙滩工具\SobBlogSystemBackend\target\classes started by kyle in C:\Users\kyle\Desktop\阳光沙滩工具\SobBlogSystemBackend) 
2024-11-11 [restartedMain] INFO com.lynnwork.sobblogsystem.SobBlogSystemApplication - No active profile set, falling back to 1 default profile: "default" 
2024-11-11 [restartedMain] INFO com.lynnwork.sobblogsystem.SobBlogSystemApplication - Starting SobBlogSystemApplication using Java 1.8.0_301 on DESKTOP-BOJ5191 with PID 22020 (C:\Users\kyle\Desktop\阳光沙滩工具\SobBlogSystemBackend\target\classes started by kyle in C:\Users\kyle\Desktop\阳光沙滩工具\SobBlogSystemBackend) 
2024-11-11 [restartedMain] INFO com.lynnwork.sobblogsystem.SobBlogSystemApplication - No active profile set, falling back to 1 default profile: "default" 
2024-11-11 [restartedMain] INFO com.lynnwork.sobblogsystem.SobBlogSystemApplication - Started SobBlogSystemApplication in 1.735 seconds (JVM running for 1598.704) 
2024-11-11 [restartedMain] INFO com.lynnwork.sobblogsystem.SobBlogSystemApplication - Starting SobBlogSystemApplication using Java 1.8.0_301 on DESKTOP-BOJ5191 with PID 22020 (C:\Users\kyle\Desktop\阳光沙滩工具\SobBlogSystemBackend\target\classes started by kyle in C:\Users\kyle\Desktop\阳光沙滩工具\SobBlogSystemBackend) 
2024-11-11 [restartedMain] INFO com.lynnwork.sobblogsystem.SobBlogSystemApplication - No active profile set, falling back to 1 default profile: "default" 
2024-11-11 [restartedMain] INFO com.lynnwork.sobblogsystem.SobBlogSystemApplication - Started SobBlogSystemApplication in 1.531 seconds (JVM running for 2385.087) 
2024-11-11 [restartedMain] INFO com.lynnwork.sobblogsystem.SobBlogSystemApplication - Starting SobBlogSystemApplication using Java 1.8.0_301 on DESKTOP-BOJ5191 with PID 22020 (C:\Users\kyle\Desktop\阳光沙滩工具\SobBlogSystemBackend\target\classes started by kyle in C:\Users\kyle\Desktop\阳光沙滩工具\SobBlogSystemBackend) 
2024-11-11 [restartedMain] INFO com.lynnwork.sobblogsystem.SobBlogSystemApplication - No active profile set, falling back to 1 default profile: "default" 
2024-11-11 [restartedMain] INFO com.lynnwork.sobblogsystem.SobBlogSystemApplication - Starting SobBlogSystemApplication using Java 1.8.0_301 on DESKTOP-BOJ5191 with PID 22020 (C:\Users\kyle\Desktop\阳光沙滩工具\SobBlogSystemBackend\target\classes started by kyle in C:\Users\kyle\Desktop\阳光沙滩工具\SobBlogSystemBackend) 
2024-11-11 [restartedMain] INFO com.lynnwork.sobblogsystem.SobBlogSystemApplication - No active profile set, falling back to 1 default profile: "default" 
2024-11-11 [restartedMain] INFO com.lynnwork.sobblogsystem.SobBlogSystemApplication - Started SobBlogSystemApplication in 2.452 seconds (JVM running for 2532.242) 
2024-11-11 [restartedMain] INFO com.lynnwork.sobblogsystem.SobBlogSystemApplication - Starting SobBlogSystemApplication using Java 1.8.0_301 on DESKTOP-BOJ5191 with PID 24208 (C:\Users\kyle\Desktop\阳光沙滩工具\SobBlogSystemBackend\target\classes started by kyle in C:\Users\kyle\Desktop\阳光沙滩工具\SobBlogSystemBackend) 
2024-11-11 [restartedMain] INFO com.lynnwork.sobblogsystem.SobBlogSystemApplication - No active profile set, falling back to 1 default profile: "default" 
2024-11-11 [restartedMain] INFO com.lynnwork.sobblogsystem.SobBlogSystemApplication - Started SobBlogSystemApplication in 4.951 seconds (JVM running for 6.354) 
2024-11-11 [restartedMain] INFO com.lynnwork.sobblogsystem.SobBlogSystemApplication - Starting SobBlogSystemApplication using Java 1.8.0_301 on DESKTOP-BOJ5191 with PID 24208 (C:\Users\kyle\Desktop\阳光沙滩工具\SobBlogSystemBackend\target\classes started by kyle in C:\Users\kyle\Desktop\阳光沙滩工具\SobBlogSystemBackend) 
2024-11-11 [restartedMain] INFO com.lynnwork.sobblogsystem.SobBlogSystemApplication - No active profile set, falling back to 1 default profile: "default" 
2024-11-11 [restartedMain] INFO com.lynnwork.sobblogsystem.SobBlogSystemApplication - Started SobBlogSystemApplication in 1.966 seconds (JVM running for 1819.399) 
2024-11-11 [restartedMain] INFO com.lynnwork.sobblogsystem.SobBlogSystemApplication - Starting SobBlogSystemApplication using Java 1.8.0_301 on DESKTOP-BOJ5191 with PID 24208 (C:\Users\kyle\Desktop\阳光沙滩工具\SobBlogSystemBackend\target\classes started by kyle in C:\Users\kyle\Desktop\阳光沙滩工具\SobBlogSystemBackend) 
2024-11-11 [restartedMain] INFO com.lynnwork.sobblogsystem.SobBlogSystemApplication - No active profile set, falling back to 1 default profile: "default" 
2024-11-11 [restartedMain] INFO com.lynnwork.sobblogsystem.SobBlogSystemApplication - Started SobBlogSystemApplication in 1.483 seconds (JVM running for 1823.032) 
2024-11-11 [restartedMain] INFO com.lynnwork.sobblogsystem.SobBlogSystemApplication - Starting SobBlogSystemApplication using Java 1.8.0_301 on DESKTOP-BOJ5191 with PID 24208 (C:\Users\kyle\Desktop\阳光沙滩工具\SobBlogSystemBackend\target\classes started by kyle in C:\Users\kyle\Desktop\阳光沙滩工具\SobBlogSystemBackend) 
2024-11-11 [restartedMain] INFO com.lynnwork.sobblogsystem.SobBlogSystemApplication - No active profile set, falling back to 1 default profile: "default" 
2024-11-11 [restartedMain] INFO com.lynnwork.sobblogsystem.SobBlogSystemApplication - Started SobBlogSystemApplication in 1.702 seconds (JVM running for 1839.325) 
2024-11-11 [restartedMain] INFO com.lynnwork.sobblogsystem.SobBlogSystemApplication - Starting SobBlogSystemApplication using Java 1.8.0_301 on DESKTOP-BOJ5191 with PID 24208 (C:\Users\kyle\Desktop\阳光沙滩工具\SobBlogSystemBackend\target\classes started by kyle in C:\Users\kyle\Desktop\阳光沙滩工具\SobBlogSystemBackend) 
2024-11-11 [restartedMain] INFO com.lynnwork.sobblogsystem.SobBlogSystemApplication - No active profile set, falling back to 1 default profile: "default" 
2024-11-11 [restartedMain] INFO com.lynnwork.sobblogsystem.SobBlogSystemApplication - Started SobBlogSystemApplication in 1.614 seconds (JVM running for 1843.006) 
2024-11-11 [restartedMain] INFO com.lynnwork.sobblogsystem.SobBlogSystemApplication - Starting SobBlogSystemApplication using Java 1.8.0_301 on DESKTOP-BOJ5191 with PID 24208 (C:\Users\kyle\Desktop\阳光沙滩工具\SobBlogSystemBackend\target\classes started by kyle in C:\Users\kyle\Desktop\阳光沙滩工具\SobBlogSystemBackend) 
2024-11-11 [restartedMain] INFO com.lynnwork.sobblogsystem.SobBlogSystemApplication - No active profile set, falling back to 1 default profile: "default" 
2024-11-11 [restartedMain] INFO com.lynnwork.sobblogsystem.SobBlogSystemApplication - Started SobBlogSystemApplication in 1.73 seconds (JVM running for 1863.354) 
2024-11-11 [restartedMain] INFO com.lynnwork.sobblogsystem.SobBlogSystemApplication - Starting SobBlogSystemApplication using Java 1.8.0_301 on DESKTOP-BOJ5191 with PID 24208 (C:\Users\kyle\Desktop\阳光沙滩工具\SobBlogSystemBackend\target\classes started by kyle in C:\Users\kyle\Desktop\阳光沙滩工具\SobBlogSystemBackend) 
2024-11-11 [restartedMain] INFO com.lynnwork.sobblogsystem.SobBlogSystemApplication - No active profile set, falling back to 1 default profile: "default" 
2024-11-11 [restartedMain] INFO com.lynnwork.sobblogsystem.SobBlogSystemApplication - Started SobBlogSystemApplication in 1.418 seconds (JVM running for 1866.813) 
2024-11-11 [restartedMain] INFO com.lynnwork.sobblogsystem.SobBlogSystemApplication - Starting SobBlogSystemApplication using Java 1.8.0_301 on DESKTOP-BOJ5191 with PID 24208 (C:\Users\kyle\Desktop\阳光沙滩工具\SobBlogSystemBackend\target\classes started by kyle in C:\Users\kyle\Desktop\阳光沙滩工具\SobBlogSystemBackend) 
2024-11-11 [restartedMain] INFO com.lynnwork.sobblogsystem.SobBlogSystemApplication - No active profile set, falling back to 1 default profile: "default" 
2024-11-11 [restartedMain] INFO com.lynnwork.sobblogsystem.SobBlogSystemApplication - Started SobBlogSystemApplication in 1.693 seconds (JVM running for 2044.744) 
2024-11-11 [restartedMain] INFO com.lynnwork.sobblogsystem.SobBlogSystemApplication - Starting SobBlogSystemApplication using Java 1.8.0_301 on DESKTOP-BOJ5191 with PID 24208 (C:\Users\kyle\Desktop\阳光沙滩工具\SobBlogSystemBackend\target\classes started by kyle in C:\Users\kyle\Desktop\阳光沙滩工具\SobBlogSystemBackend) 
2024-11-11 [restartedMain] INFO com.lynnwork.sobblogsystem.SobBlogSystemApplication - No active profile set, falling back to 1 default profile: "default" 
2024-11-11 [restartedMain] INFO com.lynnwork.sobblogsystem.SobBlogSystemApplication - Started SobBlogSystemApplication in 1.39 seconds (JVM running for 2048.266) 
2024-11-11 [restartedMain] INFO com.lynnwork.sobblogsystem.SobBlogSystemApplication - Starting SobBlogSystemApplication using Java 1.8.0_301 on DESKTOP-BOJ5191 with PID 24208 (C:\Users\kyle\Desktop\阳光沙滩工具\SobBlogSystemBackend\target\classes started by kyle in C:\Users\kyle\Desktop\阳光沙滩工具\SobBlogSystemBackend) 
2024-11-11 [restartedMain] INFO com.lynnwork.sobblogsystem.SobBlogSystemApplication - No active profile set, falling back to 1 default profile: "default" 
2024-11-11 [restartedMain] INFO com.lynnwork.sobblogsystem.SobBlogSystemApplication - Started SobBlogSystemApplication in 1.627 seconds (JVM running for 2451.297) 
2024-11-11 [restartedMain] INFO com.lynnwork.sobblogsystem.SobBlogSystemApplication - Starting SobBlogSystemApplication using Java 1.8.0_301 on DESKTOP-BOJ5191 with PID 24208 (C:\Users\kyle\Desktop\阳光沙滩工具\SobBlogSystemBackend\target\classes started by kyle in C:\Users\kyle\Desktop\阳光沙滩工具\SobBlogSystemBackend) 
2024-11-11 [restartedMain] INFO com.lynnwork.sobblogsystem.SobBlogSystemApplication - No active profile set, falling back to 1 default profile: "default" 
2024-11-11 [restartedMain] INFO com.lynnwork.sobblogsystem.SobBlogSystemApplication - Started SobBlogSystemApplication in 1.601 seconds (JVM running for 2454.951) 
2024-11-11 [restartedMain] INFO com.lynnwork.sobblogsystem.SobBlogSystemApplication - Starting SobBlogSystemApplication using Java 1.8.0_301 on DESKTOP-BOJ5191 with PID 24208 (C:\Users\kyle\Desktop\阳光沙滩工具\SobBlogSystemBackend\target\classes started by kyle in C:\Users\kyle\Desktop\阳光沙滩工具\SobBlogSystemBackend) 
2024-11-11 [restartedMain] INFO com.lynnwork.sobblogsystem.SobBlogSystemApplication - No active profile set, falling back to 1 default profile: "default" 
2024-11-11 [restartedMain] INFO com.lynnwork.sobblogsystem.SobBlogSystemApplication - Started SobBlogSystemApplication in 1.635 seconds (JVM running for 2475.353) 
2024-11-11 [restartedMain] INFO com.lynnwork.sobblogsystem.SobBlogSystemApplication - Starting SobBlogSystemApplication using Java 1.8.0_301 on DESKTOP-BOJ5191 with PID 24208 (C:\Users\kyle\Desktop\阳光沙滩工具\SobBlogSystemBackend\target\classes started by kyle in C:\Users\kyle\Desktop\阳光沙滩工具\SobBlogSystemBackend) 
2024-11-11 [restartedMain] INFO com.lynnwork.sobblogsystem.SobBlogSystemApplication - No active profile set, falling back to 1 default profile: "default" 
2024-11-11 [restartedMain] INFO com.lynnwork.sobblogsystem.SobBlogSystemApplication - Started SobBlogSystemApplication in 1.446 seconds (JVM running for 2478.912) 
2024-11-11 [restartedMain] INFO com.lynnwork.sobblogsystem.SobBlogSystemApplication - Starting SobBlogSystemApplication using Java 1.8.0_301 on DESKTOP-BOJ5191 with PID 24208 (C:\Users\kyle\Desktop\阳光沙滩工具\SobBlogSystemBackend\target\classes started by kyle in C:\Users\kyle\Desktop\阳光沙滩工具\SobBlogSystemBackend) 
2024-11-11 [restartedMain] INFO com.lynnwork.sobblogsystem.SobBlogSystemApplication - No active profile set, falling back to 1 default profile: "default" 
2024-11-11 [restartedMain] INFO com.lynnwork.sobblogsystem.SobBlogSystemApplication - Started SobBlogSystemApplication in 1.748 seconds (JVM running for 4054.967) 
2024-11-11 [restartedMain] INFO com.lynnwork.sobblogsystem.SobBlogSystemApplication - Starting SobBlogSystemApplication using Java 1.8.0_301 on DESKTOP-BOJ5191 with PID 24208 (C:\Users\kyle\Desktop\阳光沙滩工具\SobBlogSystemBackend\target\classes started by kyle in C:\Users\kyle\Desktop\阳光沙滩工具\SobBlogSystemBackend) 
2024-11-11 [restartedMain] INFO com.lynnwork.sobblogsystem.SobBlogSystemApplication - No active profile set, falling back to 1 default profile: "default" 
2024-11-11 [restartedMain] INFO com.lynnwork.sobblogsystem.SobBlogSystemApplication - Started SobBlogSystemApplication in 1.429 seconds (JVM running for 4058.474) 
2024-11-11 [restartedMain] INFO com.lynnwork.sobblogsystem.SobBlogSystemApplication - Starting SobBlogSystemApplication using Java 1.8.0_301 on DESKTOP-BOJ5191 with PID 24208 (C:\Users\kyle\Desktop\阳光沙滩工具\SobBlogSystemBackend\target\classes started by kyle in C:\Users\kyle\Desktop\阳光沙滩工具\SobBlogSystemBackend) 
2024-11-11 [restartedMain] INFO com.lynnwork.sobblogsystem.SobBlogSystemApplication - No active profile set, falling back to 1 default profile: "default" 
2024-11-11 [restartedMain] INFO com.lynnwork.sobblogsystem.SobBlogSystemApplication - Started SobBlogSystemApplication in 1.866 seconds (JVM running for 4067.686) 
2024-11-11 [restartedMain] INFO com.lynnwork.sobblogsystem.SobBlogSystemApplication - Starting SobBlogSystemApplication using Java 1.8.0_301 on DESKTOP-BOJ5191 with PID 24208 (C:\Users\kyle\Desktop\阳光沙滩工具\SobBlogSystemBackend\target\classes started by kyle in C:\Users\kyle\Desktop\阳光沙滩工具\SobBlogSystemBackend) 
2024-11-11 [restartedMain] INFO com.lynnwork.sobblogsystem.SobBlogSystemApplication - No active profile set, falling back to 1 default profile: "default" 
2024-11-11 [restartedMain] INFO com.lynnwork.sobblogsystem.SobBlogSystemApplication - Started SobBlogSystemApplication in 1.615 seconds (JVM running for 4071.695) 
2024-11-11 [restartedMain] INFO com.lynnwork.sobblogsystem.SobBlogSystemApplication - Starting SobBlogSystemApplication using Java 1.8.0_301 on DESKTOP-BOJ5191 with PID 24208 (C:\Users\kyle\Desktop\阳光沙滩工具\SobBlogSystemBackend\target\classes started by kyle in C:\Users\kyle\Desktop\阳光沙滩工具\SobBlogSystemBackend) 
2024-11-11 [restartedMain] INFO com.lynnwork.sobblogsystem.SobBlogSystemApplication - No active profile set, falling back to 1 default profile: "default" 
2024-11-11 [restartedMain] INFO com.lynnwork.sobblogsystem.SobBlogSystemApplication - Started SobBlogSystemApplication in 1.619 seconds (JVM running for 4166.444) 
2024-11-11 [restartedMain] INFO com.lynnwork.sobblogsystem.SobBlogSystemApplication - Starting SobBlogSystemApplication using Java 1.8.0_301 on DESKTOP-BOJ5191 with PID 24208 (C:\Users\kyle\Desktop\阳光沙滩工具\SobBlogSystemBackend\target\classes started by kyle in C:\Users\kyle\Desktop\阳光沙滩工具\SobBlogSystemBackend) 
2024-11-11 [restartedMain] INFO com.lynnwork.sobblogsystem.SobBlogSystemApplication - No active profile set, falling back to 1 default profile: "default" 
2024-11-11 [restartedMain] INFO com.lynnwork.sobblogsystem.SobBlogSystemApplication - Started SobBlogSystemApplication in 1.4 seconds (JVM running for 4170.004) 
2024-11-11 [restartedMain] INFO com.lynnwork.sobblogsystem.SobBlogSystemApplication - Starting SobBlogSystemApplication using Java 1.8.0_301 on DESKTOP-BOJ5191 with PID 15296 (C:\Users\kyle\Desktop\阳光沙滩工具\SobBlogSystemBackend\target\classes started by kyle in C:\Users\kyle\Desktop\阳光沙滩工具\SobBlogSystemBackend) 
2024-11-11 [restartedMain] INFO com.lynnwork.sobblogsystem.SobBlogSystemApplication - No active profile set, falling back to 1 default profile: "default" 
2024-11-11 [restartedMain] INFO com.lynnwork.sobblogsystem.SobBlogSystemApplication - Started SobBlogSystemApplication in 4.654 seconds (JVM running for 5.897) 
2024-11-11 [restartedMain] INFO com.lynnwork.sobblogsystem.SobBlogSystemApplication - Starting SobBlogSystemApplication using Java 1.8.0_301 on DESKTOP-BOJ5191 with PID 15296 (C:\Users\kyle\Desktop\阳光沙滩工具\SobBlogSystemBackend\target\classes started by kyle in C:\Users\kyle\Desktop\阳光沙滩工具\SobBlogSystemBackend) 
2024-11-11 [restartedMain] INFO com.lynnwork.sobblogsystem.SobBlogSystemApplication - No active profile set, falling back to 1 default profile: "default" 
2024-11-11 [restartedMain] INFO com.lynnwork.sobblogsystem.SobBlogSystemApplication - Started SobBlogSystemApplication in 1.976 seconds (JVM running for 48.307) 
2024-11-11 [restartedMain] INFO com.lynnwork.sobblogsystem.SobBlogSystemApplication - Starting SobBlogSystemApplication using Java 1.8.0_301 on DESKTOP-BOJ5191 with PID 15296 (C:\Users\kyle\Desktop\阳光沙滩工具\SobBlogSystemBackend\target\classes started by kyle in C:\Users\kyle\Desktop\阳光沙滩工具\SobBlogSystemBackend) 
2024-11-11 [restartedMain] INFO com.lynnwork.sobblogsystem.SobBlogSystemApplication - No active profile set, falling back to 1 default profile: "default" 
2024-11-11 [restartedMain] INFO com.lynnwork.sobblogsystem.SobBlogSystemApplication - Started SobBlogSystemApplication in 1.459 seconds (JVM running for 51.82) 
2024-11-11 [restartedMain] INFO com.lynnwork.sobblogsystem.SobBlogSystemApplication - Starting SobBlogSystemApplication using Java 1.8.0_301 on DESKTOP-BOJ5191 with PID 15296 (C:\Users\kyle\Desktop\阳光沙滩工具\SobBlogSystemBackend\target\classes started by kyle in C:\Users\kyle\Desktop\阳光沙滩工具\SobBlogSystemBackend) 
2024-11-11 [restartedMain] INFO com.lynnwork.sobblogsystem.SobBlogSystemApplication - No active profile set, falling back to 1 default profile: "default" 
2024-11-11 [restartedMain] INFO com.lynnwork.sobblogsystem.SobBlogSystemApplication - Started SobBlogSystemApplication in 1.72 seconds (JVM running for 118.721) 
2024-11-11 [restartedMain] INFO com.lynnwork.sobblogsystem.SobBlogSystemApplication - Starting SobBlogSystemApplication using Java 1.8.0_301 on DESKTOP-BOJ5191 with PID 15296 (C:\Users\kyle\Desktop\阳光沙滩工具\SobBlogSystemBackend\target\classes started by kyle in C:\Users\kyle\Desktop\阳光沙滩工具\SobBlogSystemBackend) 
2024-11-11 [restartedMain] INFO com.lynnwork.sobblogsystem.SobBlogSystemApplication - No active profile set, falling back to 1 default profile: "default" 
2024-11-11 [restartedMain] INFO com.lynnwork.sobblogsystem.SobBlogSystemApplication - Started SobBlogSystemApplication in 1.395 seconds (JVM running for 122.159) 
2024-11-11 [restartedMain] INFO com.lynnwork.sobblogsystem.SobBlogSystemApplication - Starting SobBlogSystemApplication using Java 1.8.0_301 on DESKTOP-BOJ5191 with PID 15296 (C:\Users\kyle\Desktop\阳光沙滩工具\SobBlogSystemBackend\target\classes started by kyle in C:\Users\kyle\Desktop\阳光沙滩工具\SobBlogSystemBackend) 
2024-11-11 [restartedMain] INFO com.lynnwork.sobblogsystem.SobBlogSystemApplication - No active profile set, falling back to 1 default profile: "default" 
2024-11-11 [restartedMain] INFO com.lynnwork.sobblogsystem.SobBlogSystemApplication - Started SobBlogSystemApplication in 1.818 seconds (JVM running for 161.279) 
2024-11-11 [restartedMain] INFO com.lynnwork.sobblogsystem.SobBlogSystemApplication - Starting SobBlogSystemApplication using Java 1.8.0_301 on DESKTOP-BOJ5191 with PID 15296 (C:\Users\kyle\Desktop\阳光沙滩工具\SobBlogSystemBackend\target\classes started by kyle in C:\Users\kyle\Desktop\阳光沙滩工具\SobBlogSystemBackend) 
2024-11-11 [restartedMain] INFO com.lynnwork.sobblogsystem.SobBlogSystemApplication - No active profile set, falling back to 1 default profile: "default" 
2024-11-11 [restartedMain] INFO com.lynnwork.sobblogsystem.SobBlogSystemApplication - Started SobBlogSystemApplication in 1.448 seconds (JVM running for 164.909) 
2024-11-11 [restartedMain] INFO com.lynnwork.sobblogsystem.SobBlogSystemApplication - Starting SobBlogSystemApplication using Java 1.8.0_301 on DESKTOP-BOJ5191 with PID 13992 (C:\Users\kyle\Desktop\阳光沙滩工具\SobBlogSystemBackend\target\classes started by kyle in C:\Users\kyle\Desktop\阳光沙滩工具\SobBlogSystemBackend) 
2024-11-11 [restartedMain] INFO com.lynnwork.sobblogsystem.SobBlogSystemApplication - No active profile set, falling back to 1 default profile: "default" 
2024-11-11 [restartedMain] INFO com.lynnwork.sobblogsystem.SobBlogSystemApplication - Started SobBlogSystemApplication in 4.201 seconds (JVM running for 5.417) 
2024-11-11 [restartedMain] INFO com.lynnwork.sobblogsystem.SobBlogSystemApplication - Starting SobBlogSystemApplication using Java 1.8.0_301 on DESKTOP-BOJ5191 with PID 13992 (C:\Users\kyle\Desktop\阳光沙滩工具\SobBlogSystemBackend\target\classes started by kyle in C:\Users\kyle\Desktop\阳光沙滩工具\SobBlogSystemBackend) 
2024-11-11 [restartedMain] INFO com.lynnwork.sobblogsystem.SobBlogSystemApplication - No active profile set, falling back to 1 default profile: "default" 
2024-11-11 [restartedMain] INFO com.lynnwork.sobblogsystem.SobBlogSystemApplication - Started SobBlogSystemApplication in 1.884 seconds (JVM running for 1109.106) 
2024-11-11 [restartedMain] INFO com.lynnwork.sobblogsystem.SobBlogSystemApplication - Starting SobBlogSystemApplication using Java 1.8.0_301 on DESKTOP-BOJ5191 with PID 13992 (C:\Users\kyle\Desktop\阳光沙滩工具\SobBlogSystemBackend\target\classes started by kyle in C:\Users\kyle\Desktop\阳光沙滩工具\SobBlogSystemBackend) 
2024-11-11 [restartedMain] INFO com.lynnwork.sobblogsystem.SobBlogSystemApplication - No active profile set, falling back to 1 default profile: "default" 
2024-11-11 [restartedMain] INFO com.lynnwork.sobblogsystem.SobBlogSystemApplication - Started SobBlogSystemApplication in 1.479 seconds (JVM running for 1112.656) 
2024-11-11 [restartedMain] INFO com.lynnwork.sobblogsystem.SobBlogSystemApplication - Starting SobBlogSystemApplication using Java 1.8.0_301 on DESKTOP-BOJ5191 with PID 23516 (C:\Users\kyle\Desktop\阳光沙滩工具\SobBlogSystemBackend\target\classes started by kyle in C:\Users\kyle\Desktop\阳光沙滩工具\SobBlogSystemBackend) 
2024-11-11 [restartedMain] INFO com.lynnwork.sobblogsystem.SobBlogSystemApplication - No active profile set, falling back to 1 default profile: "default" 
2024-11-11 [restartedMain] INFO com.lynnwork.sobblogsystem.SobBlogSystemApplication - Started SobBlogSystemApplication in 4.194 seconds (JVM running for 5.441) 
2024-11-11 [restartedMain] INFO com.lynnwork.sobblogsystem.SobBlogSystemApplication - Starting SobBlogSystemApplication using Java 1.8.0_301 on DESKTOP-BOJ5191 with PID 23516 (C:\Users\kyle\Desktop\阳光沙滩工具\SobBlogSystemBackend\target\classes started by kyle in C:\Users\kyle\Desktop\阳光沙滩工具\SobBlogSystemBackend) 
2024-11-11 [restartedMain] INFO com.lynnwork.sobblogsystem.SobBlogSystemApplication - No active profile set, falling back to 1 default profile: "default" 
2024-11-11 [restartedMain] INFO com.lynnwork.sobblogsystem.SobBlogSystemApplication - Started SobBlogSystemApplication in 1.728 seconds (JVM running for 429.164) 
2024-11-11 [restartedMain] INFO com.lynnwork.sobblogsystem.SobBlogSystemApplication - Starting SobBlogSystemApplication using Java 1.8.0_301 on DESKTOP-BOJ5191 with PID 1236 (C:\Users\kyle\Desktop\阳光沙滩工具\SobBlogSystemBackend\target\classes started by kyle in C:\Users\kyle\Desktop\阳光沙滩工具\SobBlogSystemBackend) 
2024-11-11 [restartedMain] INFO com.lynnwork.sobblogsystem.SobBlogSystemApplication - No active profile set, falling back to 1 default profile: "default" 
2024-11-11 [restartedMain] INFO com.lynnwork.sobblogsystem.SobBlogSystemApplication - Started SobBlogSystemApplication in 4.56 seconds (JVM running for 5.8) 
2024-11-11 [restartedMain] INFO com.lynnwork.sobblogsystem.SobBlogSystemApplication - Starting SobBlogSystemApplication using Java 1.8.0_301 on DESKTOP-BOJ5191 with PID 1236 (C:\Users\kyle\Desktop\阳光沙滩工具\SobBlogSystemBackend\target\classes started by kyle in C:\Users\kyle\Desktop\阳光沙滩工具\SobBlogSystemBackend) 
2024-11-11 [restartedMain] INFO com.lynnwork.sobblogsystem.SobBlogSystemApplication - No active profile set, falling back to 1 default profile: "default" 
2024-11-11 [restartedMain] INFO com.lynnwork.sobblogsystem.SobBlogSystemApplication - Started SobBlogSystemApplication in 1.846 seconds (JVM running for 96.325) 
2024-11-11 [restartedMain] INFO com.lynnwork.sobblogsystem.SobBlogSystemApplication - Starting SobBlogSystemApplication using Java 1.8.0_301 on DESKTOP-BOJ5191 with PID 1236 (C:\Users\kyle\Desktop\阳光沙滩工具\SobBlogSystemBackend\target\classes started by kyle in C:\Users\kyle\Desktop\阳光沙滩工具\SobBlogSystemBackend) 
2024-11-11 [restartedMain] INFO com.lynnwork.sobblogsystem.SobBlogSystemApplication - No active profile set, falling back to 1 default profile: "default" 
2024-11-11 [restartedMain] INFO com.lynnwork.sobblogsystem.SobBlogSystemApplication - Started SobBlogSystemApplication in 1.366 seconds (JVM running for 99.723) 
