2024-12-05 [restartedMain] INFO com.lynnwork.sobblogsystem.SobBlogSystemApplication o.s.b.StartupInfoLogger - Starting SobBlogSystemApplication using Java 1.8.0_301 on DESKTOP-BOJ5191 with PID 15692 (C:\Users\kyle\Desktop\阳光沙滩工具\SobBlogSystemBackend\target\classes started by kyle in C:\Users\kyle\Desktop\阳光沙滩工具\SobBlogSystemBackend) 
2024-12-05 [restartedMain] INFO com.lynnwork.sobblogsystem.SobBlogSystemApplication o.s.b.SpringApplication - No active profile set, falling back to 1 default profile: "default" 
2024-12-05 [restartedMain] INFO com.lynnwork.sobblogsystem.SobBlogSystemApplication o.s.b.StartupInfoLogger - Started SobBlogSystemApplication in 6.585 seconds (JVM running for 8.0) 
2024-12-05 [restartedMain] INFO com.lynnwork.sobblogsystem.SobBlogSystemApplication o.s.b.StartupInfoLogger - Starting SobBlogSystemApplication using Java 1.8.0_301 on DESKTOP-BOJ5191 with PID 15692 (C:\Users\kyle\Desktop\阳光沙滩工具\SobBlogSystemBackend\target\classes started by kyle in C:\Users\kyle\Desktop\阳光沙滩工具\SobBlogSystemBackend) 
2024-12-05 [restartedMain] INFO com.lynnwork.sobblogsystem.SobBlogSystemApplication o.s.b.SpringApplication - No active profile set, falling back to 1 default profile: "default" 
2024-12-05 [restartedMain] INFO com.lynnwork.sobblogsystem.SobBlogSystemApplication o.s.b.StartupInfoLogger - Starting SobBlogSystemApplication using Java 1.8.0_301 on DESKTOP-BOJ5191 with PID 15692 (C:\Users\kyle\Desktop\阳光沙滩工具\SobBlogSystemBackend\target\classes started by kyle in C:\Users\kyle\Desktop\阳光沙滩工具\SobBlogSystemBackend) 
2024-12-05 [restartedMain] INFO com.lynnwork.sobblogsystem.SobBlogSystemApplication o.s.b.SpringApplication - No active profile set, falling back to 1 default profile: "default" 
2024-12-05 [restartedMain] INFO com.lynnwork.sobblogsystem.SobBlogSystemApplication o.s.b.StartupInfoLogger - Started SobBlogSystemApplication in 1.713 seconds (JVM running for 827.276) 
2024-12-05 [http-nio-8090-exec-1] INFO com.lynnwork.sobblogsystem.service.impl.UserServiceImpl c.l.s.s.i.UserServiceImpl - userName:lynn 
2024-12-05 [http-nio-8090-exec-1] INFO com.lynnwork.sobblogsystem.service.impl.UserServiceImpl c.l.s.s.i.UserServiceImpl - avatar:https://pic3.zhimg.com/v2-5fb13110e1de13d4c11e6e7f5b8026da_r.jpg 
2024-12-05 [http-nio-8090-exec-1] INFO com.lynnwork.sobblogsystem.service.impl.UserServiceImpl c.l.s.s.i.UserServiceImpl - sign:小小的我，也有大大的梦想 
2024-12-05 [restartedMain] INFO com.lynnwork.sobblogsystem.SobBlogSystemApplication o.s.b.StartupInfoLogger - Starting SobBlogSystemApplication using Java 1.8.0_301 on DESKTOP-BOJ5191 with PID 15692 (C:\Users\kyle\Desktop\阳光沙滩工具\SobBlogSystemBackend\target\classes started by kyle in C:\Users\kyle\Desktop\阳光沙滩工具\SobBlogSystemBackend) 
2024-12-05 [restartedMain] INFO com.lynnwork.sobblogsystem.SobBlogSystemApplication o.s.b.SpringApplication - No active profile set, falling back to 1 default profile: "default" 
2024-12-05 [restartedMain] INFO com.lynnwork.sobblogsystem.SobBlogSystemApplication o.s.b.StartupInfoLogger - Starting SobBlogSystemApplication using Java 1.8.0_301 on DESKTOP-BOJ5191 with PID 15692 (C:\Users\kyle\Desktop\阳光沙滩工具\SobBlogSystemBackend\target\classes started by kyle in C:\Users\kyle\Desktop\阳光沙滩工具\SobBlogSystemBackend) 
2024-12-05 [restartedMain] INFO com.lynnwork.sobblogsystem.SobBlogSystemApplication o.s.b.SpringApplication - No active profile set, falling back to 1 default profile: "default" 
2024-12-05 [restartedMain] INFO com.lynnwork.sobblogsystem.SobBlogSystemApplication o.s.b.StartupInfoLogger - Started SobBlogSystemApplication in 1.678 seconds (JVM running for 868.084) 
2024-12-05 [restartedMain] INFO com.lynnwork.sobblogsystem.SobBlogSystemApplication o.s.b.StartupInfoLogger - Starting SobBlogSystemApplication using Java 1.8.0_301 on DESKTOP-BOJ5191 with PID 15692 (C:\Users\kyle\Desktop\阳光沙滩工具\SobBlogSystemBackend\target\classes started by kyle in C:\Users\kyle\Desktop\阳光沙滩工具\SobBlogSystemBackend) 
2024-12-05 [restartedMain] INFO com.lynnwork.sobblogsystem.SobBlogSystemApplication o.s.b.SpringApplication - No active profile set, falling back to 1 default profile: "default" 
2024-12-05 [restartedMain] INFO com.lynnwork.sobblogsystem.SobBlogSystemApplication o.s.b.StartupInfoLogger - Starting SobBlogSystemApplication using Java 1.8.0_301 on DESKTOP-BOJ5191 with PID 15692 (C:\Users\kyle\Desktop\阳光沙滩工具\SobBlogSystemBackend\target\classes started by kyle in C:\Users\kyle\Desktop\阳光沙滩工具\SobBlogSystemBackend) 
2024-12-05 [restartedMain] INFO com.lynnwork.sobblogsystem.SobBlogSystemApplication o.s.b.SpringApplication - No active profile set, falling back to 1 default profile: "default" 
2024-12-05 [restartedMain] INFO com.lynnwork.sobblogsystem.SobBlogSystemApplication o.s.b.StartupInfoLogger - Started SobBlogSystemApplication in 2.042 seconds (JVM running for 1593.264) 
2024-12-05 [http-nio-8090-exec-1] INFO com.lynnwork.sobblogsystem.service.impl.UserServiceImpl c.l.s.s.i.UserServiceImpl - userName:lynn 
2024-12-05 [http-nio-8090-exec-1] INFO com.lynnwork.sobblogsystem.service.impl.UserServiceImpl c.l.s.s.i.UserServiceImpl - avatar:https://pic3.zhimg.com/v2-5fb13110e1de13d4c11e6e7f5b8026da_r.jpg 
2024-12-05 [http-nio-8090-exec-1] INFO com.lynnwork.sobblogsystem.service.impl.UserServiceImpl c.l.s.s.i.UserServiceImpl - sign:小小的我，也有大大的梦想 
2024-12-05 [restartedMain] INFO com.lynnwork.sobblogsystem.SobBlogSystemApplication o.s.b.StartupInfoLogger - Starting SobBlogSystemApplication using Java 1.8.0_301 on DESKTOP-BOJ5191 with PID 15692 (C:\Users\kyle\Desktop\阳光沙滩工具\SobBlogSystemBackend\target\classes started by kyle in C:\Users\kyle\Desktop\阳光沙滩工具\SobBlogSystemBackend) 
2024-12-05 [restartedMain] INFO com.lynnwork.sobblogsystem.SobBlogSystemApplication o.s.b.SpringApplication - No active profile set, falling back to 1 default profile: "default" 
2024-12-05 [restartedMain] INFO com.lynnwork.sobblogsystem.SobBlogSystemApplication o.s.b.StartupInfoLogger - Started SobBlogSystemApplication in 1.945 seconds (JVM running for 1769.529) 
2024-12-05 [restartedMain] INFO com.lynnwork.sobblogsystem.SobBlogSystemApplication o.s.b.StartupInfoLogger - Starting SobBlogSystemApplication using Java 1.8.0_301 on DESKTOP-BOJ5191 with PID 15692 (C:\Users\kyle\Desktop\阳光沙滩工具\SobBlogSystemBackend\target\classes started by kyle in C:\Users\kyle\Desktop\阳光沙滩工具\SobBlogSystemBackend) 
2024-12-05 [restartedMain] INFO com.lynnwork.sobblogsystem.SobBlogSystemApplication o.s.b.SpringApplication - No active profile set, falling back to 1 default profile: "default" 
2024-12-05 [restartedMain] INFO com.lynnwork.sobblogsystem.SobBlogSystemApplication o.s.b.StartupInfoLogger - Started SobBlogSystemApplication in 2.22 seconds (JVM running for 1773.986) 
2024-12-05 [http-nio-8090-exec-4] INFO com.lynnwork.sobblogsystem.service.impl.UserServiceImpl c.l.s.s.i.UserServiceImpl - userName:kyle 
2024-12-05 [http-nio-8090-exec-4] INFO com.lynnwork.sobblogsystem.service.impl.UserServiceImpl c.l.s.s.i.UserServiceImpl - avatar:https://cdn.sunofbeaches.com/images/default_avatar.png 
2024-12-05 [http-nio-8090-exec-4] INFO com.lynnwork.sobblogsystem.service.impl.UserServiceImpl c.l.s.s.i.UserServiceImpl - sign:有志者,事竟成 
2024-12-05 [restartedMain] INFO com.lynnwork.sobblogsystem.SobBlogSystemApplication o.s.b.StartupInfoLogger - Starting SobBlogSystemApplication using Java 1.8.0_301 on DESKTOP-BOJ5191 with PID 15692 (C:\Users\kyle\Desktop\阳光沙滩工具\SobBlogSystemBackend\target\classes started by kyle in C:\Users\kyle\Desktop\阳光沙滩工具\SobBlogSystemBackend) 
2024-12-05 [restartedMain] INFO com.lynnwork.sobblogsystem.SobBlogSystemApplication o.s.b.SpringApplication - No active profile set, falling back to 1 default profile: "default" 
2024-12-05 [restartedMain] INFO com.lynnwork.sobblogsystem.SobBlogSystemApplication o.s.b.StartupInfoLogger - Starting SobBlogSystemApplication using Java 1.8.0_301 on DESKTOP-BOJ5191 with PID 15692 (C:\Users\kyle\Desktop\阳光沙滩工具\SobBlogSystemBackend\target\classes started by kyle in C:\Users\kyle\Desktop\阳光沙滩工具\SobBlogSystemBackend) 
2024-12-05 [restartedMain] INFO com.lynnwork.sobblogsystem.SobBlogSystemApplication o.s.b.SpringApplication - No active profile set, falling back to 1 default profile: "default" 
2024-12-05 [restartedMain] INFO com.lynnwork.sobblogsystem.SobBlogSystemApplication o.s.b.StartupInfoLogger - Started SobBlogSystemApplication in 1.571 seconds (JVM running for 2901.629) 
2024-12-05 [restartedMain] INFO com.lynnwork.sobblogsystem.SobBlogSystemApplication o.s.b.StartupInfoLogger - Starting SobBlogSystemApplication using Java 1.8.0_301 on DESKTOP-BOJ5191 with PID 15692 (C:\Users\kyle\Desktop\阳光沙滩工具\SobBlogSystemBackend\target\classes started by kyle in C:\Users\kyle\Desktop\阳光沙滩工具\SobBlogSystemBackend) 
2024-12-05 [restartedMain] INFO com.lynnwork.sobblogsystem.SobBlogSystemApplication o.s.b.SpringApplication - No active profile set, falling back to 1 default profile: "default" 
2024-12-05 [restartedMain] INFO com.lynnwork.sobblogsystem.SobBlogSystemApplication o.s.b.StartupInfoLogger - Started SobBlogSystemApplication in 2.06 seconds (JVM running for 3048.34) 
2024-12-05 [restartedMain] INFO com.lynnwork.sobblogsystem.SobBlogSystemApplication o.s.b.StartupInfoLogger - Starting SobBlogSystemApplication using Java 1.8.0_301 on DESKTOP-BOJ5191 with PID 15692 (C:\Users\kyle\Desktop\阳光沙滩工具\SobBlogSystemBackend\target\classes started by kyle in C:\Users\kyle\Desktop\阳光沙滩工具\SobBlogSystemBackend) 
2024-12-05 [restartedMain] INFO com.lynnwork.sobblogsystem.SobBlogSystemApplication o.s.b.SpringApplication - No active profile set, falling back to 1 default profile: "default" 
2024-12-05 [restartedMain] INFO com.lynnwork.sobblogsystem.SobBlogSystemApplication o.s.b.StartupInfoLogger - Started SobBlogSystemApplication in 1.616 seconds (JVM running for 3105.321) 
2024-12-05 [http-nio-8090-exec-1] INFO com.lynnwork.sobblogsystem.controller.TestController c.l.s.c.TestController - userNamelynn 
2024-12-05 [http-nio-8090-exec-1] INFO com.lynnwork.sobblogsystem.controller.TestController c.l.s.c.TestController - sign小小的我，也有大大的梦想 
2024-12-05 [http-nio-8090-exec-1] INFO com.lynnwork.sobblogsystem.controller.TestController c.l.s.c.TestController - avatarhttps://pic3.zhimg.com/v2-5fb13110e1de13d4c11e6e7f5b8026da_r.jpg 
2024-12-05 [http-nio-8090-exec-3] INFO com.lynnwork.sobblogsystem.controller.TestController c.l.s.c.TestController - userNamelynn 
2024-12-05 [http-nio-8090-exec-3] INFO com.lynnwork.sobblogsystem.controller.TestController c.l.s.c.TestController - sign小小的我，也有大大的梦想 
2024-12-05 [http-nio-8090-exec-3] INFO com.lynnwork.sobblogsystem.controller.TestController c.l.s.c.TestController - avatarhttps://pic3.zhimg.com/v2-5fb13110e1de13d4c11e6e7f5b8026da_r.jpg 
2024-12-05 [restartedMain] INFO com.lynnwork.sobblogsystem.SobBlogSystemApplication o.s.b.StartupInfoLogger - Starting SobBlogSystemApplication using Java 1.8.0_301 on DESKTOP-BOJ5191 with PID 15692 (C:\Users\kyle\Desktop\阳光沙滩工具\SobBlogSystemBackend\target\classes started by kyle in C:\Users\kyle\Desktop\阳光沙滩工具\SobBlogSystemBackend) 
2024-12-05 [restartedMain] INFO com.lynnwork.sobblogsystem.SobBlogSystemApplication o.s.b.SpringApplication - No active profile set, falling back to 1 default profile: "default" 
2024-12-05 [restartedMain] INFO com.lynnwork.sobblogsystem.SobBlogSystemApplication o.s.b.StartupInfoLogger - Starting SobBlogSystemApplication using Java 1.8.0_301 on DESKTOP-BOJ5191 with PID 15692 (C:\Users\kyle\Desktop\阳光沙滩工具\SobBlogSystemBackend\target\classes started by kyle in C:\Users\kyle\Desktop\阳光沙滩工具\SobBlogSystemBackend) 
2024-12-05 [restartedMain] INFO com.lynnwork.sobblogsystem.SobBlogSystemApplication o.s.b.SpringApplication - No active profile set, falling back to 1 default profile: "default" 
2024-12-05 [restartedMain] INFO com.lynnwork.sobblogsystem.SobBlogSystemApplication o.s.b.StartupInfoLogger - Started SobBlogSystemApplication in 2.554 seconds (JVM running for 3433.551) 
2024-12-05 [restartedMain] INFO com.lynnwork.sobblogsystem.SobBlogSystemApplication o.s.b.StartupInfoLogger - Starting SobBlogSystemApplication using Java 1.8.0_301 on DESKTOP-BOJ5191 with PID 15692 (C:\Users\kyle\Desktop\阳光沙滩工具\SobBlogSystemBackend\target\classes started by kyle in C:\Users\kyle\Desktop\阳光沙滩工具\SobBlogSystemBackend) 
2024-12-05 [restartedMain] INFO com.lynnwork.sobblogsystem.SobBlogSystemApplication o.s.b.SpringApplication - No active profile set, falling back to 1 default profile: "default" 
2024-12-05 [restartedMain] INFO com.lynnwork.sobblogsystem.SobBlogSystemApplication o.s.b.StartupInfoLogger - Starting SobBlogSystemApplication using Java 1.8.0_301 on DESKTOP-BOJ5191 with PID 15692 (C:\Users\kyle\Desktop\阳光沙滩工具\SobBlogSystemBackend\target\classes started by kyle in C:\Users\kyle\Desktop\阳光沙滩工具\SobBlogSystemBackend) 
2024-12-05 [restartedMain] INFO com.lynnwork.sobblogsystem.SobBlogSystemApplication o.s.b.SpringApplication - No active profile set, falling back to 1 default profile: "default" 
2024-12-05 [restartedMain] INFO com.lynnwork.sobblogsystem.SobBlogSystemApplication o.s.b.StartupInfoLogger - Started SobBlogSystemApplication in 1.658 seconds (JVM running for 3478.459) 
2024-12-05 [restartedMain] INFO com.lynnwork.sobblogsystem.SobBlogSystemApplication o.s.b.StartupInfoLogger - Starting SobBlogSystemApplication using Java 1.8.0_301 on DESKTOP-BOJ5191 with PID 496 (C:\Users\kyle\Desktop\阳光沙滩工具\SobBlogSystemBackend\target\classes started by kyle in C:\Users\kyle\Desktop\阳光沙滩工具\SobBlogSystemBackend) 
2024-12-05 [restartedMain] INFO com.lynnwork.sobblogsystem.SobBlogSystemApplication o.s.b.SpringApplication - No active profile set, falling back to 1 default profile: "default" 
2024-12-05 [restartedMain] INFO com.lynnwork.sobblogsystem.SobBlogSystemApplication o.s.b.StartupInfoLogger - Started SobBlogSystemApplication in 4.772 seconds (JVM running for 5.94) 
2024-12-05 [http-nio-8090-exec-5] INFO com.lynnwork.sobblogsystem.service.impl.UserServiceImpl c.l.s.s.i.UserServiceImpl - userName:lynn 
2024-12-05 [http-nio-8090-exec-5] INFO com.lynnwork.sobblogsystem.service.impl.UserServiceImpl c.l.s.s.i.UserServiceImpl - avatar:https://cdn.sunofbeaches.com/images/default_avatar.png 
2024-12-05 [http-nio-8090-exec-5] INFO com.lynnwork.sobblogsystem.service.impl.UserServiceImpl c.l.s.s.i.UserServiceImpl - sign:小小的我，也有大大的梦想 
2024-12-05 [http-nio-8090-exec-6] INFO com.lynnwork.sobblogsystem.controller.TestController c.l.s.c.TestController - userNamekyle 
2024-12-05 [http-nio-8090-exec-6] INFO com.lynnwork.sobblogsystem.controller.TestController c.l.s.c.TestController - sign有志者,事竟成 
2024-12-05 [http-nio-8090-exec-6] INFO com.lynnwork.sobblogsystem.controller.TestController c.l.s.c.TestController - avatarhttps://cdn.sunofbeaches.com/images/default_avatar.png 
2024-12-05 [http-nio-8090-exec-2] INFO com.lynnwork.sobblogsystem.service.impl.UserServiceImpl c.l.s.s.i.UserServiceImpl - userName:kyle 
2024-12-05 [http-nio-8090-exec-2] INFO com.lynnwork.sobblogsystem.service.impl.UserServiceImpl c.l.s.s.i.UserServiceImpl - avatar:https://cdn.sunofbeaches.com/images/default_avatar.png 
2024-12-05 [http-nio-8090-exec-2] INFO com.lynnwork.sobblogsystem.service.impl.UserServiceImpl c.l.s.s.i.UserServiceImpl - sign:有志者,事竟成 
2024-12-05 [http-nio-8090-exec-10] INFO com.lynnwork.sobblogsystem.controller.TestController c.l.s.c.TestController - userNamekyle 
2024-12-05 [http-nio-8090-exec-10] INFO com.lynnwork.sobblogsystem.controller.TestController c.l.s.c.TestController - sign有志者,事竟成 
2024-12-05 [http-nio-8090-exec-10] INFO com.lynnwork.sobblogsystem.controller.TestController c.l.s.c.TestController - avatarhttps://cdn.sunofbeaches.com/images/default_avatar.png 
2024-12-05 [http-nio-8090-exec-4] INFO com.lynnwork.sobblogsystem.service.impl.UserServiceImpl c.l.s.s.i.UserServiceImpl - userName:lynn 
2024-12-05 [http-nio-8090-exec-4] INFO com.lynnwork.sobblogsystem.service.impl.UserServiceImpl c.l.s.s.i.UserServiceImpl - avatar:https://cdn.sunofbeaches.com/images/default_avatar.png 
2024-12-05 [http-nio-8090-exec-4] INFO com.lynnwork.sobblogsystem.service.impl.UserServiceImpl c.l.s.s.i.UserServiceImpl - sign:小小的我,有大大的梦想 
2024-12-05 [http-nio-8090-exec-3] INFO com.lynnwork.sobblogsystem.controller.TestController c.l.s.c.TestController - userNamekyle 
2024-12-05 [http-nio-8090-exec-3] INFO com.lynnwork.sobblogsystem.controller.TestController c.l.s.c.TestController - sign有志者,事竟成 
2024-12-05 [http-nio-8090-exec-3] INFO com.lynnwork.sobblogsystem.controller.TestController c.l.s.c.TestController - avatarhttps://cdn.sunofbeaches.com/images/default_avatar.png 
2024-12-05 [restartedMain] INFO com.lynnwork.sobblogsystem.SobBlogSystemApplication o.s.b.StartupInfoLogger - Starting SobBlogSystemApplication using Java 1.8.0_301 on DESKTOP-BOJ5191 with PID 496 (C:\Users\kyle\Desktop\阳光沙滩工具\SobBlogSystemBackend\target\classes started by kyle in C:\Users\kyle\Desktop\阳光沙滩工具\SobBlogSystemBackend) 
2024-12-05 [restartedMain] INFO com.lynnwork.sobblogsystem.SobBlogSystemApplication o.s.b.SpringApplication - No active profile set, falling back to 1 default profile: "default" 
2024-12-05 [restartedMain] INFO com.lynnwork.sobblogsystem.SobBlogSystemApplication o.s.b.StartupInfoLogger - Starting SobBlogSystemApplication using Java 1.8.0_301 on DESKTOP-BOJ5191 with PID 496 (C:\Users\kyle\Desktop\阳光沙滩工具\SobBlogSystemBackend\target\classes started by kyle in C:\Users\kyle\Desktop\阳光沙滩工具\SobBlogSystemBackend) 
2024-12-05 [restartedMain] INFO com.lynnwork.sobblogsystem.SobBlogSystemApplication o.s.b.SpringApplication - No active profile set, falling back to 1 default profile: "default" 
2024-12-05 [restartedMain] INFO com.lynnwork.sobblogsystem.SobBlogSystemApplication o.s.b.StartupInfoLogger - Started SobBlogSystemApplication in 1.682 seconds (JVM running for 729.814) 
2024-12-05 [http-nio-8090-exec-1] INFO com.lynnwork.sobblogsystem.service.impl.UserServiceImpl c.l.s.s.i.UserServiceImpl - userFromToken:User(id=1861742302368747521, userName=kyle, password=null, role=role_admin, avatar=https://cdn.sunofbeaches.com/images/default_avatar.png, email=903586678@qq.com, sign=有志者,事竟成, state=1, regIp=null, logIp=null, createTime=null, updateTime=null) 
2024-12-05 [http-nio-8090-exec-1] INFO com.lynnwork.sobblogsystem.service.impl.UserServiceImpl c.l.s.s.i.UserServiceImpl - userName:kyle 
2024-12-05 [http-nio-8090-exec-1] INFO com.lynnwork.sobblogsystem.service.impl.UserServiceImpl c.l.s.s.i.UserServiceImpl - avatar:https://cdn.sunofbeaches.com/images/default_avatar.png 
2024-12-05 [http-nio-8090-exec-1] INFO com.lynnwork.sobblogsystem.service.impl.UserServiceImpl c.l.s.s.i.UserServiceImpl - sign:有志者，事竟成 
2024-12-05 [http-nio-8090-exec-2] INFO com.lynnwork.sobblogsystem.service.impl.UserServiceImpl c.l.s.s.i.UserServiceImpl - userFromToken:User(id=1861742302368747521, userName=kyle, password=null, role=role_admin, avatar=https://cdn.sunofbeaches.com/images/default_avatar.png, email=903586678@qq.com, sign=有志者,事竟成, state=1, regIp=null, logIp=null, createTime=null, updateTime=null) 
2024-12-05 [http-nio-8090-exec-2] INFO com.lynnwork.sobblogsystem.controller.TestController c.l.s.c.TestController - userNamekyle 
2024-12-05 [http-nio-8090-exec-2] INFO com.lynnwork.sobblogsystem.controller.TestController c.l.s.c.TestController - sign有志者,事竟成 
2024-12-05 [http-nio-8090-exec-2] INFO com.lynnwork.sobblogsystem.controller.TestController c.l.s.c.TestController - avatarhttps://cdn.sunofbeaches.com/images/default_avatar.png 
2024-12-05 [http-nio-8090-exec-4] INFO com.lynnwork.sobblogsystem.service.impl.UserServiceImpl c.l.s.s.i.UserServiceImpl - userFromToken:User(id=1861742302368747521, userName=kyle, password=null, role=role_admin, avatar=https://cdn.sunofbeaches.com/images/default_avatar.png, email=903586678@qq.com, sign=有志者,事竟成, state=1, regIp=null, logIp=null, createTime=null, updateTime=null) 
2024-12-05 [http-nio-8090-exec-4] INFO com.lynnwork.sobblogsystem.service.impl.UserServiceImpl c.l.s.s.i.UserServiceImpl - userName:lynn 
2024-12-05 [http-nio-8090-exec-4] INFO com.lynnwork.sobblogsystem.service.impl.UserServiceImpl c.l.s.s.i.UserServiceImpl - avatar:https://cdn.sunofbeaches.com/images/default_avatar.png 
2024-12-05 [http-nio-8090-exec-4] INFO com.lynnwork.sobblogsystem.service.impl.UserServiceImpl c.l.s.s.i.UserServiceImpl - sign:有志者，事竟成 
2024-12-05 [http-nio-8090-exec-5] INFO com.lynnwork.sobblogsystem.service.impl.UserServiceImpl c.l.s.s.i.UserServiceImpl - userFromToken:User(id=1861742302368747521, userName=kyle, password=null, role=role_admin, avatar=https://cdn.sunofbeaches.com/images/default_avatar.png, email=903586678@qq.com, sign=有志者,事竟成, state=1, regIp=null, logIp=null, createTime=null, updateTime=null) 
2024-12-05 [http-nio-8090-exec-5] INFO com.lynnwork.sobblogsystem.controller.TestController c.l.s.c.TestController - userNamekyle 
2024-12-05 [http-nio-8090-exec-5] INFO com.lynnwork.sobblogsystem.controller.TestController c.l.s.c.TestController - sign有志者,事竟成 
2024-12-05 [http-nio-8090-exec-5] INFO com.lynnwork.sobblogsystem.controller.TestController c.l.s.c.TestController - avatarhttps://cdn.sunofbeaches.com/images/default_avatar.png 
2024-12-05 [restartedMain] INFO com.lynnwork.sobblogsystem.SobBlogSystemApplication o.s.b.StartupInfoLogger - Starting SobBlogSystemApplication using Java 1.8.0_301 on DESKTOP-BOJ5191 with PID 496 (C:\Users\kyle\Desktop\阳光沙滩工具\SobBlogSystemBackend\target\classes started by kyle in C:\Users\kyle\Desktop\阳光沙滩工具\SobBlogSystemBackend) 
2024-12-05 [restartedMain] INFO com.lynnwork.sobblogsystem.SobBlogSystemApplication o.s.b.SpringApplication - No active profile set, falling back to 1 default profile: "default" 
2024-12-05 [restartedMain] INFO com.lynnwork.sobblogsystem.SobBlogSystemApplication o.s.b.StartupInfoLogger - Started SobBlogSystemApplication in 6.242 seconds (JVM running for 952.604) 
2024-12-05 [restartedMain] INFO com.lynnwork.sobblogsystem.SobBlogSystemApplication o.s.b.StartupInfoLogger - Starting SobBlogSystemApplication using Java 1.8.0_301 on DESKTOP-BOJ5191 with PID 496 (C:\Users\kyle\Desktop\阳光沙滩工具\SobBlogSystemBackend\target\classes started by kyle in C:\Users\kyle\Desktop\阳光沙滩工具\SobBlogSystemBackend) 
2024-12-05 [restartedMain] INFO com.lynnwork.sobblogsystem.SobBlogSystemApplication o.s.b.SpringApplication - No active profile set, falling back to 1 default profile: "default" 
2024-12-05 [restartedMain] INFO com.lynnwork.sobblogsystem.SobBlogSystemApplication o.s.b.StartupInfoLogger - Started SobBlogSystemApplication in 3.18 seconds (JVM running for 964.838) 
2024-12-05 [restartedMain] INFO com.lynnwork.sobblogsystem.SobBlogSystemApplication o.s.b.StartupInfoLogger - Starting SobBlogSystemApplication using Java 1.8.0_301 on DESKTOP-BOJ5191 with PID 496 (C:\Users\kyle\Desktop\阳光沙滩工具\SobBlogSystemBackend\target\classes started by kyle in C:\Users\kyle\Desktop\阳光沙滩工具\SobBlogSystemBackend) 
2024-12-05 [restartedMain] INFO com.lynnwork.sobblogsystem.SobBlogSystemApplication o.s.b.SpringApplication - No active profile set, falling back to 1 default profile: "default" 
2024-12-05 [restartedMain] INFO com.lynnwork.sobblogsystem.SobBlogSystemApplication o.s.b.StartupInfoLogger - Starting SobBlogSystemApplication using Java 1.8.0_301 on DESKTOP-BOJ5191 with PID 496 (C:\Users\kyle\Desktop\阳光沙滩工具\SobBlogSystemBackend\target\classes started by kyle in C:\Users\kyle\Desktop\阳光沙滩工具\SobBlogSystemBackend) 
2024-12-05 [restartedMain] INFO com.lynnwork.sobblogsystem.SobBlogSystemApplication o.s.b.SpringApplication - No active profile set, falling back to 1 default profile: "default" 
2024-12-05 [restartedMain] INFO com.lynnwork.sobblogsystem.SobBlogSystemApplication o.s.b.StartupInfoLogger - Started SobBlogSystemApplication in 2.041 seconds (JVM running for 1022.902) 
2024-12-05 [restartedMain] INFO com.lynnwork.sobblogsystem.SobBlogSystemApplication o.s.b.StartupInfoLogger - Starting SobBlogSystemApplication using Java 1.8.0_301 on DESKTOP-BOJ5191 with PID 17604 (C:\Users\kyle\Desktop\阳光沙滩工具\SobBlogSystemBackend\target\classes started by kyle in C:\Users\kyle\Desktop\阳光沙滩工具\SobBlogSystemBackend) 
2024-12-05 [restartedMain] INFO com.lynnwork.sobblogsystem.SobBlogSystemApplication o.s.b.SpringApplication - No active profile set, falling back to 1 default profile: "default" 
2024-12-05 [restartedMain] INFO com.lynnwork.sobblogsystem.SobBlogSystemApplication o.s.b.StartupInfoLogger - Started SobBlogSystemApplication in 5.248 seconds (JVM running for 7.003) 
2024-12-05 [http-nio-8090-exec-4] INFO com.lynnwork.sobblogsystem.service.impl.UserServiceImpl c.l.s.s.i.UserServiceImpl - userFromToken:User(id=1861742302368747521, userName=lynn, password=null, role=role_admin, avatar=https://cdn.sunofbeaches.com/images/default_avatar.png, email=903586678@qq.com, sign=有志者，事竟成, state=1, regIp=null, logIp=null, createTime=null, updateTime=null) 
2024-12-05 [http-nio-8090-exec-4] INFO com.lynnwork.sobblogsystem.service.impl.UserServiceImpl c.l.s.s.i.UserServiceImpl - userName:lynn 
2024-12-05 [http-nio-8090-exec-9] INFO com.lynnwork.sobblogsystem.service.impl.UserServiceImpl c.l.s.s.i.UserServiceImpl - userFromToken:User(id=1861742302368747521, userName=lynn, password=null, role=role_admin, avatar=https://cdn.sunofbeaches.com/images/default_avatar.png, email=903586678@qq.com, sign=有志者，事竟成, state=1, regIp=null, logIp=null, createTime=null, updateTime=null) 
2024-12-05 [http-nio-8090-exec-9] INFO com.lynnwork.sobblogsystem.service.impl.UserServiceImpl c.l.s.s.i.UserServiceImpl - userName:kyle 
2024-12-05 [http-nio-8090-exec-9] INFO com.lynnwork.sobblogsystem.service.impl.UserServiceImpl c.l.s.s.i.UserServiceImpl - avatar:https://pic3.zhimg.com/v2-5fb13110e1de13d4c11e6e7f5b8026da_r.jpg 
2024-12-05 [http-nio-8090-exec-9] INFO com.lynnwork.sobblogsystem.service.impl.UserServiceImpl c.l.s.s.i.UserServiceImpl - sign:小小的我，也有大大的梦想 
2024-12-05 [http-nio-8090-exec-6] INFO com.lynnwork.sobblogsystem.service.impl.UserServiceImpl c.l.s.s.i.UserServiceImpl - userFromToken:User(id=1861742302368747521, userName=lynn, password=null, role=role_admin, avatar=https://cdn.sunofbeaches.com/images/default_avatar.png, email=903586678@qq.com, sign=有志者，事竟成, state=1, regIp=null, logIp=null, createTime=null, updateTime=null) 
2024-12-05 [http-nio-8090-exec-6] INFO com.lynnwork.sobblogsystem.controller.TestController c.l.s.c.TestController - userName:lynn 
2024-12-05 [http-nio-8090-exec-6] INFO com.lynnwork.sobblogsystem.controller.TestController c.l.s.c.TestController - sign:有志者，事竟成 
2024-12-05 [http-nio-8090-exec-6] INFO com.lynnwork.sobblogsystem.controller.TestController c.l.s.c.TestController - avatar:https://cdn.sunofbeaches.com/images/default_avatar.png 
2024-12-05 [restartedMain] INFO com.lynnwork.sobblogsystem.SobBlogSystemApplication o.s.b.StartupInfoLogger - Starting SobBlogSystemApplication using Java 1.8.0_301 on DESKTOP-BOJ5191 with PID 17604 (C:\Users\kyle\Desktop\阳光沙滩工具\SobBlogSystemBackend\target\classes started by kyle in C:\Users\kyle\Desktop\阳光沙滩工具\SobBlogSystemBackend) 
2024-12-05 [restartedMain] INFO com.lynnwork.sobblogsystem.SobBlogSystemApplication o.s.b.SpringApplication - No active profile set, falling back to 1 default profile: "default" 
2024-12-05 [restartedMain] INFO com.lynnwork.sobblogsystem.SobBlogSystemApplication o.s.b.StartupInfoLogger - Starting SobBlogSystemApplication using Java 1.8.0_301 on DESKTOP-BOJ5191 with PID 17604 (C:\Users\kyle\Desktop\阳光沙滩工具\SobBlogSystemBackend\target\classes started by kyle in C:\Users\kyle\Desktop\阳光沙滩工具\SobBlogSystemBackend) 
2024-12-05 [restartedMain] INFO com.lynnwork.sobblogsystem.SobBlogSystemApplication o.s.b.SpringApplication - No active profile set, falling back to 1 default profile: "default" 
2024-12-05 [restartedMain] INFO com.lynnwork.sobblogsystem.SobBlogSystemApplication o.s.b.StartupInfoLogger - Started SobBlogSystemApplication in 1.823 seconds (JVM running for 571.552) 
2024-12-05 [http-nio-8090-exec-1] INFO com.lynnwork.sobblogsystem.service.impl.UserServiceImpl c.l.s.s.i.UserServiceImpl - userFromToken:User(id=1861742302368747521, userName=lynn, password=null, role=role_admin, avatar=https://cdn.sunofbeaches.com/images/default_avatar.png, email=903586678@qq.com, sign=有志者，事竟成, state=1, regIp=null, logIp=null, createTime=null, updateTime=null) 
2024-12-05 [http-nio-8090-exec-1] INFO com.lynnwork.sobblogsystem.service.impl.UserServiceImpl c.l.s.s.i.UserServiceImpl - userName:lynn 
2024-12-05 [http-nio-8090-exec-1] INFO com.lynnwork.sobblogsystem.service.impl.UserServiceImpl c.l.s.s.i.UserServiceImpl - avatar:https://cdn.sunofbeaches.com/images/default_avatar.png 
2024-12-05 [http-nio-8090-exec-1] INFO com.lynnwork.sobblogsystem.service.impl.UserServiceImpl c.l.s.s.i.UserServiceImpl - sign:小小的我,也有大大的梦想 
2024-12-05 [http-nio-8090-exec-4] INFO com.lynnwork.sobblogsystem.service.impl.UserServiceImpl c.l.s.s.i.UserServiceImpl - userFromToken:null 
2024-12-05 [http-nio-8090-exec-8] INFO com.lynnwork.sobblogsystem.service.impl.UserServiceImpl c.l.s.s.i.UserServiceImpl - userFromToken:User(id=1861742302368747521, userName=lynn, password=null, role=role_admin, avatar=https://cdn.sunofbeaches.com/images/default_avatar.png, email=903586678@qq.com, sign=小小的我,也有大大的梦想, state=1, regIp=null, logIp=null, createTime=null, updateTime=null) 
2024-12-05 [http-nio-8090-exec-8] INFO com.lynnwork.sobblogsystem.service.impl.UserServiceImpl c.l.s.s.i.UserServiceImpl - userName:kyle 
2024-12-05 [http-nio-8090-exec-8] INFO com.lynnwork.sobblogsystem.service.impl.UserServiceImpl c.l.s.s.i.UserServiceImpl - avatar:https://cdn.sunofbeaches.com/images/default_avatar.png 
2024-12-05 [http-nio-8090-exec-8] INFO com.lynnwork.sobblogsystem.service.impl.UserServiceImpl c.l.s.s.i.UserServiceImpl - sign:有志者，事竟成 
2024-12-05 [http-nio-8090-exec-9] INFO com.lynnwork.sobblogsystem.service.impl.UserServiceImpl c.l.s.s.i.UserServiceImpl - userFromToken:null 
2024-12-05 [http-nio-8090-exec-9] INFO com.lynnwork.sobblogsystem.service.impl.UserServiceImpl c.l.s.s.i.UserServiceImpl - refreshTokenFromDbByTokenKey:RefreshToken(id=1314349334250127360, refreshToken=eyJhbGciOiJIUzI1NiJ9.eyJqdGkiOiIxODYxNzQyMzAyMzY4NzQ3NTIxIiwiaWF0IjoxNzMzNDA2OTAwLCJleHAiOjE3MzM0MDk0OTJ9.8ToINCaCPlAZtM8YgSFpZbyqChUn_QKuHmoSJnL-bPc, userId=1861742302368747521, tokenKey=f5a58449ab9dd8a6943290445be3588a, createTime=Thu Dec 05 21:55:01 CST 2024, updateTime=Thu Dec 05 21:55:01 CST 2024) 
2024-12-05 [http-nio-8090-exec-9] INFO com.lynnwork.sobblogsystem.controller.TestController c.l.s.c.TestController - userName:kyle 
2024-12-05 [http-nio-8090-exec-9] INFO com.lynnwork.sobblogsystem.controller.TestController c.l.s.c.TestController - sign:有志者，事竟成 
2024-12-05 [http-nio-8090-exec-9] INFO com.lynnwork.sobblogsystem.controller.TestController c.l.s.c.TestController - avatar:https://cdn.sunofbeaches.com/images/default_avatar.png 
2024-12-05 [http-nio-8090-exec-10] INFO com.lynnwork.sobblogsystem.service.impl.UserServiceImpl c.l.s.s.i.UserServiceImpl - userFromToken:User(id=1861742302368747521, userName=kyle, password=null, role=role_admin, avatar=https://cdn.sunofbeaches.com/images/default_avatar.png, email=903586678@qq.com, sign=有志者，事竟成, state=1, regIp=null, logIp=null, createTime=null, updateTime=null) 
2024-12-05 [http-nio-8090-exec-10] INFO com.lynnwork.sobblogsystem.service.impl.UserServiceImpl c.l.s.s.i.UserServiceImpl - userName:lynn 
2024-12-05 [http-nio-8090-exec-10] INFO com.lynnwork.sobblogsystem.service.impl.UserServiceImpl c.l.s.s.i.UserServiceImpl - avatar:https://cdn.sunofbeaches.com/images/default_avatar.png 
2024-12-05 [http-nio-8090-exec-10] INFO com.lynnwork.sobblogsystem.service.impl.UserServiceImpl c.l.s.s.i.UserServiceImpl - sign:小小的我,有大大的梦想 
2024-12-05 [http-nio-8090-exec-1] INFO com.lynnwork.sobblogsystem.service.impl.UserServiceImpl c.l.s.s.i.UserServiceImpl - userFromToken:null 
2024-12-05 [http-nio-8090-exec-1] INFO com.lynnwork.sobblogsystem.service.impl.UserServiceImpl c.l.s.s.i.UserServiceImpl - refreshTokenFromDbByTokenKey:RefreshToken(id=1314349686726852608, refreshToken=eyJhbGciOiJIUzI1NiJ9.eyJqdGkiOiIxODYxNzQyMzAyMzY4NzQ3NTIxIiwiaWF0IjoxNzMzNDA2OTg0LCJleHAiOjE3MzM0MDk1NzZ9.Z9gryYuDxn4v6cfZFn4jlN9JlXH1ij0I9A_qVcr6VCY, userId=1861742302368747521, tokenKey=832f86b4e609ad79501fe68581eccb93, createTime=Thu Dec 05 21:56:25 CST 2024, updateTime=Thu Dec 05 21:56:25 CST 2024) 
2024-12-05 [http-nio-8090-exec-1] INFO com.lynnwork.sobblogsystem.controller.TestController c.l.s.c.TestController - userName:lynn 
2024-12-05 [http-nio-8090-exec-1] INFO com.lynnwork.sobblogsystem.controller.TestController c.l.s.c.TestController - sign:小小的我,有大大的梦想 
2024-12-05 [http-nio-8090-exec-1] INFO com.lynnwork.sobblogsystem.controller.TestController c.l.s.c.TestController - avatar:https://cdn.sunofbeaches.com/images/default_avatar.png 
2024-12-05 [restartedMain] INFO com.lynnwork.sobblogsystem.SobBlogSystemApplication o.s.b.StartupInfoLogger - Starting SobBlogSystemApplication using Java 1.8.0_301 on DESKTOP-BOJ5191 with PID 17604 (C:\Users\kyle\Desktop\阳光沙滩工具\SobBlogSystemBackend\target\classes started by kyle in C:\Users\kyle\Desktop\阳光沙滩工具\SobBlogSystemBackend) 
2024-12-05 [restartedMain] INFO com.lynnwork.sobblogsystem.SobBlogSystemApplication o.s.b.SpringApplication - No active profile set, falling back to 1 default profile: "default" 
2024-12-05 [restartedMain] INFO com.lynnwork.sobblogsystem.SobBlogSystemApplication o.s.b.StartupInfoLogger - Started SobBlogSystemApplication in 2.129 seconds (JVM running for 3986.979) 
2024-12-05 [restartedMain] INFO com.lynnwork.sobblogsystem.SobBlogSystemApplication o.s.b.StartupInfoLogger - Starting SobBlogSystemApplication using Java 1.8.0_301 on DESKTOP-BOJ5191 with PID 17604 (C:\Users\kyle\Desktop\阳光沙滩工具\SobBlogSystemBackend\target\classes started by kyle in C:\Users\kyle\Desktop\阳光沙滩工具\SobBlogSystemBackend) 
2024-12-05 [restartedMain] INFO com.lynnwork.sobblogsystem.SobBlogSystemApplication o.s.b.SpringApplication - No active profile set, falling back to 1 default profile: "default" 
2024-12-05 [restartedMain] INFO com.lynnwork.sobblogsystem.SobBlogSystemApplication o.s.b.StartupInfoLogger - Starting SobBlogSystemApplication using Java 1.8.0_301 on DESKTOP-BOJ5191 with PID 17604 (C:\Users\kyle\Desktop\阳光沙滩工具\SobBlogSystemBackend\target\classes started by kyle in C:\Users\kyle\Desktop\阳光沙滩工具\SobBlogSystemBackend) 
2024-12-05 [restartedMain] INFO com.lynnwork.sobblogsystem.SobBlogSystemApplication o.s.b.SpringApplication - No active profile set, falling back to 1 default profile: "default" 
2024-12-05 [restartedMain] INFO com.lynnwork.sobblogsystem.SobBlogSystemApplication o.s.b.StartupInfoLogger - Started SobBlogSystemApplication in 1.814 seconds (JVM running for 4497.696) 
2024-12-05 [restartedMain] INFO com.lynnwork.sobblogsystem.SobBlogSystemApplication o.s.b.StartupInfoLogger - Starting SobBlogSystemApplication using Java 1.8.0_301 on DESKTOP-BOJ5191 with PID 17604 (C:\Users\kyle\Desktop\阳光沙滩工具\SobBlogSystemBackend\target\classes started by kyle in C:\Users\kyle\Desktop\阳光沙滩工具\SobBlogSystemBackend) 
2024-12-05 [restartedMain] INFO com.lynnwork.sobblogsystem.SobBlogSystemApplication o.s.b.SpringApplication - No active profile set, falling back to 1 default profile: "default" 
2024-12-05 [restartedMain] INFO com.lynnwork.sobblogsystem.SobBlogSystemApplication o.s.b.StartupInfoLogger - Starting SobBlogSystemApplication using Java 1.8.0_301 on DESKTOP-BOJ5191 with PID 17604 (C:\Users\kyle\Desktop\阳光沙滩工具\SobBlogSystemBackend\target\classes started by kyle in C:\Users\kyle\Desktop\阳光沙滩工具\SobBlogSystemBackend) 
2024-12-05 [restartedMain] INFO com.lynnwork.sobblogsystem.SobBlogSystemApplication o.s.b.SpringApplication - No active profile set, falling back to 1 default profile: "default" 
2024-12-05 [restartedMain] INFO com.lynnwork.sobblogsystem.SobBlogSystemApplication o.s.b.StartupInfoLogger - Started SobBlogSystemApplication in 1.817 seconds (JVM running for 4599.636) 
2024-12-05 [restartedMain] INFO com.lynnwork.sobblogsystem.SobBlogSystemApplication o.s.b.StartupInfoLogger - Starting SobBlogSystemApplication using Java 1.8.0_301 on DESKTOP-BOJ5191 with PID 17604 (C:\Users\kyle\Desktop\阳光沙滩工具\SobBlogSystemBackend\target\classes started by kyle in C:\Users\kyle\Desktop\阳光沙滩工具\SobBlogSystemBackend) 
2024-12-05 [restartedMain] INFO com.lynnwork.sobblogsystem.SobBlogSystemApplication o.s.b.SpringApplication - No active profile set, falling back to 1 default profile: "default" 
2024-12-05 [restartedMain] INFO com.lynnwork.sobblogsystem.SobBlogSystemApplication o.s.b.StartupInfoLogger - Starting SobBlogSystemApplication using Java 1.8.0_301 on DESKTOP-BOJ5191 with PID 17604 (C:\Users\kyle\Desktop\阳光沙滩工具\SobBlogSystemBackend\target\classes started by kyle in C:\Users\kyle\Desktop\阳光沙滩工具\SobBlogSystemBackend) 
2024-12-05 [restartedMain] INFO com.lynnwork.sobblogsystem.SobBlogSystemApplication o.s.b.SpringApplication - No active profile set, falling back to 1 default profile: "default" 
2024-12-05 [restartedMain] INFO com.lynnwork.sobblogsystem.SobBlogSystemApplication o.s.b.StartupInfoLogger - Started SobBlogSystemApplication in 1.878 seconds (JVM running for 4653.418) 
2024-12-05 [restartedMain] INFO com.lynnwork.sobblogsystem.SobBlogSystemApplication o.s.b.StartupInfoLogger - Starting SobBlogSystemApplication using Java 1.8.0_301 on DESKTOP-BOJ5191 with PID 17604 (C:\Users\kyle\Desktop\阳光沙滩工具\SobBlogSystemBackend\target\classes started by kyle in C:\Users\kyle\Desktop\阳光沙滩工具\SobBlogSystemBackend) 
2024-12-05 [restartedMain] INFO com.lynnwork.sobblogsystem.SobBlogSystemApplication o.s.b.SpringApplication - No active profile set, falling back to 1 default profile: "default" 
