2024-11-18 [main] INFO com.lynnwork.sobblogsystem.SobBlogSystemApplicationTests o.s.b.StartupInfoLogger - Starting SobBlogSystemApplicationTests using Java 1.8.0_301 on DESKTOP-BOJ5191 with PID 4856 (started by kyle in C:\Users\kyle\Desktop\阳光沙滩工具\SobBlogSystemBackend) 
2024-11-18 [main] INFO com.lynnwork.sobblogsystem.SobBlogSystemApplicationTests o.s.b.SpringApplication - No active profile set, falling back to 1 default profile: "default" 
2024-11-18 [main] INFO com.lynnwork.sobblogsystem.SobBlogSystemApplicationTests o.s.b.StartupInfoLogger - Started SobBlogSystemApplicationTests in 7.655 seconds (JVM running for 9.183) 
2024-11-18 [main] INFO com.lynnwork.sobblogsystem.SobBlogSystemApplicationTests o.s.b.StartupInfoLogger - Starting SobBlogSystemApplicationTests using Java 1.8.0_301 on DESKTOP-BOJ5191 with PID 14704 (started by kyle in C:\Users\kyle\Desktop\阳光沙滩工具\SobBlogSystemBackend) 
2024-11-18 [main] INFO com.lynnwork.sobblogsystem.SobBlogSystemApplicationTests o.s.b.SpringApplication - No active profile set, falling back to 1 default profile: "default" 
2024-11-18 [main] INFO com.lynnwork.sobblogsystem.SobBlogSystemApplicationTests o.s.b.StartupInfoLogger - Started SobBlogSystemApplicationTests in 8.171 seconds (JVM running for 9.444) 
2024-11-18 [restartedMain] INFO com.lynnwork.sobblogsystem.SobBlogSystemApplication o.s.b.StartupInfoLogger - Starting SobBlogSystemApplication using Java 1.8.0_301 on DESKTOP-BOJ5191 with PID 2868 (C:\Users\kyle\Desktop\阳光沙滩工具\SobBlogSystemBackend\target\classes started by kyle in C:\Users\kyle\Desktop\阳光沙滩工具\SobBlogSystemBackend) 
2024-11-18 [restartedMain] INFO com.lynnwork.sobblogsystem.SobBlogSystemApplication o.s.b.SpringApplication - No active profile set, falling back to 1 default profile: "default" 
2024-11-18 [restartedMain] INFO com.lynnwork.sobblogsystem.SobBlogSystemApplication o.s.b.StartupInfoLogger - Started SobBlogSystemApplication in 4.465 seconds (JVM running for 5.937) 
2024-11-18 [restartedMain] INFO com.lynnwork.sobblogsystem.SobBlogSystemApplication o.s.b.StartupInfoLogger - Starting SobBlogSystemApplication using Java 1.8.0_301 on DESKTOP-BOJ5191 with PID 2868 (C:\Users\kyle\Desktop\阳光沙滩工具\SobBlogSystemBackend\target\classes started by kyle in C:\Users\kyle\Desktop\阳光沙滩工具\SobBlogSystemBackend) 
2024-11-18 [restartedMain] INFO com.lynnwork.sobblogsystem.SobBlogSystemApplication o.s.b.SpringApplication - No active profile set, falling back to 1 default profile: "default" 
2024-11-18 [restartedMain] INFO com.lynnwork.sobblogsystem.SobBlogSystemApplication o.s.b.StartupInfoLogger - Started SobBlogSystemApplication in 1.853 seconds (JVM running for 35.455) 
2024-11-18 [restartedMain] INFO com.lynnwork.sobblogsystem.SobBlogSystemApplication o.s.b.StartupInfoLogger - Starting SobBlogSystemApplication using Java 1.8.0_301 on DESKTOP-BOJ5191 with PID 2868 (C:\Users\kyle\Desktop\阳光沙滩工具\SobBlogSystemBackend\target\classes started by kyle in C:\Users\kyle\Desktop\阳光沙滩工具\SobBlogSystemBackend) 
2024-11-18 [restartedMain] INFO com.lynnwork.sobblogsystem.SobBlogSystemApplication o.s.b.SpringApplication - No active profile set, falling back to 1 default profile: "default" 
2024-11-18 [restartedMain] INFO com.lynnwork.sobblogsystem.SobBlogSystemApplication o.s.b.StartupInfoLogger - Started SobBlogSystemApplication in 1.419 seconds (JVM running for 38.905) 
2024-11-18 [restartedMain] INFO com.lynnwork.sobblogsystem.SobBlogSystemApplication o.s.b.StartupInfoLogger - Starting SobBlogSystemApplication using Java 1.8.0_301 on DESKTOP-BOJ5191 with PID 2868 (C:\Users\kyle\Desktop\阳光沙滩工具\SobBlogSystemBackend\target\classes started by kyle in C:\Users\kyle\Desktop\阳光沙滩工具\SobBlogSystemBackend) 
2024-11-18 [restartedMain] INFO com.lynnwork.sobblogsystem.SobBlogSystemApplication o.s.b.SpringApplication - No active profile set, falling back to 1 default profile: "default" 
2024-11-18 [restartedMain] INFO com.lynnwork.sobblogsystem.SobBlogSystemApplication o.s.b.StartupInfoLogger - Started SobBlogSystemApplication in 1.733 seconds (JVM running for 217.609) 
2024-11-18 [restartedMain] INFO com.lynnwork.sobblogsystem.SobBlogSystemApplication o.s.b.StartupInfoLogger - Starting SobBlogSystemApplication using Java 1.8.0_301 on DESKTOP-BOJ5191 with PID 2868 (C:\Users\kyle\Desktop\阳光沙滩工具\SobBlogSystemBackend\target\classes started by kyle in C:\Users\kyle\Desktop\阳光沙滩工具\SobBlogSystemBackend) 
2024-11-18 [restartedMain] INFO com.lynnwork.sobblogsystem.SobBlogSystemApplication o.s.b.SpringApplication - No active profile set, falling back to 1 default profile: "default" 
2024-11-18 [restartedMain] INFO com.lynnwork.sobblogsystem.SobBlogSystemApplication o.s.b.StartupInfoLogger - Started SobBlogSystemApplication in 1.392 seconds (JVM running for 221.049) 
2024-11-18 [restartedMain] INFO com.lynnwork.sobblogsystem.SobBlogSystemApplication o.s.b.StartupInfoLogger - Starting SobBlogSystemApplication using Java 1.8.0_301 on DESKTOP-BOJ5191 with PID 2868 (C:\Users\kyle\Desktop\阳光沙滩工具\SobBlogSystemBackend\target\classes started by kyle in C:\Users\kyle\Desktop\阳光沙滩工具\SobBlogSystemBackend) 
2024-11-18 [restartedMain] INFO com.lynnwork.sobblogsystem.SobBlogSystemApplication o.s.b.SpringApplication - No active profile set, falling back to 1 default profile: "default" 
2024-11-18 [restartedMain] INFO com.lynnwork.sobblogsystem.SobBlogSystemApplication o.s.b.StartupInfoLogger - Started SobBlogSystemApplication in 1.834 seconds (JVM running for 391.276) 
2024-11-18 [restartedMain] INFO com.lynnwork.sobblogsystem.SobBlogSystemApplication o.s.b.StartupInfoLogger - Starting SobBlogSystemApplication using Java 1.8.0_301 on DESKTOP-BOJ5191 with PID 2868 (C:\Users\kyle\Desktop\阳光沙滩工具\SobBlogSystemBackend\target\classes started by kyle in C:\Users\kyle\Desktop\阳光沙滩工具\SobBlogSystemBackend) 
2024-11-18 [restartedMain] INFO com.lynnwork.sobblogsystem.SobBlogSystemApplication o.s.b.SpringApplication - No active profile set, falling back to 1 default profile: "default" 
2024-11-18 [restartedMain] INFO com.lynnwork.sobblogsystem.SobBlogSystemApplication o.s.b.StartupInfoLogger - Started SobBlogSystemApplication in 1.471 seconds (JVM running for 394.93) 
2024-11-18 [restartedMain] INFO com.lynnwork.sobblogsystem.SobBlogSystemApplication o.s.b.StartupInfoLogger - Starting SobBlogSystemApplication using Java 1.8.0_301 on DESKTOP-BOJ5191 with PID 2868 (C:\Users\kyle\Desktop\阳光沙滩工具\SobBlogSystemBackend\target\classes started by kyle in C:\Users\kyle\Desktop\阳光沙滩工具\SobBlogSystemBackend) 
2024-11-18 [restartedMain] INFO com.lynnwork.sobblogsystem.SobBlogSystemApplication o.s.b.SpringApplication - No active profile set, falling back to 1 default profile: "default" 
2024-11-18 [restartedMain] INFO com.lynnwork.sobblogsystem.SobBlogSystemApplication o.s.b.StartupInfoLogger - Started SobBlogSystemApplication in 1.678 seconds (JVM running for 440.682) 
2024-11-18 [restartedMain] INFO com.lynnwork.sobblogsystem.SobBlogSystemApplication o.s.b.StartupInfoLogger - Starting SobBlogSystemApplication using Java 1.8.0_301 on DESKTOP-BOJ5191 with PID 2868 (C:\Users\kyle\Desktop\阳光沙滩工具\SobBlogSystemBackend\target\classes started by kyle in C:\Users\kyle\Desktop\阳光沙滩工具\SobBlogSystemBackend) 
2024-11-18 [restartedMain] INFO com.lynnwork.sobblogsystem.SobBlogSystemApplication o.s.b.SpringApplication - No active profile set, falling back to 1 default profile: "default" 
2024-11-18 [restartedMain] INFO com.lynnwork.sobblogsystem.SobBlogSystemApplication o.s.b.StartupInfoLogger - Started SobBlogSystemApplication in 1.355 seconds (JVM running for 444.094) 
2024-11-18 [restartedMain] INFO com.lynnwork.sobblogsystem.SobBlogSystemApplication o.s.b.StartupInfoLogger - Starting SobBlogSystemApplication using Java 1.8.0_301 on DESKTOP-BOJ5191 with PID 2868 (C:\Users\kyle\Desktop\阳光沙滩工具\SobBlogSystemBackend\target\classes started by kyle in C:\Users\kyle\Desktop\阳光沙滩工具\SobBlogSystemBackend) 
2024-11-18 [restartedMain] INFO com.lynnwork.sobblogsystem.SobBlogSystemApplication o.s.b.SpringApplication - No active profile set, falling back to 1 default profile: "default" 
2024-11-18 [restartedMain] INFO com.lynnwork.sobblogsystem.SobBlogSystemApplication o.s.b.StartupInfoLogger - Started SobBlogSystemApplication in 1.85 seconds (JVM running for 1273.401) 
2024-11-18 [restartedMain] INFO com.lynnwork.sobblogsystem.SobBlogSystemApplication o.s.b.StartupInfoLogger - Starting SobBlogSystemApplication using Java 1.8.0_301 on DESKTOP-BOJ5191 with PID 2868 (C:\Users\kyle\Desktop\阳光沙滩工具\SobBlogSystemBackend\target\classes started by kyle in C:\Users\kyle\Desktop\阳光沙滩工具\SobBlogSystemBackend) 
2024-11-18 [restartedMain] INFO com.lynnwork.sobblogsystem.SobBlogSystemApplication o.s.b.SpringApplication - No active profile set, falling back to 1 default profile: "default" 
2024-11-18 [restartedMain] INFO com.lynnwork.sobblogsystem.SobBlogSystemApplication o.s.b.StartupInfoLogger - Started SobBlogSystemApplication in 1.487 seconds (JVM running for 1693.676) 
2024-11-18 [restartedMain] INFO com.lynnwork.sobblogsystem.SobBlogSystemApplication o.s.b.StartupInfoLogger - Starting SobBlogSystemApplication using Java 1.8.0_301 on DESKTOP-BOJ5191 with PID 2868 (C:\Users\kyle\Desktop\阳光沙滩工具\SobBlogSystemBackend\target\classes started by kyle in C:\Users\kyle\Desktop\阳光沙滩工具\SobBlogSystemBackend) 
2024-11-18 [restartedMain] INFO com.lynnwork.sobblogsystem.SobBlogSystemApplication o.s.b.SpringApplication - No active profile set, falling back to 1 default profile: "default" 
2024-11-18 [restartedMain] INFO com.lynnwork.sobblogsystem.SobBlogSystemApplication o.s.b.StartupInfoLogger - Starting SobBlogSystemApplication using Java 1.8.0_301 on DESKTOP-BOJ5191 with PID 2868 (C:\Users\kyle\Desktop\阳光沙滩工具\SobBlogSystemBackend\target\classes started by kyle in C:\Users\kyle\Desktop\阳光沙滩工具\SobBlogSystemBackend) 
2024-11-18 [restartedMain] INFO com.lynnwork.sobblogsystem.SobBlogSystemApplication o.s.b.SpringApplication - No active profile set, falling back to 1 default profile: "default" 
2024-11-18 [restartedMain] INFO com.lynnwork.sobblogsystem.SobBlogSystemApplication o.s.b.StartupInfoLogger - Started SobBlogSystemApplication in 1.398 seconds (JVM running for 1706.37) 
2024-11-18 [restartedMain] INFO com.lynnwork.sobblogsystem.SobBlogSystemApplication o.s.b.StartupInfoLogger - Starting SobBlogSystemApplication using Java 1.8.0_301 on DESKTOP-BOJ5191 with PID 2868 (C:\Users\kyle\Desktop\阳光沙滩工具\SobBlogSystemBackend\target\classes started by kyle in C:\Users\kyle\Desktop\阳光沙滩工具\SobBlogSystemBackend) 
2024-11-18 [restartedMain] INFO com.lynnwork.sobblogsystem.SobBlogSystemApplication o.s.b.SpringApplication - No active profile set, falling back to 1 default profile: "default" 
2024-11-18 [restartedMain] INFO com.lynnwork.sobblogsystem.SobBlogSystemApplication o.s.b.StartupInfoLogger - Starting SobBlogSystemApplication using Java 1.8.0_301 on DESKTOP-BOJ5191 with PID 2868 (C:\Users\kyle\Desktop\阳光沙滩工具\SobBlogSystemBackend\target\classes started by kyle in C:\Users\kyle\Desktop\阳光沙滩工具\SobBlogSystemBackend) 
2024-11-18 [restartedMain] INFO com.lynnwork.sobblogsystem.SobBlogSystemApplication o.s.b.SpringApplication - No active profile set, falling back to 1 default profile: "default" 
2024-11-18 [restartedMain] INFO com.lynnwork.sobblogsystem.SobBlogSystemApplication o.s.b.StartupInfoLogger - Started SobBlogSystemApplication in 2.079 seconds (JVM running for 2073.742) 
2024-11-18 [restartedMain] INFO com.lynnwork.sobblogsystem.SobBlogSystemApplication o.s.b.StartupInfoLogger - Starting SobBlogSystemApplication using Java 1.8.0_301 on DESKTOP-BOJ5191 with PID 2868 (C:\Users\kyle\Desktop\阳光沙滩工具\SobBlogSystemBackend\target\classes started by kyle in C:\Users\kyle\Desktop\阳光沙滩工具\SobBlogSystemBackend) 
2024-11-18 [restartedMain] INFO com.lynnwork.sobblogsystem.SobBlogSystemApplication o.s.b.SpringApplication - No active profile set, falling back to 1 default profile: "default" 
2024-11-18 [restartedMain] INFO com.lynnwork.sobblogsystem.SobBlogSystemApplication o.s.b.StartupInfoLogger - Started SobBlogSystemApplication in 1.598 seconds (JVM running for 2078.274) 
2024-11-18 [restartedMain] INFO com.lynnwork.sobblogsystem.SobBlogSystemApplication o.s.b.StartupInfoLogger - Starting SobBlogSystemApplication using Java 1.8.0_301 on DESKTOP-BOJ5191 with PID 23508 (C:\Users\kyle\Desktop\阳光沙滩工具\SobBlogSystemBackend\target\classes started by kyle in C:\Users\kyle\Desktop\阳光沙滩工具\SobBlogSystemBackend) 
2024-11-18 [restartedMain] INFO com.lynnwork.sobblogsystem.SobBlogSystemApplication o.s.b.SpringApplication - No active profile set, falling back to 1 default profile: "default" 
2024-11-18 [restartedMain] INFO com.lynnwork.sobblogsystem.SobBlogSystemApplication o.s.b.StartupInfoLogger - Started SobBlogSystemApplication in 4.921 seconds (JVM running for 6.163) 
2024-11-18 [restartedMain] INFO com.lynnwork.sobblogsystem.SobBlogSystemApplication o.s.b.StartupInfoLogger - Starting SobBlogSystemApplication using Java 1.8.0_301 on DESKTOP-BOJ5191 with PID 23508 (C:\Users\kyle\Desktop\阳光沙滩工具\SobBlogSystemBackend\target\classes started by kyle in C:\Users\kyle\Desktop\阳光沙滩工具\SobBlogSystemBackend) 
2024-11-18 [restartedMain] INFO com.lynnwork.sobblogsystem.SobBlogSystemApplication o.s.b.SpringApplication - No active profile set, falling back to 1 default profile: "default" 
2024-11-18 [restartedMain] INFO com.lynnwork.sobblogsystem.SobBlogSystemApplication o.s.b.StartupInfoLogger - Started SobBlogSystemApplication in 1.661 seconds (JVM running for 54.839) 
2024-11-18 [restartedMain] INFO com.lynnwork.sobblogsystem.SobBlogSystemApplication o.s.b.StartupInfoLogger - Starting SobBlogSystemApplication using Java 1.8.0_301 on DESKTOP-BOJ5191 with PID 23508 (C:\Users\kyle\Desktop\阳光沙滩工具\SobBlogSystemBackend\target\classes started by kyle in C:\Users\kyle\Desktop\阳光沙滩工具\SobBlogSystemBackend) 
2024-11-18 [restartedMain] INFO com.lynnwork.sobblogsystem.SobBlogSystemApplication o.s.b.SpringApplication - No active profile set, falling back to 1 default profile: "default" 
2024-11-18 [restartedMain] INFO com.lynnwork.sobblogsystem.SobBlogSystemApplication o.s.b.StartupInfoLogger - Started SobBlogSystemApplication in 1.376 seconds (JVM running for 58.23) 
2024-11-18 [http-nio-8090-exec-4] INFO com.lynnwork.sobblogsystem.service.impl.UserServiceImpl c.l.s.s.i.UserServiceImpl - random:4 
2024-11-18 [http-nio-8090-exec-4] INFO com.lynnwork.sobblogsystem.service.impl.UserServiceImpl c.l.s.s.i.UserServiceImpl - content:cum9g 
2024-11-18 [restartedMain] INFO com.lynnwork.sobblogsystem.SobBlogSystemApplication o.s.b.StartupInfoLogger - Starting SobBlogSystemApplication using Java 1.8.0_301 on DESKTOP-BOJ5191 with PID 23508 (C:\Users\kyle\Desktop\阳光沙滩工具\SobBlogSystemBackend\target\classes started by kyle in C:\Users\kyle\Desktop\阳光沙滩工具\SobBlogSystemBackend) 
2024-11-18 [restartedMain] INFO com.lynnwork.sobblogsystem.SobBlogSystemApplication o.s.b.SpringApplication - No active profile set, falling back to 1 default profile: "default" 
2024-11-18 [restartedMain] INFO com.lynnwork.sobblogsystem.SobBlogSystemApplication o.s.b.StartupInfoLogger - Starting SobBlogSystemApplication using Java 1.8.0_301 on DESKTOP-BOJ5191 with PID 23508 (C:\Users\kyle\Desktop\阳光沙滩工具\SobBlogSystemBackend\target\classes started by kyle in C:\Users\kyle\Desktop\阳光沙滩工具\SobBlogSystemBackend) 
2024-11-18 [restartedMain] INFO com.lynnwork.sobblogsystem.SobBlogSystemApplication o.s.b.SpringApplication - No active profile set, falling back to 1 default profile: "default" 
2024-11-18 [restartedMain] INFO com.lynnwork.sobblogsystem.SobBlogSystemApplication o.s.b.StartupInfoLogger - Started SobBlogSystemApplication in 1.662 seconds (JVM running for 769.333) 
2024-11-18 [http-nio-8090-exec-1] INFO com.lynnwork.sobblogsystem.service.impl.UserServiceImpl c.l.s.s.i.UserServiceImpl - captchaType:1 
2024-11-18 [http-nio-8090-exec-1] INFO com.lynnwork.sobblogsystem.service.impl.UserServiceImpl c.l.s.s.i.UserServiceImpl - index:7 
2024-11-18 [http-nio-8090-exec-1] INFO com.lynnwork.sobblogsystem.service.impl.UserServiceImpl c.l.s.s.i.UserServiceImpl - content:sthj9 
2024-11-18 [restartedMain] INFO com.lynnwork.sobblogsystem.SobBlogSystemApplication o.s.b.StartupInfoLogger - Starting SobBlogSystemApplication using Java 1.8.0_301 on DESKTOP-BOJ5191 with PID 23508 (C:\Users\kyle\Desktop\阳光沙滩工具\SobBlogSystemBackend\target\classes started by kyle in C:\Users\kyle\Desktop\阳光沙滩工具\SobBlogSystemBackend) 
2024-11-18 [restartedMain] INFO com.lynnwork.sobblogsystem.SobBlogSystemApplication o.s.b.SpringApplication - No active profile set, falling back to 1 default profile: "default" 
2024-11-18 [restartedMain] INFO com.lynnwork.sobblogsystem.SobBlogSystemApplication o.s.b.StartupInfoLogger - Started SobBlogSystemApplication in 1.708 seconds (JVM running for 1050.497) 
2024-11-18 [restartedMain] INFO com.lynnwork.sobblogsystem.SobBlogSystemApplication o.s.b.StartupInfoLogger - Starting SobBlogSystemApplication using Java 1.8.0_301 on DESKTOP-BOJ5191 with PID 23508 (C:\Users\kyle\Desktop\阳光沙滩工具\SobBlogSystemBackend\target\classes started by kyle in C:\Users\kyle\Desktop\阳光沙滩工具\SobBlogSystemBackend) 
2024-11-18 [restartedMain] INFO com.lynnwork.sobblogsystem.SobBlogSystemApplication o.s.b.SpringApplication - No active profile set, falling back to 1 default profile: "default" 
2024-11-18 [restartedMain] INFO com.lynnwork.sobblogsystem.SobBlogSystemApplication o.s.b.StartupInfoLogger - Started SobBlogSystemApplication in 1.538 seconds (JVM running for 2080.951) 
2024-11-18 [restartedMain] INFO com.lynnwork.sobblogsystem.SobBlogSystemApplication o.s.b.StartupInfoLogger - Starting SobBlogSystemApplication using Java 1.8.0_301 on DESKTOP-BOJ5191 with PID 23508 (C:\Users\kyle\Desktop\阳光沙滩工具\SobBlogSystemBackend\target\classes started by kyle in C:\Users\kyle\Desktop\阳光沙滩工具\SobBlogSystemBackend) 
2024-11-18 [restartedMain] INFO com.lynnwork.sobblogsystem.SobBlogSystemApplication o.s.b.SpringApplication - No active profile set, falling back to 1 default profile: "default" 
2024-11-18 [restartedMain] INFO com.lynnwork.sobblogsystem.SobBlogSystemApplication o.s.b.StartupInfoLogger - Started SobBlogSystemApplication in 1.364 seconds (JVM running for 2865.657) 
2024-11-18 [restartedMain] INFO com.lynnwork.sobblogsystem.SobBlogSystemApplication o.s.b.StartupInfoLogger - Starting SobBlogSystemApplication using Java 1.8.0_301 on DESKTOP-BOJ5191 with PID 23508 (C:\Users\kyle\Desktop\阳光沙滩工具\SobBlogSystemBackend\target\classes started by kyle in C:\Users\kyle\Desktop\阳光沙滩工具\SobBlogSystemBackend) 
2024-11-18 [restartedMain] INFO com.lynnwork.sobblogsystem.SobBlogSystemApplication o.s.b.SpringApplication - No active profile set, falling back to 1 default profile: "default" 
2024-11-18 [restartedMain] INFO com.lynnwork.sobblogsystem.SobBlogSystemApplication o.s.b.StartupInfoLogger - Started SobBlogSystemApplication in 1.828 seconds (JVM running for 2932.958) 
2024-11-18 [restartedMain] INFO com.lynnwork.sobblogsystem.SobBlogSystemApplication o.s.b.StartupInfoLogger - Starting SobBlogSystemApplication using Java 1.8.0_301 on DESKTOP-BOJ5191 with PID 23508 (C:\Users\kyle\Desktop\阳光沙滩工具\SobBlogSystemBackend\target\classes started by kyle in C:\Users\kyle\Desktop\阳光沙滩工具\SobBlogSystemBackend) 
2024-11-18 [restartedMain] INFO com.lynnwork.sobblogsystem.SobBlogSystemApplication o.s.b.SpringApplication - No active profile set, falling back to 1 default profile: "default" 
2024-11-18 [restartedMain] INFO com.lynnwork.sobblogsystem.SobBlogSystemApplication o.s.b.StartupInfoLogger - Started SobBlogSystemApplication in 1.352 seconds (JVM running for 2936.428) 
2024-11-18 [restartedMain] INFO com.lynnwork.sobblogsystem.SobBlogSystemApplication o.s.b.StartupInfoLogger - Starting SobBlogSystemApplication using Java 1.8.0_301 on DESKTOP-BOJ5191 with PID 23508 (C:\Users\kyle\Desktop\阳光沙滩工具\SobBlogSystemBackend\target\classes started by kyle in C:\Users\kyle\Desktop\阳光沙滩工具\SobBlogSystemBackend) 
2024-11-18 [restartedMain] INFO com.lynnwork.sobblogsystem.SobBlogSystemApplication o.s.b.SpringApplication - No active profile set, falling back to 1 default profile: "default" 
2024-11-18 [restartedMain] INFO com.lynnwork.sobblogsystem.SobBlogSystemApplication o.s.b.StartupInfoLogger - Started SobBlogSystemApplication in 1.683 seconds (JVM running for 3034.085) 
2024-11-18 [restartedMain] INFO com.lynnwork.sobblogsystem.SobBlogSystemApplication o.s.b.StartupInfoLogger - Starting SobBlogSystemApplication using Java 1.8.0_301 on DESKTOP-BOJ5191 with PID 23508 (C:\Users\kyle\Desktop\阳光沙滩工具\SobBlogSystemBackend\target\classes started by kyle in C:\Users\kyle\Desktop\阳光沙滩工具\SobBlogSystemBackend) 
2024-11-18 [restartedMain] INFO com.lynnwork.sobblogsystem.SobBlogSystemApplication o.s.b.SpringApplication - No active profile set, falling back to 1 default profile: "default" 
2024-11-18 [restartedMain] INFO com.lynnwork.sobblogsystem.SobBlogSystemApplication o.s.b.StartupInfoLogger - Started SobBlogSystemApplication in 1.382 seconds (JVM running for 3037.477) 
2024-11-18 [restartedMain] INFO com.lynnwork.sobblogsystem.SobBlogSystemApplication o.s.b.StartupInfoLogger - Starting SobBlogSystemApplication using Java 1.8.0_301 on DESKTOP-BOJ5191 with PID 23508 (C:\Users\kyle\Desktop\阳光沙滩工具\SobBlogSystemBackend\target\classes started by kyle in C:\Users\kyle\Desktop\阳光沙滩工具\SobBlogSystemBackend) 
2024-11-18 [restartedMain] INFO com.lynnwork.sobblogsystem.SobBlogSystemApplication o.s.b.SpringApplication - No active profile set, falling back to 1 default profile: "default" 
2024-11-18 [restartedMain] INFO com.lynnwork.sobblogsystem.SobBlogSystemApplication o.s.b.StartupInfoLogger - Started SobBlogSystemApplication in 1.448 seconds (JVM running for 3104.306) 
2024-11-18 [restartedMain] INFO com.lynnwork.sobblogsystem.SobBlogSystemApplication o.s.b.StartupInfoLogger - Starting SobBlogSystemApplication using Java 1.8.0_301 on DESKTOP-BOJ5191 with PID 23508 (C:\Users\kyle\Desktop\阳光沙滩工具\SobBlogSystemBackend\target\classes started by kyle in C:\Users\kyle\Desktop\阳光沙滩工具\SobBlogSystemBackend) 
2024-11-18 [restartedMain] INFO com.lynnwork.sobblogsystem.SobBlogSystemApplication o.s.b.SpringApplication - No active profile set, falling back to 1 default profile: "default" 
2024-11-18 [restartedMain] INFO com.lynnwork.sobblogsystem.SobBlogSystemApplication o.s.b.StartupInfoLogger - Started SobBlogSystemApplication in 1.266 seconds (JVM running for 3108.087) 
2024-11-18 [restartedMain] INFO com.lynnwork.sobblogsystem.SobBlogSystemApplication o.s.b.StartupInfoLogger - Starting SobBlogSystemApplication using Java 1.8.0_301 on DESKTOP-BOJ5191 with PID 23508 (C:\Users\kyle\Desktop\阳光沙滩工具\SobBlogSystemBackend\target\classes started by kyle in C:\Users\kyle\Desktop\阳光沙滩工具\SobBlogSystemBackend) 
2024-11-18 [restartedMain] INFO com.lynnwork.sobblogsystem.SobBlogSystemApplication o.s.b.SpringApplication - No active profile set, falling back to 1 default profile: "default" 
2024-11-18 [restartedMain] INFO com.lynnwork.sobblogsystem.SobBlogSystemApplication o.s.b.StartupInfoLogger - Started SobBlogSystemApplication in 1.674 seconds (JVM running for 3121.078) 
2024-11-18 [restartedMain] INFO com.lynnwork.sobblogsystem.SobBlogSystemApplication o.s.b.StartupInfoLogger - Starting SobBlogSystemApplication using Java 1.8.0_301 on DESKTOP-BOJ5191 with PID 23508 (C:\Users\kyle\Desktop\阳光沙滩工具\SobBlogSystemBackend\target\classes started by kyle in C:\Users\kyle\Desktop\阳光沙滩工具\SobBlogSystemBackend) 
2024-11-18 [restartedMain] INFO com.lynnwork.sobblogsystem.SobBlogSystemApplication o.s.b.SpringApplication - No active profile set, falling back to 1 default profile: "default" 
2024-11-18 [restartedMain] INFO com.lynnwork.sobblogsystem.SobBlogSystemApplication o.s.b.StartupInfoLogger - Started SobBlogSystemApplication in 1.334 seconds (JVM running for 3124.468) 
2024-11-18 [restartedMain] INFO com.lynnwork.sobblogsystem.SobBlogSystemApplication o.s.b.StartupInfoLogger - Starting SobBlogSystemApplication using Java 1.8.0_301 on DESKTOP-BOJ5191 with PID 23508 (C:\Users\kyle\Desktop\阳光沙滩工具\SobBlogSystemBackend\target\classes started by kyle in C:\Users\kyle\Desktop\阳光沙滩工具\SobBlogSystemBackend) 
2024-11-18 [restartedMain] INFO com.lynnwork.sobblogsystem.SobBlogSystemApplication o.s.b.SpringApplication - No active profile set, falling back to 1 default profile: "default" 
2024-11-18 [restartedMain] INFO com.lynnwork.sobblogsystem.SobBlogSystemApplication o.s.b.StartupInfoLogger - Started SobBlogSystemApplication in 1.755 seconds (JVM running for 3378.65) 
2024-11-18 [restartedMain] INFO com.lynnwork.sobblogsystem.SobBlogSystemApplication o.s.b.StartupInfoLogger - Starting SobBlogSystemApplication using Java 1.8.0_301 on DESKTOP-BOJ5191 with PID 23508 (C:\Users\kyle\Desktop\阳光沙滩工具\SobBlogSystemBackend\target\classes started by kyle in C:\Users\kyle\Desktop\阳光沙滩工具\SobBlogSystemBackend) 
2024-11-18 [restartedMain] INFO com.lynnwork.sobblogsystem.SobBlogSystemApplication o.s.b.SpringApplication - No active profile set, falling back to 1 default profile: "default" 
2024-11-18 [restartedMain] INFO com.lynnwork.sobblogsystem.SobBlogSystemApplication o.s.b.StartupInfoLogger - Started SobBlogSystemApplication in 1.289 seconds (JVM running for 3456.625) 
2024-11-18 [restartedMain] INFO com.lynnwork.sobblogsystem.SobBlogSystemApplication o.s.b.StartupInfoLogger - Starting SobBlogSystemApplication using Java 1.8.0_301 on DESKTOP-BOJ5191 with PID 23508 (C:\Users\kyle\Desktop\阳光沙滩工具\SobBlogSystemBackend\target\classes started by kyle in C:\Users\kyle\Desktop\阳光沙滩工具\SobBlogSystemBackend) 
2024-11-18 [restartedMain] INFO com.lynnwork.sobblogsystem.SobBlogSystemApplication o.s.b.SpringApplication - No active profile set, falling back to 1 default profile: "default" 
2024-11-18 [restartedMain] INFO com.lynnwork.sobblogsystem.SobBlogSystemApplication o.s.b.StartupInfoLogger - Started SobBlogSystemApplication in 1.616 seconds (JVM running for 3591.036) 
2024-11-18 [restartedMain] INFO com.lynnwork.sobblogsystem.SobBlogSystemApplication o.s.b.StartupInfoLogger - Starting SobBlogSystemApplication using Java 1.8.0_301 on DESKTOP-BOJ5191 with PID 23508 (C:\Users\kyle\Desktop\阳光沙滩工具\SobBlogSystemBackend\target\classes started by kyle in C:\Users\kyle\Desktop\阳光沙滩工具\SobBlogSystemBackend) 
2024-11-18 [restartedMain] INFO com.lynnwork.sobblogsystem.SobBlogSystemApplication o.s.b.SpringApplication - No active profile set, falling back to 1 default profile: "default" 
2024-11-18 [restartedMain] INFO com.lynnwork.sobblogsystem.SobBlogSystemApplication o.s.b.StartupInfoLogger - Started SobBlogSystemApplication in 1.344 seconds (JVM running for 3594.421) 
2024-11-18 [restartedMain] INFO com.lynnwork.sobblogsystem.SobBlogSystemApplication o.s.b.StartupInfoLogger - Starting SobBlogSystemApplication using Java 1.8.0_301 on DESKTOP-BOJ5191 with PID 23508 (C:\Users\kyle\Desktop\阳光沙滩工具\SobBlogSystemBackend\target\classes started by kyle in C:\Users\kyle\Desktop\阳光沙滩工具\SobBlogSystemBackend) 
2024-11-18 [restartedMain] INFO com.lynnwork.sobblogsystem.SobBlogSystemApplication o.s.b.SpringApplication - No active profile set, falling back to 1 default profile: "default" 
2024-11-18 [restartedMain] INFO com.lynnwork.sobblogsystem.SobBlogSystemApplication o.s.b.StartupInfoLogger - Started SobBlogSystemApplication in 1.529 seconds (JVM running for 4609.322) 
2024-11-18 [restartedMain] INFO com.lynnwork.sobblogsystem.SobBlogSystemApplication o.s.b.StartupInfoLogger - Starting SobBlogSystemApplication using Java 1.8.0_301 on DESKTOP-BOJ5191 with PID 17156 (C:\Users\kyle\Desktop\阳光沙滩工具\SobBlogSystemBackend\target\classes started by kyle in C:\Users\kyle\Desktop\阳光沙滩工具\SobBlogSystemBackend) 
2024-11-18 [restartedMain] INFO com.lynnwork.sobblogsystem.SobBlogSystemApplication o.s.b.SpringApplication - No active profile set, falling back to 1 default profile: "default" 
2024-11-18 [restartedMain] INFO com.lynnwork.sobblogsystem.SobBlogSystemApplication o.s.b.StartupInfoLogger - Started SobBlogSystemApplication in 5.288 seconds (JVM running for 6.549) 
2024-11-18 [http-nio-8090-exec-1] INFO com.lynnwork.sobblogsystem.controller.user.UserController c.l.s.c.u.UserController - emailAddress:903586678@qq.com 
2024-11-18 [restartedMain] INFO com.lynnwork.sobblogsystem.SobBlogSystemApplication o.s.b.StartupInfoLogger - Starting SobBlogSystemApplication using Java 1.8.0_301 on DESKTOP-BOJ5191 with PID 22020 (C:\Users\kyle\Desktop\阳光沙滩工具\SobBlogSystemBackend\target\classes started by kyle in C:\Users\kyle\Desktop\阳光沙滩工具\SobBlogSystemBackend) 
2024-11-18 [restartedMain] INFO com.lynnwork.sobblogsystem.SobBlogSystemApplication o.s.b.SpringApplication - No active profile set, falling back to 1 default profile: "default" 
2024-11-18 [restartedMain] INFO com.lynnwork.sobblogsystem.SobBlogSystemApplication o.s.b.StartupInfoLogger - Started SobBlogSystemApplication in 4.529 seconds (JVM running for 5.708) 
2024-11-18 [http-nio-8090-exec-1] INFO com.lynnwork.sobblogsystem.controller.user.UserController c.l.s.c.u.UserController - emailAddress:903586678@qq.com 
2024-11-18 [sob_blog_task_worker-1] INFO com.lynnwork.sobblogsystem.service.impl.TaskService c.l.s.s.i.TaskService - 发送成功===》123456 
2024-11-18 [restartedMain] INFO com.lynnwork.sobblogsystem.SobBlogSystemApplication o.s.b.StartupInfoLogger - Starting SobBlogSystemApplication using Java 1.8.0_301 on DESKTOP-BOJ5191 with PID 22020 (C:\Users\kyle\Desktop\阳光沙滩工具\SobBlogSystemBackend\target\classes started by kyle in C:\Users\kyle\Desktop\阳光沙滩工具\SobBlogSystemBackend) 
2024-11-18 [restartedMain] INFO com.lynnwork.sobblogsystem.SobBlogSystemApplication o.s.b.SpringApplication - No active profile set, falling back to 1 default profile: "default" 
2024-11-18 [restartedMain] INFO com.lynnwork.sobblogsystem.SobBlogSystemApplication o.s.b.StartupInfoLogger - Starting SobBlogSystemApplication using Java 1.8.0_301 on DESKTOP-BOJ5191 with PID 22020 (C:\Users\kyle\Desktop\阳光沙滩工具\SobBlogSystemBackend\target\classes started by kyle in C:\Users\kyle\Desktop\阳光沙滩工具\SobBlogSystemBackend) 
2024-11-18 [restartedMain] INFO com.lynnwork.sobblogsystem.SobBlogSystemApplication o.s.b.SpringApplication - No active profile set, falling back to 1 default profile: "default" 
2024-11-18 [restartedMain] INFO com.lynnwork.sobblogsystem.SobBlogSystemApplication o.s.b.StartupInfoLogger - Started SobBlogSystemApplication in 2.093 seconds (JVM running for 520.427) 
2024-11-18 [restartedMain] INFO com.lynnwork.sobblogsystem.SobBlogSystemApplication o.s.b.StartupInfoLogger - Starting SobBlogSystemApplication using Java 1.8.0_301 on DESKTOP-BOJ5191 with PID 23312 (C:\Users\kyle\Desktop\阳光沙滩工具\SobBlogSystemBackend\target\classes started by kyle in C:\Users\kyle\Desktop\阳光沙滩工具\SobBlogSystemBackend) 
2024-11-18 [restartedMain] INFO com.lynnwork.sobblogsystem.SobBlogSystemApplication o.s.b.SpringApplication - No active profile set, falling back to 1 default profile: "default" 
2024-11-18 [restartedMain] INFO com.lynnwork.sobblogsystem.SobBlogSystemApplication o.s.b.StartupInfoLogger - Started SobBlogSystemApplication in 4.755 seconds (JVM running for 5.943) 
2024-11-18 [restartedMain] INFO com.lynnwork.sobblogsystem.SobBlogSystemApplication o.s.b.StartupInfoLogger - Starting SobBlogSystemApplication using Java 1.8.0_301 on DESKTOP-BOJ5191 with PID 23312 (C:\Users\kyle\Desktop\阳光沙滩工具\SobBlogSystemBackend\target\classes started by kyle in C:\Users\kyle\Desktop\阳光沙滩工具\SobBlogSystemBackend) 
2024-11-18 [restartedMain] INFO com.lynnwork.sobblogsystem.SobBlogSystemApplication o.s.b.SpringApplication - No active profile set, falling back to 1 default profile: "default" 
2024-11-18 [restartedMain] INFO com.lynnwork.sobblogsystem.SobBlogSystemApplication o.s.b.StartupInfoLogger - Started SobBlogSystemApplication in 1.932 seconds (JVM running for 5597.542) 
2024-11-18 [restartedMain] INFO com.lynnwork.sobblogsystem.SobBlogSystemApplication o.s.b.StartupInfoLogger - Starting SobBlogSystemApplication using Java 1.8.0_301 on DESKTOP-BOJ5191 with PID 23312 (C:\Users\kyle\Desktop\阳光沙滩工具\SobBlogSystemBackend\target\classes started by kyle in C:\Users\kyle\Desktop\阳光沙滩工具\SobBlogSystemBackend) 
2024-11-18 [restartedMain] INFO com.lynnwork.sobblogsystem.SobBlogSystemApplication o.s.b.SpringApplication - No active profile set, falling back to 1 default profile: "default" 
2024-11-18 [restartedMain] INFO com.lynnwork.sobblogsystem.SobBlogSystemApplication o.s.b.StartupInfoLogger - Started SobBlogSystemApplication in 1.705 seconds (JVM running for 5601.405) 
